[2026-01-08 11:06:12] INFO: Database security check: Password already configured or custom settings active.
[2026-01-08 11:11:18] INFO: application.properties not found in root, using defaults.
[2026-01-08 11:11:18] INFO: Database already secured or manual credentials required.
[2026-01-08 11:12:44] INFO: Manual/IDE Mode detected: Skipping automated password synchronization.
[2026-01-08 11:28:20] INFO: Manual/IDE Mode detected: Skipping automated password synchronization.
[2026-01-08 11:31:25] INFO: Manual/IDE Mode detected: Skipping automated password synchronization.
[2026-01-08 11:32:09] INFO: Manual/IDE Mode detected: Skipping automated password synchronization.
[2026-01-08 11:40:53] ERROR: Could not load application.properties. Using hardcoded defaults. | Exception: D:\projects\sahkarROSCA\application.properties (The system cannot find the file specified)
[2026-01-08 11:40:53] DEBUG: Stacktrace: java.base/java.io.FileInputStream.open0(Native Method)
[2026-01-08 11:40:53] INFO: Starting backup for database: society_db
[2026-01-08 11:40:53] ERROR: Backup service critical failure | Exception: Cannot run program "D:\projects\sahkarROSCA\mysql\bin\mysqldump.exe": CreateProcess error=2, The system cannot find the file specified
[2026-01-08 11:40:53] DEBUG: Stacktrace: java.base/java.lang.ProcessBuilder.start(ProcessBuilder.java:1143)
[2026-01-11 12:51:43] INFO: Manual/IDE Mode detected: Skipping automated password synchronization.
[2026-01-11 12:55:23] INFO: Manual/IDE Mode detected: Skipping automated password synchronization.
[2026-01-11 12:56:01] ERROR: Password check fail!! | Exception: Invalid Username or Password!
[2026-01-11 12:56:01] DEBUG: Stacktrace: com.badargadh.sahkar.service.UserService.authenticate(UserService.java:69)
[2026-01-11 12:57:02] INFO: Manual/IDE Mode detected: Skipping automated password synchronization.
[2026-01-11 13:03:44] INFO: Manual/IDE Mode detected: Skipping automated password synchronization.
[2026-01-11 13:05:16] INFO: Manual/IDE Mode detected: Skipping automated password synchronization.
[2026-01-11 13:06:40] ERROR: Could not load application.properties. Using hardcoded defaults. | Exception: D:\projects\sahkarROSCA\application.properties (The system cannot find the file specified)
[2026-01-11 13:06:40] DEBUG: Stacktrace: java.base/java.io.FileInputStream.open0(Native Method)
[2026-01-11 13:06:40] INFO: Starting backup for database: society_db
[2026-01-11 13:06:40] ERROR: Backup service critical failure | Exception: Cannot run program "D:\projects\sahkarROSCA\mysql\bin\mysqldump.exe": CreateProcess error=2, The system cannot find the file specified
[2026-01-11 13:06:40] DEBUG: Stacktrace: java.base/java.lang.ProcessBuilder.start(ProcessBuilder.java:1143)
[2026-01-11 13:06:43] INFO: Manual/IDE Mode detected: Skipping automated password synchronization.
[2026-01-11 13:07:10] INFO: Manual/IDE Mode detected: Skipping automated password synchronization.
[2026-01-11 13:07:44] INFO: Manual/IDE Mode detected: Skipping automated password synchronization.
[2026-01-11 13:08:13] INFO: Manual/IDE Mode detected: Skipping automated password synchronization.
[2026-01-11 13:08:32] ERROR: Could not load application.properties. Using hardcoded defaults. | Exception: D:\projects\sahkarROSCA\application.properties (The system cannot find the file specified)
[2026-01-11 13:08:32] DEBUG: Stacktrace: java.base/java.io.FileInputStream.open0(Native Method)
[2026-01-11 13:08:32] INFO: Starting backup for database: society_db
[2026-01-11 13:08:32] ERROR: Backup service critical failure | Exception: Cannot run program "D:\projects\sahkarROSCA\mysql\bin\mysqldump.exe": CreateProcess error=2, The system cannot find the file specified
[2026-01-11 13:08:32] DEBUG: Stacktrace: java.base/java.lang.ProcessBuilder.start(ProcessBuilder.java:1143)
[2026-01-11 13:08:42] INFO: Manual/IDE Mode detected: Skipping automated password synchronization.
[2026-01-11 13:09:17] INFO: Manual/IDE Mode detected: Skipping automated password synchronization.
[2026-01-11 13:11:54] INFO: Manual/IDE Mode detected: Skipping automated password synchronization.
[2026-01-11 13:13:13] INFO: Manual/IDE Mode detected: Skipping automated password synchronization.
[2026-01-11 13:14:50] INFO: Manual/IDE Mode detected: Skipping automated password synchronization.
[2026-01-11 13:17:32] INFO: Manual/IDE Mode detected: Skipping automated password synchronization.
[2026-01-11 13:17:47] ERROR: Could not load application.properties. Using hardcoded defaults. | Exception: D:\projects\sahkarROSCA\application.properties (The system cannot find the file specified)
[2026-01-11 13:17:47] DEBUG: Stacktrace: java.base/java.io.FileInputStream.open0(Native Method)
[2026-01-11 13:17:47] INFO: Starting backup for database: society_db
[2026-01-11 13:17:47] ERROR: Backup service critical failure | Exception: Cannot run program "D:\projects\sahkarROSCA\mysql\bin\mysqldump.exe": CreateProcess error=2, The system cannot find the file specified
[2026-01-11 13:17:47] DEBUG: Stacktrace: java.base/java.lang.ProcessBuilder.start(ProcessBuilder.java:1143)
[2026-01-11 13:17:59] INFO: Manual/IDE Mode detected: Skipping automated password synchronization.
[2026-01-11 13:18:49] ERROR: Could not load application.properties. Using hardcoded defaults. | Exception: D:\projects\sahkarROSCA\application.properties (The system cannot find the file specified)
[2026-01-11 13:18:49] DEBUG: Stacktrace: java.base/java.io.FileInputStream.open0(Native Method)
[2026-01-11 13:18:49] INFO: Starting backup for database: society_db
[2026-01-11 13:18:49] ERROR: Backup service critical failure | Exception: Cannot run program "D:\projects\sahkarROSCA\mysql\bin\mysqldump.exe": CreateProcess error=2, The system cannot find the file specified
[2026-01-11 13:18:49] DEBUG: Stacktrace: java.base/java.lang.ProcessBuilder.start(ProcessBuilder.java:1143)
[2026-01-11 13:46:34] INFO: Manual/IDE Mode detected: Skipping automated password synchronization.
[2026-01-11 13:46:52] ERROR: Could not load application.properties. Using hardcoded defaults. | Exception: D:\projects\sahkarROSCA\application.properties (The system cannot find the file specified)
[2026-01-11 13:46:52] DEBUG: Stacktrace: java.base/java.io.FileInputStream.open0(Native Method)
[2026-01-11 13:46:52] INFO: Starting backup for database: society_db
[2026-01-11 13:46:52] ERROR: Backup service critical failure | Exception: Cannot run program "D:\projects\sahkarROSCA\mysql\bin\mysqldump.exe": CreateProcess error=2, The system cannot find the file specified
[2026-01-11 13:46:52] DEBUG: Stacktrace: java.base/java.lang.ProcessBuilder.start(ProcessBuilder.java:1143)
[2026-01-11 13:47:35] INFO: Manual/IDE Mode detected: Skipping automated password synchronization.
[2026-01-11 13:47:59] ERROR: Could not load application.properties. Using hardcoded defaults. | Exception: D:\projects\sahkarROSCA\application.properties (The system cannot find the file specified)
[2026-01-11 13:47:59] DEBUG: Stacktrace: java.base/java.io.FileInputStream.open0(Native Method)
[2026-01-11 13:47:59] INFO: Starting backup for database: society_db
[2026-01-11 13:47:59] ERROR: Backup service critical failure | Exception: Cannot run program "D:\projects\sahkarROSCA\mysql\bin\mysqldump.exe": CreateProcess error=2, The system cannot find the file specified
[2026-01-11 13:47:59] DEBUG: Stacktrace: java.base/java.lang.ProcessBuilder.start(ProcessBuilder.java:1143)
[2026-01-11 13:50:13] INFO: Manual/IDE Mode detected: Skipping automated password synchronization.
[2026-01-11 13:50:48] INFO: Manual/IDE Mode detected: Skipping automated password synchronization.
[2026-01-11 13:51:06] ERROR: Could not load application.properties. Using hardcoded defaults. | Exception: D:\projects\sahkarROSCA\application.properties (The system cannot find the file specified)
[2026-01-11 13:51:07] DEBUG: Stacktrace: java.base/java.io.FileInputStream.open0(Native Method)
[2026-01-11 13:51:07] INFO: Starting backup for database: society_db
[2026-01-11 13:51:07] ERROR: Backup service critical failure | Exception: Cannot run program "D:\projects\sahkarROSCA\mysql\bin\mysqldump.exe": CreateProcess error=2, The system cannot find the file specified
[2026-01-11 13:51:07] DEBUG: Stacktrace: java.base/java.lang.ProcessBuilder.start(ProcessBuilder.java:1143)
[2026-01-11 13:53:10] INFO: Manual/IDE Mode detected: Skipping automated password synchronization.
[2026-01-11 13:54:08] ERROR: Could not load application.properties. Using hardcoded defaults. | Exception: D:\projects\sahkarROSCA\application.properties (The system cannot find the file specified)
[2026-01-11 13:54:08] DEBUG: Stacktrace: java.base/java.io.FileInputStream.open0(Native Method)
[2026-01-11 13:54:08] INFO: Starting backup for database: society_db
[2026-01-11 13:54:08] ERROR: Backup service critical failure | Exception: Cannot run program "D:\projects\sahkarROSCA\mysql\bin\mysqldump.exe": CreateProcess error=2, The system cannot find the file specified
[2026-01-11 13:54:08] DEBUG: Stacktrace: java.base/java.lang.ProcessBuilder.start(ProcessBuilder.java:1143)
[2026-01-11 13:54:14] INFO: Manual/IDE Mode detected: Skipping automated password synchronization.
[2026-01-11 13:55:27] ERROR: Could not load application.properties. Using hardcoded defaults. | Exception: D:\projects\sahkarROSCA\application.properties (The system cannot find the file specified)
[2026-01-11 13:55:27] DEBUG: Stacktrace: java.base/java.io.FileInputStream.open0(Native Method)
[2026-01-11 13:55:27] INFO: Starting backup for database: society_db
[2026-01-11 13:55:27] ERROR: Backup service critical failure | Exception: Cannot run program "D:\projects\sahkarROSCA\mysql\bin\mysqldump.exe": CreateProcess error=2, The system cannot find the file specified
[2026-01-11 13:55:27] DEBUG: Stacktrace: java.base/java.lang.ProcessBuilder.start(ProcessBuilder.java:1143)
[2026-01-08 13:55:48] INFO: Manual/IDE Mode detected: Skipping automated password synchronization.
[2026-01-08 13:56:22] ERROR: Could not load application.properties. Using hardcoded defaults. | Exception: D:\projects\sahkarROSCA\application.properties (The system cannot find the file specified)
[2026-01-08 13:56:22] DEBUG: Stacktrace: java.base/java.io.FileInputStream.open0(Native Method)
[2026-01-08 13:56:22] INFO: Starting backup for database: society_db
[2026-01-08 13:56:22] ERROR: Backup service critical failure | Exception: Cannot run program "D:\projects\sahkarROSCA\mysql\bin\mysqldump.exe": CreateProcess error=2, The system cannot find the file specified
[2026-01-08 13:56:22] DEBUG: Stacktrace: java.base/java.lang.ProcessBuilder.start(ProcessBuilder.java:1143)
[2026-01-08 13:59:53] INFO: Manual/IDE Mode detected: Skipping automated password synchronization.
[2026-01-08 14:05:53] INFO: Manual/IDE Mode detected: Skipping automated password synchronization.
[2026-01-08 14:06:19] ERROR: Login Failed! | Exception: Invalid Username or Password!
[2026-01-08 14:06:19] DEBUG: Stacktrace: com.badargadh.sahkar.service.UserService.authenticate(UserService.java:69)
[2026-01-08 14:06:21] ERROR: Login Failed! | Exception: Invalid Username or Password!
[2026-01-08 14:06:21] DEBUG: Stacktrace: com.badargadh.sahkar.service.UserService.authenticate(UserService.java:69)
[2026-01-08 14:06:27] ERROR: Could not load application.properties. Using hardcoded defaults. | Exception: D:\projects\sahkarROSCA\application.properties (The system cannot find the file specified)
[2026-01-08 14:06:27] DEBUG: Stacktrace: java.base/java.io.FileInputStream.open0(Native Method)
[2026-01-08 14:06:27] INFO: Starting backup for database: society_db
[2026-01-08 14:06:27] ERROR: Backup service critical failure | Exception: Cannot run program "D:\projects\sahkarROSCA\mysql\bin\mysqldump.exe": CreateProcess error=2, The system cannot find the file specified
[2026-01-08 14:06:27] DEBUG: Stacktrace: java.base/java.lang.ProcessBuilder.start(ProcessBuilder.java:1143)
[2026-01-08 14:23:34] INFO: Manual/IDE Mode detected: Skipping automated password synchronization.
[2026-01-08 14:24:38] INFO: Manual/IDE Mode detected: Skipping automated password synchronization.
[2026-01-08 14:24:52] ERROR: Could not load application.properties. Using hardcoded defaults. | Exception: D:\projects\sahkarROSCA\application.properties (The system cannot find the file specified)
[2026-01-08 14:24:52] DEBUG: Stacktrace: java.base/java.io.FileInputStream.open0(Native Method)
[2026-01-08 14:24:52] INFO: Starting backup for database: society_db
[2026-01-08 14:24:52] ERROR: Backup service critical failure | Exception: Cannot run program "D:\projects\sahkarROSCA\mysql\bin\mysqldump.exe": CreateProcess error=2, The system cannot find the file specified
[2026-01-08 14:24:52] DEBUG: Stacktrace: java.base/java.lang.ProcessBuilder.start(ProcessBuilder.java:1143)
[2026-01-08 14:25:05] INFO: Manual/IDE Mode detected: Skipping automated password synchronization.
[2026-01-08 14:25:24] ERROR: Could not load application.properties. Using hardcoded defaults. | Exception: D:\projects\sahkarROSCA\application.properties (The system cannot find the file specified)
[2026-01-08 14:25:24] DEBUG: Stacktrace: java.base/java.io.FileInputStream.open0(Native Method)
[2026-01-08 14:25:24] INFO: Starting backup for database: society_db
[2026-01-08 14:25:24] ERROR: Backup service critical failure | Exception: Cannot run program "D:\projects\sahkarROSCA\mysql\bin\mysqldump.exe": CreateProcess error=2, The system cannot find the file specified
[2026-01-08 14:25:24] DEBUG: Stacktrace: java.base/java.lang.ProcessBuilder.start(ProcessBuilder.java:1143)
[2026-01-08 14:26:21] INFO: Manual/IDE Mode detected: Skipping automated password synchronization.
[2026-01-08 14:26:34] ERROR: Could not load application.properties. Using hardcoded defaults. | Exception: D:\projects\sahkarROSCA\application.properties (The system cannot find the file specified)
[2026-01-08 14:26:34] DEBUG: Stacktrace: java.base/java.io.FileInputStream.open0(Native Method)
[2026-01-08 14:26:34] INFO: Starting backup for database: society_db
[2026-01-08 14:26:34] ERROR: Backup service critical failure | Exception: Cannot run program "D:\projects\sahkarROSCA\mysql\bin\mysqldump.exe": CreateProcess error=2, The system cannot find the file specified
[2026-01-08 14:26:34] DEBUG: Stacktrace: java.base/java.lang.ProcessBuilder.start(ProcessBuilder.java:1143)
[2026-01-08 14:27:06] INFO: Manual/IDE Mode detected: Skipping automated password synchronization.
[2026-01-08 14:27:24] ERROR: Could not load application.properties. Using hardcoded defaults. | Exception: D:\projects\sahkarROSCA\application.properties (The system cannot find the file specified)
[2026-01-08 14:27:24] DEBUG: Stacktrace: java.base/java.io.FileInputStream.open0(Native Method)
[2026-01-08 14:27:24] INFO: Starting backup for database: society_db
[2026-01-08 14:27:24] ERROR: Backup service critical failure | Exception: Cannot run program "D:\projects\sahkarROSCA\mysql\bin\mysqldump.exe": CreateProcess error=2, The system cannot find the file specified
[2026-01-08 14:27:24] DEBUG: Stacktrace: java.base/java.lang.ProcessBuilder.start(ProcessBuilder.java:1143)
[2026-01-08 14:34:17] INFO: Manual/IDE Mode detected: Skipping automated password synchronization.
[2026-01-08 14:34:37] ERROR: Could not load application.properties. Using hardcoded defaults. | Exception: D:\projects\sahkarROSCA\application.properties (The system cannot find the file specified)
[2026-01-08 14:34:37] DEBUG: Stacktrace: java.base/java.io.FileInputStream.open0(Native Method)
[2026-01-08 14:34:37] INFO: Starting backup for database: society_db
[2026-01-08 14:34:37] ERROR: Backup service critical failure | Exception: Cannot run program "D:\projects\sahkarROSCA\mysql\bin\mysqldump.exe": CreateProcess error=2, The system cannot find the file specified
[2026-01-08 14:34:37] DEBUG: Stacktrace: java.base/java.lang.ProcessBuilder.start(ProcessBuilder.java:1143)
[2026-01-08 14:36:37] INFO: Manual/IDE Mode detected: Skipping automated password synchronization.
[2026-01-08 14:37:26] INFO: Manual/IDE Mode detected: Skipping automated password synchronization.
[2026-01-08 14:37:51] ERROR: Could not load application.properties. Using hardcoded defaults. | Exception: D:\projects\sahkarROSCA\application.properties (The system cannot find the file specified)
[2026-01-08 14:37:51] DEBUG: Stacktrace: java.base/java.io.FileInputStream.open0(Native Method)
[2026-01-08 14:37:51] INFO: Starting backup for database: society_db
[2026-01-08 14:37:51] ERROR: Backup service critical failure | Exception: Cannot run program "D:\projects\sahkarROSCA\mysql\bin\mysqldump.exe": CreateProcess error=2, The system cannot find the file specified
[2026-01-08 14:37:51] DEBUG: Stacktrace: java.base/java.lang.ProcessBuilder.start(ProcessBuilder.java:1143)
[2026-01-08 14:40:11] INFO: Manual/IDE Mode detected: Skipping automated password synchronization.
[2026-01-08 14:40:47] ERROR: Could not load application.properties. Using hardcoded defaults. | Exception: D:\projects\sahkarROSCA\application.properties (The system cannot find the file specified)
[2026-01-08 14:40:47] DEBUG: Stacktrace: java.base/java.io.FileInputStream.open0(Native Method)
[2026-01-08 14:40:47] INFO: Starting backup for database: society_db
[2026-01-08 14:40:47] ERROR: Backup service critical failure | Exception: Cannot run program "D:\projects\sahkarROSCA\mysql\bin\mysqldump.exe": CreateProcess error=2, The system cannot find the file specified
[2026-01-08 14:40:47] DEBUG: Stacktrace: java.base/java.lang.ProcessBuilder.start(ProcessBuilder.java:1143)
[2026-01-08 14:42:32] INFO: Manual/IDE Mode detected: Skipping automated password synchronization.
[2026-01-08 14:43:43] ERROR: Could not load application.properties. Using hardcoded defaults. | Exception: D:\projects\sahkarROSCA\application.properties (The system cannot find the file specified)
[2026-01-08 14:43:43] DEBUG: Stacktrace: java.base/java.io.FileInputStream.open0(Native Method)
[2026-01-08 14:43:43] INFO: Starting backup for database: society_db
[2026-01-08 14:43:43] ERROR: Backup service critical failure | Exception: Cannot run program "D:\projects\sahkarROSCA\mysql\bin\mysqldump.exe": CreateProcess error=2, The system cannot find the file specified
[2026-01-08 14:43:43] DEBUG: Stacktrace: java.base/java.lang.ProcessBuilder.start(ProcessBuilder.java:1143)
[2026-01-08 17:53:17] INFO: Manual/IDE Mode detected: Skipping automated password synchronization.
[2026-01-08 17:54:44] INFO: Manual/IDE Mode detected: Skipping automated password synchronization.
[2026-01-08 17:55:55] INFO: Manual/IDE Mode detected: Skipping automated password synchronization.
[2026-01-08 17:57:03] INFO: Manual/IDE Mode detected: Skipping automated password synchronization.
[2026-01-08 18:08:40] INFO: Manual/IDE Mode detected: Skipping automated password synchronization.
[2026-01-08 18:12:34] INFO: Manual/IDE Mode detected: Skipping automated password synchronization.
[2026-01-08 18:13:53] INFO: Manual/IDE Mode detected: Skipping automated password synchronization.
[2026-01-08 18:17:56] INFO: Manual/IDE Mode detected: Skipping automated password synchronization.
[2026-01-08 18:42:45] INFO: Manual/IDE Mode detected: Skipping automated password synchronization.
[2026-01-08 18:47:03] INFO: Manual/IDE Mode detected: Skipping automated password synchronization.
[2026-01-08 18:48:39] INFO: Validating loan date. Current Max: 2025-12-11T13:30 | New App: 2026-01-08T18:48:33.719530200
[2026-01-08 18:54:08] INFO: Manual/IDE Mode detected: Skipping automated password synchronization.
[2026-01-08 18:54:40] INFO: Validating loan date. Current Max: 2025-12-11T13:30 | New App: 2026-01-08T18:54:34.508106200
[2026-01-08 18:56:11] INFO: Manual/IDE Mode detected: Skipping automated password synchronization.
[2026-01-08 18:56:34] INFO: Validating loan date. Current Max: 2025-12-11T13:30 | New App: 2026-01-08T18:56:30.257346700
[2026-01-08 18:56:42] INFO: Validating loan date. Current Max: 2025-12-11T13:30 | New App: 2026-01-08T18:56:30.257346700
[2026-01-08 19:03:00] INFO: Manual/IDE Mode detected: Skipping automated password synchronization.
[2026-01-08 19:09:04] ERROR: Could not load application.properties. Using hardcoded defaults. | Exception: D:\projects\sahkarROSCA\application.properties (The system cannot find the file specified)
[2026-01-08 19:09:04] DEBUG: Stacktrace: java.base/java.io.FileInputStream.open0(Native Method)
[2026-01-08 19:09:04] INFO: Starting backup for database: society_db
[2026-01-08 19:09:04] ERROR: Backup service critical failure | Exception: Cannot run program "D:\projects\sahkarROSCA\mysql\bin\mysqldump.exe": CreateProcess error=2, The system cannot find the file specified
[2026-01-08 19:09:04] DEBUG: Stacktrace: java.base/java.lang.ProcessBuilder.start(ProcessBuilder.java:1143)
[2026-01-08 20:31:06] INFO: Manual/IDE Mode detected: Skipping automated password synchronization.
[2026-01-09 01:17:07] INFO: Manual/IDE Mode detected: Skipping automated password synchronization.
[2026-01-09 01:18:14] INFO: Manual/IDE Mode detected: Skipping automated password synchronization.
[2026-01-09 01:20:45] INFO: Manual/IDE Mode detected: Skipping automated password synchronization.
[2026-01-09 01:21:58] INFO: Manual/IDE Mode detected: Skipping automated password synchronization.
[2026-01-09 01:22:33] ERROR: Could not load application.properties. Using hardcoded defaults. | Exception: D:\projects\sahkarROSCA\application.properties (The system cannot find the file specified)
[2026-01-09 01:22:33] DEBUG: Stacktrace: java.base/java.io.FileInputStream.open0(Native Method)
[2026-01-09 01:22:33] INFO: Starting backup for database: society_db
[2026-01-09 01:22:33] ERROR: Backup service critical failure | Exception: Cannot run program "D:\projects\sahkarROSCA\mysql\bin\mysqldump.exe": CreateProcess error=2, The system cannot find the file specified
[2026-01-09 01:22:33] DEBUG: Stacktrace: java.base/java.lang.ProcessBuilder.start(ProcessBuilder.java:1143)
[2026-01-09 01:25:54] INFO: Manual/IDE Mode detected: Skipping automated password synchronization.
[2026-01-09 01:26:31] ERROR: Could not load application.properties. Using hardcoded defaults. | Exception: D:\projects\sahkarROSCA\application.properties (The system cannot find the file specified)
[2026-01-09 01:26:31] DEBUG: Stacktrace: java.base/java.io.FileInputStream.open0(Native Method)
[2026-01-09 01:26:31] INFO: Starting backup for database: society_db
[2026-01-09 01:26:31] ERROR: Backup service critical failure | Exception: Cannot run program "D:\projects\sahkarROSCA\mysql\bin\mysqldump.exe": CreateProcess error=2, The system cannot find the file specified
[2026-01-09 01:26:31] DEBUG: Stacktrace: java.base/java.lang.ProcessBuilder.start(ProcessBuilder.java:1143)
[2026-01-09 01:27:36] INFO: Manual/IDE Mode detected: Skipping automated password synchronization.
[2026-01-09 01:29:09] INFO: Manual/IDE Mode detected: Skipping automated password synchronization.
[2026-01-09 01:30:27] ERROR: Could not load application.properties. Using hardcoded defaults. | Exception: D:\projects\sahkarROSCA\application.properties (The system cannot find the file specified)
[2026-01-09 01:30:27] DEBUG: Stacktrace: java.base/java.io.FileInputStream.open0(Native Method)
[2026-01-09 01:30:27] INFO: Starting backup for database: society_db
[2026-01-09 01:30:27] ERROR: Backup service critical failure | Exception: Cannot run program "D:\projects\sahkarROSCA\mysql\bin\mysqldump.exe": CreateProcess error=2, The system cannot find the file specified
[2026-01-09 01:30:27] DEBUG: Stacktrace: java.base/java.lang.ProcessBuilder.start(ProcessBuilder.java:1143)
[2026-01-09 07:37:34] INFO: Manual/IDE Mode detected: Skipping automated password synchronization.
[2026-01-09 07:51:43] INFO: Manual/IDE Mode detected: Skipping automated password synchronization.
[2026-01-09 07:59:40] INFO: Manual/IDE Mode detected: Skipping automated password synchronization.
[2026-01-09 08:00:40] INFO: Manual/IDE Mode detected: Skipping automated password synchronization.
[2026-01-09 08:15:37] INFO: Manual/IDE Mode detected: Skipping automated password synchronization.
[2026-01-09 08:19:35] INFO: Manual/IDE Mode detected: Skipping automated password synchronization.
[2026-01-09 08:23:53] ERROR: Login Failed! | Exception: Invalid Username or Password!
[2026-01-09 08:23:53] DEBUG: Stacktrace: com.badargadh.sahkar.service.UserService.authenticate(UserService.java:69)
[2026-01-09 08:26:45] INFO: Manual/IDE Mode detected: Skipping automated password synchronization.
[2026-01-09 08:32:05] INFO: Manual/IDE Mode detected: Skipping automated password synchronization.
[2026-01-09 08:35:36] INFO: Manual/IDE Mode detected: Skipping automated password synchronization.
[2026-01-09 08:36:57] INFO: Manual/IDE Mode detected: Skipping automated password synchronization.
[2026-01-09 08:38:01] INFO: Manual/IDE Mode detected: Skipping automated password synchronization.
[2026-01-09 08:38:24] ERROR: Could not load application.properties. Using hardcoded defaults. | Exception: D:\projects\sahkarROSCA\application.properties (The system cannot find the file specified)
[2026-01-09 08:38:24] DEBUG: Stacktrace: java.base/java.io.FileInputStream.open0(Native Method)
[2026-01-09 08:38:24] INFO: Starting backup for database: society_db
[2026-01-09 08:38:24] ERROR: Backup service critical failure | Exception: Cannot run program "D:\projects\sahkarROSCA\mysql\bin\mysqldump.exe": CreateProcess error=2, The system cannot find the file specified
[2026-01-09 08:38:24] DEBUG: Stacktrace: java.base/java.lang.ProcessBuilder.start(ProcessBuilder.java:1143)
[2026-01-09 08:38:29] INFO: Manual/IDE Mode detected: Skipping automated password synchronization.
[2026-01-09 08:40:54] INFO: Collection Module: Received SAVE Event
[2026-01-09 08:40:58] INFO: Collection Module: Received SAVE Event
[2026-01-09 08:41:00] INFO: Collection Module: Received SAVE Event
[2026-01-09 08:41:06] INFO: Collection Module: Received SAVE Event
[2026-01-09 08:41:09] INFO: Collection Module: Received SAVE Event
[2026-01-09 08:41:14] INFO: Collection Module: Received SAVE Event
[2026-01-09 08:41:23] INFO: Collection Module: Received SAVE Event
[2026-01-09 08:41:28] INFO: Collection Module: Received SAVE Event
[2026-01-09 08:41:44] INFO: Collection Module: Received SAVE Event
[2026-01-09 08:41:52] INFO: Collection Module: Received SAVE Event
[2026-01-09 08:42:13] INFO: Collection Module: Received SAVE Event
[2026-01-09 08:42:21] INFO: Collection Module: Received SAVE Event
[2026-01-09 08:42:25] INFO: Collection Module: Received SAVE Event
[2026-01-09 08:42:38] INFO: Collection Module: Received SAVE Event
[2026-01-09 08:42:41] INFO: Collection Module: Received SAVE Event
[2026-01-09 08:42:43] INFO: Collection Module: Received SAVE Event
[2026-01-09 08:49:05] INFO: Manual/IDE Mode detected: Skipping automated password synchronization.
[2026-01-09 08:55:58] INFO: Manual/IDE Mode detected: Skipping automated password synchronization.
[2026-01-09 08:57:31] INFO: Validating loan date. Current Max: 2026-01-09T08:38:57.846849 | New App: 2026-01-09T08:57:27.365075400
[2026-01-09 08:57:35] INFO: Validating loan date. Current Max: 2026-01-09T08:38:57.846849 | New App: 2026-01-09T08:57:27.365075400
[2026-01-09 08:57:46] INFO: Validating loan date. Current Max: 2026-01-09T08:57:27.365075 | New App: 2026-01-09T08:57:27.365075400
[2026-01-09 08:57:49] INFO: Validating loan date. Current Max: 2026-01-09T08:57:27.365075 | New App: 2026-01-09T08:57:27.365075400
[2026-01-09 08:57:55] INFO: Validating loan date. Current Max: 2026-01-09T08:57:27.365075 | New App: 2026-01-09T08:57:27.365075400
[2026-01-09 08:57:59] INFO: Validating loan date. Current Max: 2026-01-09T08:57:27.365075 | New App: 2026-01-09T08:57:27.365075400
[2026-01-09 08:58:02] INFO: Validating loan date. Current Max: 2026-01-09T08:57:27.365075 | New App: 2026-01-09T08:57:27.365075400
[2026-01-09 08:58:06] INFO: Validating loan date. Current Max: 2026-01-09T08:57:27.365075 | New App: 2026-01-09T08:57:27.365075400
[2026-01-09 08:58:19] INFO: Validating loan date. Current Max: 2026-01-09T08:57:27.365075 | New App: 2026-01-09T08:57:27.365075400
[2026-01-09 08:58:22] INFO: Validating loan date. Current Max: 2026-01-09T08:57:27.365075 | New App: 2026-01-09T08:57:27.365075400
[2026-01-09 08:58:25] INFO: Validating loan date. Current Max: 2026-01-09T08:57:27.365075 | New App: 2026-01-09T08:57:27.365075400
[2026-01-09 08:58:37] INFO: Validating loan date. Current Max: 2026-01-09T08:57:27.365075 | New App: 2026-01-09T08:57:27.365075400
[2026-01-09 08:58:39] INFO: Validating loan date. Current Max: 2026-01-09T08:57:27.365075 | New App: 2026-01-09T08:57:27.365075400
[2026-01-09 08:58:44] INFO: Validating loan date. Current Max: 2026-01-09T08:57:27.365075 | New App: 2026-01-09T08:57:27.365075400
[2026-01-09 08:58:56] INFO: Validating loan date. Current Max: 2026-01-09T08:57:27.365075 | New App: 2026-01-09T08:57:27.365075400
[2026-01-09 08:58:59] INFO: Validating loan date. Current Max: 2026-01-09T08:57:27.365075 | New App: 2026-01-09T08:57:27.365075400
[2026-01-09 08:59:02] INFO: Validating loan date. Current Max: 2026-01-09T08:57:27.365075 | New App: 2026-01-09T08:57:27.365075400
[2026-01-09 08:59:05] INFO: Validating loan date. Current Max: 2026-01-09T08:57:27.365075 | New App: 2026-01-09T08:57:27.365075400
[2026-01-09 08:59:09] INFO: Validating loan date. Current Max: 2026-01-09T08:57:27.365075 | New App: 2026-01-09T08:57:27.365075400
[2026-01-09 08:59:13] INFO: Validating loan date. Current Max: 2026-01-09T08:57:27.365075 | New App: 2026-01-09T08:57:27.365075400
[2026-01-09 08:59:24] INFO: Validating loan date. Current Max: 2026-01-09T08:57:27.365075 | New App: 2026-01-09T08:57:27.365075400
[2026-01-09 08:59:25] INFO: Validating loan date. Current Max: 2026-01-09T08:57:27.365075 | New App: 2026-01-09T08:57:27.365075400
[2026-01-09 08:59:35] INFO: Validating loan date. Current Max: 2026-01-09T08:57:27.365075 | New App: 2026-01-09T08:57:27.365075400
[2026-01-09 08:59:38] INFO: Validating loan date. Current Max: 2026-01-09T08:57:27.365075 | New App: 2026-01-09T08:57:27.365075400
[2026-01-09 09:02:19] ERROR: Could not load application.properties. Using hardcoded defaults. | Exception: D:\projects\sahkarROSCA\application.properties (The system cannot find the file specified)
[2026-01-09 09:02:19] DEBUG: Stacktrace: java.base/java.io.FileInputStream.open0(Native Method)
[2026-01-09 09:02:19] INFO: Starting backup for database: society_db
[2026-01-09 09:02:19] ERROR: Backup service critical failure | Exception: Cannot run program "D:\projects\sahkarROSCA\mysql\bin\mysqldump.exe": CreateProcess error=2, The system cannot find the file specified
[2026-01-09 09:02:19] DEBUG: Stacktrace: java.base/java.lang.ProcessBuilder.start(ProcessBuilder.java:1143)
[2026-01-09 09:02:27] INFO: Manual/IDE Mode detected: Skipping automated password synchronization.
[2026-01-09 09:15:38] INFO: Manual/IDE Mode detected: Skipping automated password synchronization.
[2026-01-09 09:19:34] INFO: Manual/IDE Mode detected: Skipping automated password synchronization.
[2026-01-09 09:29:43] INFO: Manual/IDE Mode detected: Skipping automated password synchronization.
[2026-01-09 09:29:48] ERROR: Could not load application.properties. Using hardcoded defaults. | Exception: D:\projects\sahkarROSCA\application.properties (The system cannot find the file specified)
[2026-01-09 09:29:48] DEBUG: Stacktrace: java.base/java.io.FileInputStream.open0(Native Method)
[2026-01-09 09:29:48] INFO: Starting backup for database: society_db
[2026-01-09 09:29:48] ERROR: Backup service critical failure | Exception: Cannot run program "D:\projects\sahkarROSCA\mysql\bin\mysqldump.exe": CreateProcess error=2, The system cannot find the file specified
[2026-01-09 09:29:48] DEBUG: Stacktrace: java.base/java.lang.ProcessBuilder.start(ProcessBuilder.java:1143)
[2026-01-09 09:29:54] INFO: Manual/IDE Mode detected: Skipping automated password synchronization.
[2026-01-09 09:32:43] ERROR: Could not load application.properties. Using hardcoded defaults. | Exception: D:\projects\sahkarROSCA\application.properties (The system cannot find the file specified)
[2026-01-09 09:32:43] DEBUG: Stacktrace: java.base/java.io.FileInputStream.open0(Native Method)
[2026-01-09 09:32:43] INFO: Starting backup for database: society_db
[2026-01-09 09:32:43] ERROR: Backup service critical failure | Exception: Cannot run program "D:\projects\sahkarROSCA\mysql\bin\mysqldump.exe": CreateProcess error=2, The system cannot find the file specified
[2026-01-09 09:32:43] DEBUG: Stacktrace: java.base/java.lang.ProcessBuilder.start(ProcessBuilder.java:1143)
[2026-01-09 09:45:16] INFO: Manual/IDE Mode detected: Skipping automated password synchronization.
[2026-01-09 09:49:39] INFO: Manual/IDE Mode detected: Skipping automated password synchronization.
[2026-01-09 09:56:41] INFO: Manual/IDE Mode detected: Skipping automated password synchronization.
[2026-01-09 09:59:31] INFO: Manual/IDE Mode detected: Skipping automated password synchronization.
[2026-01-09 10:01:05] INFO: Manual/IDE Mode detected: Skipping automated password synchronization.
[2026-01-09 10:13:31] INFO: Manual/IDE Mode detected: Skipping automated password synchronization.
[2026-01-09 10:13:47] ERROR: Could not load application.properties. Using hardcoded defaults. | Exception: D:\projects\sahkarROSCA\application.properties (The system cannot find the file specified)
[2026-01-09 10:13:47] DEBUG: Stacktrace: java.base/java.io.FileInputStream.open0(Native Method)
[2026-01-09 10:13:47] INFO: Starting backup for database: society_db
[2026-01-09 10:13:47] ERROR: Backup service critical failure | Exception: Cannot run program "D:\projects\sahkarROSCA\mysql\bin\mysqldump.exe": CreateProcess error=2, The system cannot find the file specified
[2026-01-09 10:13:47] DEBUG: Stacktrace: java.base/java.lang.ProcessBuilder.start(ProcessBuilder.java:1143)
[2026-01-09 10:14:57] INFO: Manual/IDE Mode detected: Skipping automated password synchronization.
[2026-01-09 10:16:25] INFO: Manual/IDE Mode detected: Skipping automated password synchronization.
[2026-01-09 10:19:32] INFO: Manual/IDE Mode detected: Skipping automated password synchronization.
[2026-01-09 10:22:44] INFO: Manual/IDE Mode detected: Skipping automated password synchronization.
[2026-01-09 10:23:20] ERROR: Could not load application.properties. Using hardcoded defaults. | Exception: D:\projects\sahkarROSCA\application.properties (The system cannot find the file specified)
[2026-01-09 10:23:20] DEBUG: Stacktrace: java.base/java.io.FileInputStream.open0(Native Method)
[2026-01-09 10:23:20] INFO: Starting backup for database: society_db
[2026-01-09 10:23:20] ERROR: Backup service critical failure | Exception: Cannot run program "D:\projects\sahkarROSCA\mysql\bin\mysqldump.exe": CreateProcess error=2, The system cannot find the file specified
[2026-01-09 10:23:20] DEBUG: Stacktrace: java.base/java.lang.ProcessBuilder.start(ProcessBuilder.java:1143)
[2026-01-09 10:34:43] ERROR: Could not load application.properties. Using hardcoded defaults. | Exception: D:\projects\sahkarROSCA\application.properties (The system cannot find the file specified)
[2026-01-09 10:34:43] DEBUG: Stacktrace: java.base/java.io.FileInputStream.open0(Native Method)
[2026-01-09 10:34:43] INFO: Starting backup for database: society_db
[2026-01-09 10:34:43] ERROR: Backup service critical failure | Exception: Cannot run program "D:\projects\sahkarROSCA\mysql\bin\mysqldump.exe": CreateProcess error=2, The system cannot find the file specified
[2026-01-09 10:34:43] DEBUG: Stacktrace: java.base/java.lang.ProcessBuilder.start(ProcessBuilder.java:1143)
[2026-01-09 10:34:49] INFO: Manual/IDE Mode detected: Skipping automated password synchronization.
[2026-01-09 10:40:20] INFO: Manual/IDE Mode detected: Skipping automated password synchronization.
[2026-01-09 10:47:49] INFO: Manual/IDE Mode detected: Skipping automated password synchronization.
[2026-01-09 10:49:51] INFO: Manual/IDE Mode detected: Skipping automated password synchronization.
[2026-01-09 10:51:13] INFO: Manual/IDE Mode detected: Skipping automated password synchronization.
[2026-01-09 10:53:13] INFO: Manual/IDE Mode detected: Skipping automated password synchronization.
[2026-01-09 10:54:32] INFO: Manual/IDE Mode detected: Skipping automated password synchronization.
[2026-01-09 10:54:53] ERROR: Login Failed! | Exception: Invalid Username or Password!
[2026-01-09 10:54:53] DEBUG: Stacktrace: com.badargadh.sahkar.service.UserService.authenticate(UserService.java:69)
[2026-01-09 11:00:30] INFO: Manual/IDE Mode detected: Skipping automated password synchronization.
[2026-01-09 11:03:14] INFO: Manual/IDE Mode detected: Skipping automated password synchronization.
[2026-01-09 11:15:23] INFO: Manual/IDE Mode detected: Skipping automated password synchronization.
[2026-01-09 11:19:49] INFO: Manual/IDE Mode detected: Skipping automated password synchronization.
[2026-01-09 11:20:50] INFO: Manual/IDE Mode detected: Skipping automated password synchronization.
[2026-01-09 11:22:37] INFO: Manual/IDE Mode detected: Skipping automated password synchronization.
[2026-01-09 11:23:52] INFO: Manual/IDE Mode detected: Skipping automated password synchronization.
[2026-01-09 11:25:20] INFO: Manual/IDE Mode detected: Skipping automated password synchronization.
[2026-01-09 11:30:25] INFO: Manual/IDE Mode detected: Skipping automated password synchronization.
[2026-01-09 11:31:30] INFO: Manual/IDE Mode detected: Skipping automated password synchronization.
[2026-01-09 11:35:31] ERROR: Could not load application.properties. Using hardcoded defaults. | Exception: D:\projects\sahkarROSCA\application.properties (The system cannot find the file specified)
[2026-01-09 11:35:31] DEBUG: Stacktrace: java.base/java.io.FileInputStream.open0(Native Method)
[2026-01-09 11:35:31] INFO: Starting backup for database: society_db
[2026-01-09 11:35:31] ERROR: Backup service critical failure | Exception: Cannot run program "D:\projects\sahkarROSCA\mysql\bin\mysqldump.exe": CreateProcess error=2, The system cannot find the file specified
[2026-01-09 11:35:31] DEBUG: Stacktrace: java.base/java.lang.ProcessBuilder.start(ProcessBuilder.java:1143)
[2026-01-09 11:41:39] INFO: Manual/IDE Mode detected: Skipping automated password synchronization.
[2026-01-09 11:45:44] INFO: Manual/IDE Mode detected: Skipping automated password synchronization.
[2026-01-09 11:49:33] INFO: Manual/IDE Mode detected: Skipping automated password synchronization.
[2026-01-09 11:51:11] INFO: Manual/IDE Mode detected: Skipping automated password synchronization.
[2026-01-09 11:55:25] INFO: Manual/IDE Mode detected: Skipping automated password synchronization.
[2026-01-09 11:55:40] INFO: Manual/IDE Mode detected: Skipping automated password synchronization.
[2026-01-09 11:57:59] INFO: Manual/IDE Mode detected: Skipping automated password synchronization.
[2026-01-09 11:58:25] ERROR: Could not load application.properties. Using hardcoded defaults. | Exception: D:\projects\sahkarROSCA\application.properties (The system cannot find the file specified)
[2026-01-09 11:58:25] DEBUG: Stacktrace: java.base/java.io.FileInputStream.open0(Native Method)
[2026-01-09 11:58:25] INFO: Starting backup for database: society_db
[2026-01-09 11:58:25] ERROR: Backup service critical failure | Exception: Cannot run program "D:\projects\sahkarROSCA\mysql\bin\mysqldump.exe": CreateProcess error=2, The system cannot find the file specified
[2026-01-09 11:58:25] DEBUG: Stacktrace: java.base/java.lang.ProcessBuilder.start(ProcessBuilder.java:1143)
[2026-01-09 11:58:29] INFO: Manual/IDE Mode detected: Skipping automated password synchronization.
[2026-01-09 12:05:22] INFO: Manual/IDE Mode detected: Skipping automated password synchronization.
[2026-01-09 12:22:19] INFO: Manual/IDE Mode detected: Skipping automated password synchronization.
[2026-01-09 12:22:48] INFO: Manual/IDE Mode detected: Skipping automated password synchronization.
[2026-01-09 12:26:16] INFO: Manual/IDE Mode detected: Skipping automated password synchronization.
[2026-01-09 12:26:34] ERROR: Login Failed! | Exception: Invalid Username or Password!
[2026-01-09 12:26:34] DEBUG: Stacktrace: com.badargadh.sahkar.service.UserService.authenticate(UserService.java:69)
[2026-01-09 14:19:03] ERROR: Could not load application.properties. Using hardcoded defaults. | Exception: D:\projects\sahkarROSCA\application.properties (The system cannot find the file specified)
[2026-01-09 14:19:03] DEBUG: Stacktrace: java.base/java.io.FileInputStream.open0(Native Method)
[2026-01-09 14:19:03] INFO: Starting backup for database: society_db
[2026-01-09 14:19:03] ERROR: Backup service critical failure | Exception: Cannot run program "D:\projects\sahkarROSCA\mysql\bin\mysqldump.exe": CreateProcess error=2, The system cannot find the file specified
[2026-01-09 14:19:03] DEBUG: Stacktrace: java.base/java.lang.ProcessBuilder.start(ProcessBuilder.java:1143)
[2026-01-09 14:23:26] INFO: Manual/IDE Mode detected: Skipping automated password synchronization.
[2026-01-09 14:29:34] INFO: Manual/IDE Mode detected: Skipping automated password synchronization.
[2026-01-09 14:32:03] INFO: Manual/IDE Mode detected: Skipping automated password synchronization.
[2026-01-09 14:34:52] INFO: Manual/IDE Mode detected: Skipping automated password synchronization.
[2026-01-09 14:48:56] INFO: Manual/IDE Mode detected: Skipping automated password synchronization.
[2026-01-09 14:51:35] ERROR: Could not load application.properties. Using hardcoded defaults. | Exception: D:\projects\sahkarROSCA\application.properties (The system cannot find the file specified)
[2026-01-09 14:51:35] DEBUG: Stacktrace: java.base/java.io.FileInputStream.open0(Native Method)
[2026-01-09 14:51:35] INFO: Starting backup for database: society_db
[2026-01-09 14:51:35] ERROR: Backup service critical failure | Exception: Cannot run program "D:\projects\sahkarROSCA\mysql\bin\mysqldump.exe": CreateProcess error=2, The system cannot find the file specified
[2026-01-09 14:51:35] DEBUG: Stacktrace: java.base/java.lang.ProcessBuilder.start(ProcessBuilder.java:1143)
[2026-01-09 14:54:51] INFO: Manual/IDE Mode detected: Skipping automated password synchronization.
[2026-01-09 14:55:37] ERROR: Could not load application.properties. Using hardcoded defaults. | Exception: D:\projects\sahkarROSCA\application.properties (The system cannot find the file specified)
[2026-01-09 14:55:37] DEBUG: Stacktrace: java.base/java.io.FileInputStream.open0(Native Method)
[2026-01-09 14:55:37] INFO: Starting backup for database: society_db
[2026-01-09 14:55:37] ERROR: Backup service critical failure | Exception: Cannot run program "D:\projects\sahkarROSCA\mysql\bin\mysqldump.exe": CreateProcess error=2, The system cannot find the file specified
[2026-01-09 14:55:37] DEBUG: Stacktrace: java.base/java.lang.ProcessBuilder.start(ProcessBuilder.java:1143)
[2026-01-09 14:59:21] INFO: Manual/IDE Mode detected: Skipping automated password synchronization.
[2026-01-09 15:09:10] INFO: Manual/IDE Mode detected: Skipping automated password synchronization.
[2026-01-09 15:10:36] ERROR: Could not load application.properties. Using hardcoded defaults. | Exception: D:\projects\sahkarROSCA\application.properties (The system cannot find the file specified)
[2026-01-09 15:10:36] DEBUG: Stacktrace: java.base/java.io.FileInputStream.open0(Native Method)
[2026-01-09 15:10:36] INFO: Starting backup for database: society_db
[2026-01-09 15:10:36] ERROR: Backup service critical failure | Exception: Cannot run program "D:\projects\sahkarROSCA\mysql\bin\mysqldump.exe": CreateProcess error=2, The system cannot find the file specified
[2026-01-09 15:10:36] DEBUG: Stacktrace: java.base/java.lang.ProcessBuilder.start(ProcessBuilder.java:1143)
[2026-01-10 00:49:29] INFO: Manual/IDE Mode detected: Skipping automated password synchronization.
[2026-01-10 00:50:15] INFO: Collection Module: Received SAVE Event
[2026-01-10 00:51:36] INFO: Manual/IDE Mode detected: Skipping automated password synchronization.
[2026-01-10 00:52:02] INFO: Collection Module: Received SAVE Event
[2026-01-10 00:52:06] INFO: Collection Module: Received SAVE Event
[2026-01-10 00:52:13] INFO: Collection Module: Received SAVE Event
[2026-01-10 00:52:18] INFO: Collection Module: Received SAVE Event
[2026-01-10 00:54:00] INFO: Manual/IDE Mode detected: Skipping automated password synchronization.
[2026-01-10 00:54:21] INFO: Collection Module: Received SAVE Event
[2026-01-10 00:54:24] INFO: Collection Module: Received SAVE Event
[2026-01-10 00:54:26] INFO: Collection Module: Received SAVE Event
[2026-01-10 00:56:12] INFO: Manual/IDE Mode detected: Skipping automated password synchronization.
[2026-01-10 00:56:48] INFO: Collection Module: Received SAVE Event
[2026-01-10 00:59:16] INFO: Manual/IDE Mode detected: Skipping automated password synchronization.
[2026-01-10 00:59:40] INFO: Collection Module: Received SAVE Event
[2026-01-10 01:03:04] INFO: Manual/IDE Mode detected: Skipping automated password synchronization.
[2026-01-10 01:03:26] INFO: Collection Module: Received SAVE Event
[2026-01-10 01:03:28] INFO: Collection Module: Received SAVE Event
[2026-01-10 01:03:29] INFO: Collection Module: Received SAVE Event
[2026-01-10 01:06:26] INFO: Manual/IDE Mode detected: Skipping automated password synchronization.
[2026-01-10 01:06:50] INFO: Collection Module: Received SAVE Event
[2026-01-10 01:06:52] INFO: Collection Module: Received SAVE Event
[2026-01-10 01:07:53] INFO: Manual/IDE Mode detected: Skipping automated password synchronization.
[2026-01-10 01:08:14] INFO: Collection Module: Received SAVE Event
[2026-01-10 01:08:23] INFO: Collection Module: Received SAVE Event
[2026-01-10 01:08:26] INFO: Collection Module: Received SAVE Event
[2026-01-10 01:09:08] ERROR: Could not load application.properties. Using hardcoded defaults. | Exception: D:\projects\sahkarROSCA\application.properties (The system cannot find the file specified)
[2026-01-10 01:09:08] DEBUG: Stacktrace: java.base/java.io.FileInputStream.open0(Native Method)
[2026-01-10 01:09:08] INFO: Starting backup for database: society_db
[2026-01-10 01:09:08] ERROR: Backup service critical failure | Exception: Cannot run program "D:\projects\sahkarROSCA\mysql\bin\mysqldump.exe": CreateProcess error=2, The system cannot find the file specified
[2026-01-10 01:09:08] DEBUG: Stacktrace: java.base/java.lang.ProcessBuilder.start(ProcessBuilder.java:1143)
[2026-01-10 01:09:10] ERROR: Could not load application.properties. Using hardcoded defaults. | Exception: D:\projects\sahkarROSCA\application.properties (The system cannot find the file specified)
[2026-01-10 01:09:10] DEBUG: Stacktrace: java.base/java.io.FileInputStream.open0(Native Method)
[2026-01-10 01:09:10] INFO: Starting backup for database: society_db
[2026-01-10 01:09:10] ERROR: Backup service critical failure | Exception: Cannot run program "D:\projects\sahkarROSCA\mysql\bin\mysqldump.exe": CreateProcess error=2, The system cannot find the file specified
[2026-01-10 01:09:10] DEBUG: Stacktrace: java.base/java.lang.ProcessBuilder.start(ProcessBuilder.java:1143)
[2026-01-10 01:09:40] INFO: Manual/IDE Mode detected: Skipping automated password synchronization.
[2026-01-10 01:09:57] ERROR: Login Failed! | Exception: Invalid Username or Password!
[2026-01-10 01:09:57] DEBUG: Stacktrace: com.badargadh.sahkar.service.UserService.authenticate(UserService.java:69)
[2026-01-10 01:10:21] ERROR: Could not load application.properties. Using hardcoded defaults. | Exception: D:\projects\sahkarROSCA\application.properties (The system cannot find the file specified)
[2026-01-10 01:10:21] DEBUG: Stacktrace: java.base/java.io.FileInputStream.open0(Native Method)
[2026-01-10 01:10:21] INFO: Starting backup for database: society_db
[2026-01-10 01:10:21] ERROR: Backup service critical failure | Exception: Cannot run program "D:\projects\sahkarROSCA\mysql\bin\mysqldump.exe": CreateProcess error=2, The system cannot find the file specified
[2026-01-10 01:10:21] DEBUG: Stacktrace: java.base/java.lang.ProcessBuilder.start(ProcessBuilder.java:1143)
[2026-01-10 09:43:57] INFO: Manual/IDE Mode detected: Skipping automated password synchronization.
[2026-01-10 09:50:46] INFO: Collection Module: Received SAVE Event
[2026-01-10 09:50:46] INFO: Collection Module: Received SAVE Event
[2026-01-10 09:50:46] INFO: Collection Module: Received SAVE Event
[2026-01-10 09:50:46] INFO: Collection Module: Received SAVE Event
[2026-01-10 09:50:54] INFO: Collection Module: Received SAVE Event
[2026-01-10 09:50:54] INFO: Collection Module: Received SAVE Event
[2026-01-10 09:50:54] INFO: Collection Module: Received SAVE Event
[2026-01-10 09:50:54] INFO: Collection Module: Received SAVE Event
[2026-01-10 09:52:22] INFO: Collection Module: Received SAVE Event
[2026-01-10 09:52:22] INFO: Collection Module: Received SAVE Event
[2026-01-10 09:52:22] INFO: Collection Module: Received SAVE Event
[2026-01-10 09:52:22] INFO: Collection Module: Received SAVE Event
[2026-01-10 09:52:53] INFO: Collection Module: Received SAVE Event
[2026-01-10 09:52:53] INFO: Collection Module: Received SAVE Event
[2026-01-10 09:52:53] INFO: Collection Module: Received SAVE Event
[2026-01-10 09:52:53] INFO: Collection Module: Received SAVE Event
[2026-01-10 09:52:59] INFO: Collection Module: Received SAVE Event
[2026-01-10 09:52:59] INFO: Collection Module: Received SAVE Event
[2026-01-10 09:52:59] INFO: Collection Module: Received SAVE Event
[2026-01-10 09:52:59] INFO: Collection Module: Received SAVE Event
[2026-01-10 09:53:05] INFO: Collection Module: Received SAVE Event
[2026-01-10 09:53:05] INFO: Collection Module: Received SAVE Event
[2026-01-10 09:53:05] INFO: Collection Module: Received SAVE Event
[2026-01-10 09:53:05] INFO: Collection Module: Received SAVE Event
[2026-01-10 09:53:10] INFO: Collection Module: Received SAVE Event
[2026-01-10 09:53:10] INFO: Collection Module: Received SAVE Event
[2026-01-10 09:53:10] INFO: Collection Module: Received SAVE Event
[2026-01-10 09:53:10] INFO: Collection Module: Received SAVE Event
[2026-01-10 09:53:22] INFO: Collection Module: Received SAVE Event
[2026-01-10 09:53:22] INFO: Collection Module: Received SAVE Event
[2026-01-10 09:53:22] INFO: Collection Module: Received SAVE Event
[2026-01-10 09:53:22] INFO: Collection Module: Received SAVE Event
[2026-01-10 09:53:27] INFO: Collection Module: Received SAVE Event
[2026-01-10 09:53:27] INFO: Collection Module: Received SAVE Event
[2026-01-10 09:53:27] INFO: Collection Module: Received SAVE Event
[2026-01-10 09:53:27] INFO: Collection Module: Received SAVE Event
[2026-01-10 09:54:26] INFO: Collection Module: Received SAVE Event
[2026-01-10 09:54:26] INFO: Collection Module: Received SAVE Event
[2026-01-10 09:54:26] INFO: Collection Module: Received SAVE Event
[2026-01-10 09:54:26] INFO: Collection Module: Received SAVE Event
[2026-01-10 09:55:05] INFO: Collection Module: Received SAVE Event
[2026-01-10 09:55:05] INFO: Collection Module: Received SAVE Event
[2026-01-10 09:55:05] INFO: Collection Module: Received SAVE Event
[2026-01-10 09:55:05] INFO: Collection Module: Received SAVE Event
[2026-01-10 09:55:59] INFO: Collection Module: Received SAVE Event
[2026-01-10 09:55:59] INFO: Collection Module: Received SAVE Event
[2026-01-10 09:55:59] INFO: Collection Module: Received SAVE Event
[2026-01-10 09:55:59] INFO: Collection Module: Received SAVE Event
[2026-01-10 09:56:44] INFO: Manual/IDE Mode detected: Skipping automated password synchronization.
[2026-01-10 09:57:12] INFO: Collection Module: Received SAVE Event
[2026-01-10 09:57:23] INFO: Collection Module: Received SAVE Event
[2026-01-10 09:58:01] INFO: Collection Module: Received SAVE Event
[2026-01-10 09:58:05] INFO: Collection Module: Received SAVE Event
[2026-01-10 09:58:10] INFO: Collection Module: Received SAVE Event
[2026-01-10 10:01:40] INFO: Collection Module: Received SAVE Event
[2026-01-10 10:01:44] INFO: Collection Module: Received SAVE Event
[2026-01-10 10:01:47] INFO: Collection Module: Received SAVE Event
[2026-01-10 10:01:50] INFO: Collection Module: Received SAVE Event
[2026-01-10 10:01:55] INFO: Collection Module: Received SAVE Event
[2026-01-10 10:01:58] INFO: Collection Module: Received SAVE Event
[2026-01-10 10:02:02] INFO: Collection Module: Received SAVE Event
[2026-01-10 10:02:05] INFO: Collection Module: Received SAVE Event
[2026-01-10 10:02:10] INFO: Collection Module: Received SAVE Event
[2026-01-10 10:02:14] INFO: Collection Module: Received SAVE Event
[2026-01-10 10:02:18] INFO: Collection Module: Received SAVE Event
[2026-01-10 10:02:24] INFO: Collection Module: Received SAVE Event
[2026-01-10 10:02:29] INFO: Collection Module: Received SAVE Event
[2026-01-10 10:02:37] INFO: Collection Module: Received SAVE Event
[2026-01-10 10:14:05] INFO: Manual/IDE Mode detected: Skipping automated password synchronization.
[2026-01-10 10:14:36] INFO: Collection Module: Received SAVE Event
[2026-01-10 10:14:41] INFO: Collection Module: Received SAVE Event
[2026-01-10 10:14:46] INFO: Collection Module: Received SAVE Event
[2026-01-10 10:15:02] INFO: Collection Module: Received SAVE Event
[2026-01-10 10:16:21] INFO: Collection Module: Received SAVE Event
[2026-01-10 10:16:21] INFO: Collection Module: Received SAVE Event
[2026-01-10 10:16:26] ERROR: Could not load application.properties. Using hardcoded defaults. | Exception: D:\projects\sahkarROSCA\application.properties (The system cannot find the file specified)
[2026-01-10 10:16:26] DEBUG: Stacktrace: java.base/java.io.FileInputStream.open0(Native Method)
[2026-01-10 10:16:26] INFO: Starting backup for database: society_db
[2026-01-10 10:16:26] ERROR: Backup service critical failure | Exception: Cannot run program "D:\projects\sahkarROSCA\mysql\bin\mysqldump.exe": CreateProcess error=2, The system cannot find the file specified
[2026-01-10 10:16:26] DEBUG: Stacktrace: java.base/java.lang.ProcessBuilder.start(ProcessBuilder.java:1143)
[2026-01-10 10:16:32] INFO: Manual/IDE Mode detected: Skipping automated password synchronization.
[2026-01-10 10:16:52] INFO: Collection Module: Received SAVE Event
[2026-01-10 10:16:56] INFO: Collection Module: Received SAVE Event
[2026-01-10 10:16:59] INFO: Collection Module: Received SAVE Event
[2026-01-10 10:17:31] INFO: Collection Module: Received SAVE Event
[2026-01-10 10:17:40] INFO: Collection Module: Received SAVE Event
[2026-01-10 10:17:43] INFO: Collection Module: Received SAVE Event
[2026-01-10 10:17:45] INFO: Collection Module: Received SAVE Event
[2026-01-10 10:17:48] INFO: Collection Module: Received SAVE Event
[2026-01-10 10:17:51] INFO: Collection Module: Received SAVE Event
[2026-01-10 10:18:33] INFO: Collection Module: Received SAVE Event
[2026-01-10 10:18:36] INFO: Collection Module: Received SAVE Event
[2026-01-10 10:19:05] INFO: Collection Module: Received SAVE Event
[2026-01-10 10:19:13] INFO: Collection Module: Received SAVE Event
[2026-01-10 10:20:13] ERROR: Could not load application.properties. Using hardcoded defaults. | Exception: D:\projects\sahkarROSCA\application.properties (The system cannot find the file specified)
[2026-01-10 10:20:13] DEBUG: Stacktrace: java.base/java.io.FileInputStream.open0(Native Method)
[2026-01-10 10:20:13] INFO: Starting backup for database: society_db
[2026-01-10 10:20:13] ERROR: Backup service critical failure | Exception: Cannot run program "D:\projects\sahkarROSCA\mysql\bin\mysqldump.exe": CreateProcess error=2, The system cannot find the file specified
[2026-01-10 10:20:13] DEBUG: Stacktrace: java.base/java.lang.ProcessBuilder.start(ProcessBuilder.java:1143)
[2026-01-10 10:20:16] INFO: Manual/IDE Mode detected: Skipping automated password synchronization.
[2026-01-10 10:20:51] INFO: Collection Module: Received SAVE Event
[2026-01-10 10:20:59] INFO: Collection Module: Received SAVE Event
[2026-01-10 10:21:04] INFO: Collection Module: Received SAVE Event
[2026-01-10 10:21:07] INFO: Collection Module: Received SAVE Event
[2026-01-10 10:21:13] INFO: Collection Module: Received SAVE Event
[2026-01-10 10:21:16] INFO: Collection Module: Received SAVE Event
[2026-01-10 10:21:20] INFO: Collection Module: Received SAVE Event
[2026-01-10 10:21:35] INFO: Collection Module: Received SAVE Event
[2026-01-10 10:21:41] INFO: Collection Module: Received SAVE Event
[2026-01-10 10:21:45] INFO: Collection Module: Received SAVE Event
[2026-01-10 10:21:50] INFO: Collection Module: Received SAVE Event
[2026-01-10 10:21:53] INFO: Collection Module: Received SAVE Event
[2026-01-10 10:21:57] INFO: Collection Module: Received SAVE Event
[2026-01-10 10:22:02] INFO: Collection Module: Received SAVE Event
[2026-01-10 10:22:07] INFO: Collection Module: Received SAVE Event
[2026-01-10 10:22:19] INFO: Collection Module: Received SAVE Event
[2026-01-10 10:22:23] INFO: Collection Module: Received SAVE Event
[2026-01-10 10:22:27] INFO: Collection Module: Received SAVE Event
[2026-01-10 10:22:33] INFO: Collection Module: Received SAVE Event
[2026-01-10 10:24:04] INFO: Collection Module: Received SAVE Event
[2026-01-10 10:24:09] INFO: Collection Module: Received SAVE Event
[2026-01-10 10:24:13] INFO: Collection Module: Received SAVE Event
[2026-01-10 10:24:17] INFO: Collection Module: Received SAVE Event
[2026-01-10 10:24:20] INFO: Collection Module: Received SAVE Event
[2026-01-10 10:24:24] INFO: Collection Module: Received SAVE Event
[2026-01-10 10:24:43] INFO: Collection Module: Received SAVE Event
[2026-01-10 10:29:20] INFO: Manual/IDE Mode detected: Skipping automated password synchronization.
[2026-01-10 10:31:08] INFO: Manual/IDE Mode detected: Skipping automated password synchronization.
[2026-01-10 10:31:45] INFO: Collection Module: Received SAVE Event
[2026-01-10 10:31:49] INFO: Collection Module: Received SAVE Event
[2026-01-10 10:31:53] INFO: Collection Module: Received SAVE Event
[2026-01-10 10:32:03] INFO: Collection Module: Received SAVE Event
[2026-01-10 10:32:09] INFO: Collection Module: Received SAVE Event
[2026-01-10 10:32:12] INFO: Collection Module: Received SAVE Event
[2026-01-10 10:32:15] INFO: Collection Module: Received SAVE Event
[2026-01-10 10:32:19] INFO: Collection Module: Received SAVE Event
[2026-01-10 10:32:54] ERROR: Could not load application.properties. Using hardcoded defaults. | Exception: D:\projects\sahkarROSCA\application.properties (The system cannot find the file specified)
[2026-01-10 10:32:54] DEBUG: Stacktrace: java.base/java.io.FileInputStream.open0(Native Method)
[2026-01-10 10:32:54] INFO: Starting backup for database: society_db
[2026-01-10 10:32:54] ERROR: Backup service critical failure | Exception: Cannot run program "D:\projects\sahkarROSCA\mysql\bin\mysqldump.exe": CreateProcess error=2, The system cannot find the file specified
[2026-01-10 10:32:54] DEBUG: Stacktrace: java.base/java.lang.ProcessBuilder.start(ProcessBuilder.java:1143)
[2026-01-10 10:32:57] INFO: Manual/IDE Mode detected: Skipping automated password synchronization.
[2026-01-10 10:35:30] INFO: Collection Module: Received SAVE Event
[2026-01-10 10:35:47] INFO: Collection Module: Received SAVE Event
[2026-01-10 10:35:52] INFO: Collection Module: Received SAVE Event
[2026-01-10 10:35:58] INFO: Collection Module: Received SAVE Event
[2026-01-10 10:36:03] INFO: Collection Module: Received SAVE Event
[2026-01-10 10:37:53] INFO: Collection Module: Received SAVE Event
[2026-01-10 10:37:53] INFO: Collection Module: Received SAVE Event
[2026-01-10 10:38:03] INFO: Collection Module: Received SAVE Event
[2026-01-10 10:38:03] INFO: Collection Module: Received SAVE Event
[2026-01-10 10:38:12] INFO: Collection Module: Received SAVE Event
[2026-01-10 10:38:12] INFO: Collection Module: Received SAVE Event
[2026-01-10 10:38:36] ERROR: Could not load application.properties. Using hardcoded defaults. | Exception: D:\projects\sahkarROSCA\application.properties (The system cannot find the file specified)
[2026-01-10 10:38:36] DEBUG: Stacktrace: java.base/java.io.FileInputStream.open0(Native Method)
[2026-01-10 10:38:36] INFO: Starting backup for database: society_db
[2026-01-10 10:38:36] ERROR: Backup service critical failure | Exception: Cannot run program "D:\projects\sahkarROSCA\mysql\bin\mysqldump.exe": CreateProcess error=2, The system cannot find the file specified
[2026-01-10 10:38:36] DEBUG: Stacktrace: java.base/java.lang.ProcessBuilder.start(ProcessBuilder.java:1143)
[2026-01-10 10:38:38] INFO: Manual/IDE Mode detected: Skipping automated password synchronization.
[2026-01-10 10:39:19] INFO: Collection Module: Received SAVE Event
[2026-01-10 10:39:23] INFO: Collection Module: Received SAVE Event
[2026-01-10 10:39:54] ERROR: Could not load application.properties. Using hardcoded defaults. | Exception: D:\projects\sahkarROSCA\application.properties (The system cannot find the file specified)
[2026-01-10 10:39:54] DEBUG: Stacktrace: java.base/java.io.FileInputStream.open0(Native Method)
[2026-01-10 10:39:54] INFO: Starting backup for database: society_db
[2026-01-10 10:39:54] ERROR: Backup service critical failure | Exception: Cannot run program "D:\projects\sahkarROSCA\mysql\bin\mysqldump.exe": CreateProcess error=2, The system cannot find the file specified
[2026-01-10 10:39:54] DEBUG: Stacktrace: java.base/java.lang.ProcessBuilder.start(ProcessBuilder.java:1143)
[2026-01-10 10:39:56] INFO: Manual/IDE Mode detected: Skipping automated password synchronization.
[2026-01-10 10:41:07] INFO: Collection Module: Received SAVE Event
[2026-01-10 10:41:12] INFO: Collection Module: Received SAVE Event
[2026-01-10 10:41:16] INFO: Collection Module: Received SAVE Event
[2026-01-10 10:41:19] INFO: Collection Module: Received SAVE Event
[2026-01-10 10:41:22] INFO: Collection Module: Received SAVE Event
[2026-01-10 10:41:26] INFO: Collection Module: Received SAVE Event
[2026-01-10 10:41:30] INFO: Collection Module: Received SAVE Event
[2026-01-10 10:41:58] INFO: Collection Module: Received SAVE Event
[2026-01-10 10:42:05] INFO: Collection Module: Received SAVE Event
[2026-01-10 10:42:10] INFO: Collection Module: Received SAVE Event
[2026-01-10 10:43:07] ERROR: Could not load application.properties. Using hardcoded defaults. | Exception: D:\projects\sahkarROSCA\application.properties (The system cannot find the file specified)
[2026-01-10 10:43:07] DEBUG: Stacktrace: java.base/java.io.FileInputStream.open0(Native Method)
[2026-01-10 10:43:07] INFO: Starting backup for database: society_db
[2026-01-10 10:43:07] ERROR: Backup service critical failure | Exception: Cannot run program "D:\projects\sahkarROSCA\mysql\bin\mysqldump.exe": CreateProcess error=2, The system cannot find the file specified
[2026-01-10 10:43:07] DEBUG: Stacktrace: java.base/java.lang.ProcessBuilder.start(ProcessBuilder.java:1143)
[2026-01-10 10:43:10] INFO: Manual/IDE Mode detected: Skipping automated password synchronization.
[2026-01-10 10:43:35] INFO: Collection Module: Received SAVE Event
[2026-01-10 10:43:53] INFO: Collection Module: Received SAVE Event
[2026-01-10 10:44:12] ERROR: Could not load application.properties. Using hardcoded defaults. | Exception: D:\projects\sahkarROSCA\application.properties (The system cannot find the file specified)
[2026-01-10 10:44:12] DEBUG: Stacktrace: java.base/java.io.FileInputStream.open0(Native Method)
[2026-01-10 10:44:12] INFO: Starting backup for database: society_db
[2026-01-10 10:44:12] ERROR: Backup service critical failure | Exception: Cannot run program "D:\projects\sahkarROSCA\mysql\bin\mysqldump.exe": CreateProcess error=2, The system cannot find the file specified
[2026-01-10 10:44:12] DEBUG: Stacktrace: java.base/java.lang.ProcessBuilder.start(ProcessBuilder.java:1143)
[2026-01-10 10:44:12] INFO: Manual/IDE Mode detected: Skipping automated password synchronization.
[2026-01-10 10:44:46] INFO: Collection Module: Received SAVE Event
[2026-01-10 10:45:05] INFO: Collection Module: Received SAVE Event
[2026-01-10 10:45:09] INFO: Collection Module: Received SAVE Event
[2026-01-10 10:45:14] INFO: Collection Module: Received SAVE Event
[2026-01-10 10:45:49] ERROR: Could not load application.properties. Using hardcoded defaults. | Exception: D:\projects\sahkarROSCA\application.properties (The system cannot find the file specified)
[2026-01-10 10:45:49] DEBUG: Stacktrace: java.base/java.io.FileInputStream.open0(Native Method)
[2026-01-10 10:45:49] INFO: Starting backup for database: society_db
[2026-01-10 10:45:49] ERROR: Backup service critical failure | Exception: Cannot run program "D:\projects\sahkarROSCA\mysql\bin\mysqldump.exe": CreateProcess error=2, The system cannot find the file specified
[2026-01-10 10:45:49] DEBUG: Stacktrace: java.base/java.lang.ProcessBuilder.start(ProcessBuilder.java:1143)
[2026-01-10 10:45:52] INFO: Manual/IDE Mode detected: Skipping automated password synchronization.
[2026-01-10 10:46:30] INFO: Collection Module: Received SAVE Event
[2026-01-10 10:46:38] INFO: Collection Module: Received SAVE Event
[2026-01-10 10:46:43] INFO: Collection Module: Received SAVE Event
[2026-01-10 10:46:45] INFO: Collection Module: Received SAVE Event
[2026-01-10 10:48:10] ERROR: Could not load application.properties. Using hardcoded defaults. | Exception: D:\projects\sahkarROSCA\application.properties (The system cannot find the file specified)
[2026-01-10 10:48:10] DEBUG: Stacktrace: java.base/java.io.FileInputStream.open0(Native Method)
[2026-01-10 10:48:10] INFO: Starting backup for database: society_db
[2026-01-10 10:48:10] ERROR: Backup service critical failure | Exception: Cannot run program "D:\projects\sahkarROSCA\mysql\bin\mysqldump.exe": CreateProcess error=2, The system cannot find the file specified
[2026-01-10 10:48:10] DEBUG: Stacktrace: java.base/java.lang.ProcessBuilder.start(ProcessBuilder.java:1143)
[2026-01-10 10:48:12] INFO: Manual/IDE Mode detected: Skipping automated password synchronization.
[2026-01-10 10:48:38] INFO: Collection Module: Received SAVE Event
[2026-01-10 10:48:57] ERROR: Could not load application.properties. Using hardcoded defaults. | Exception: D:\projects\sahkarROSCA\application.properties (The system cannot find the file specified)
[2026-01-10 10:48:57] DEBUG: Stacktrace: java.base/java.io.FileInputStream.open0(Native Method)
[2026-01-10 10:48:57] INFO: Starting backup for database: society_db
[2026-01-10 10:48:57] ERROR: Backup service critical failure | Exception: Cannot run program "D:\projects\sahkarROSCA\mysql\bin\mysqldump.exe": CreateProcess error=2, The system cannot find the file specified
[2026-01-10 10:48:57] DEBUG: Stacktrace: java.base/java.lang.ProcessBuilder.start(ProcessBuilder.java:1143)
[2026-01-10 10:48:59] INFO: Manual/IDE Mode detected: Skipping automated password synchronization.
[2026-01-10 10:49:24] INFO: Collection Module: Received SAVE Event
[2026-01-10 10:49:27] INFO: Collection Module: Received SAVE Event
[2026-01-10 10:49:30] INFO: Collection Module: Received SAVE Event
[2026-01-10 10:49:38] INFO: Collection Module: Received SAVE Event
[2026-01-10 10:49:44] INFO: Collection Module: Received SAVE Event
[2026-01-10 10:49:48] INFO: Collection Module: Received SAVE Event
[2026-01-10 10:49:53] INFO: Collection Module: Received SAVE Event
[2026-01-10 10:49:57] INFO: Collection Module: Received SAVE Event
[2026-01-10 10:50:28] ERROR: Could not load application.properties. Using hardcoded defaults. | Exception: D:\projects\sahkarROSCA\application.properties (The system cannot find the file specified)
[2026-01-10 10:50:28] DEBUG: Stacktrace: java.base/java.io.FileInputStream.open0(Native Method)
[2026-01-10 10:50:28] INFO: Starting backup for database: society_db
[2026-01-10 10:50:28] ERROR: Backup service critical failure | Exception: Cannot run program "D:\projects\sahkarROSCA\mysql\bin\mysqldump.exe": CreateProcess error=2, The system cannot find the file specified
[2026-01-10 10:50:28] DEBUG: Stacktrace: java.base/java.lang.ProcessBuilder.start(ProcessBuilder.java:1143)
[2026-01-10 10:50:31] INFO: Manual/IDE Mode detected: Skipping automated password synchronization.
[2026-01-10 10:50:45] ERROR: Login Failed! | Exception: Invalid Username or Password!
[2026-01-10 10:50:45] DEBUG: Stacktrace: com.badargadh.sahkar.service.UserService.authenticate(UserService.java:69)
[2026-01-10 10:51:02] INFO: Collection Module: Received SAVE Event
[2026-01-10 10:51:05] INFO: Collection Module: Received SAVE Event
[2026-01-10 10:51:09] INFO: Collection Module: Received SAVE Event
[2026-01-10 10:51:12] INFO: Collection Module: Received SAVE Event
[2026-01-10 10:51:44] INFO: Collection Module: Received SAVE Event
[2026-01-10 10:51:48] INFO: Collection Module: Received SAVE Event
[2026-01-10 10:51:53] INFO: Collection Module: Received SAVE Event
[2026-01-10 10:52:35] ERROR: Could not load application.properties. Using hardcoded defaults. | Exception: D:\projects\sahkarROSCA\application.properties (The system cannot find the file specified)
[2026-01-10 10:52:35] DEBUG: Stacktrace: java.base/java.io.FileInputStream.open0(Native Method)
[2026-01-10 10:52:35] INFO: Starting backup for database: society_db
[2026-01-10 10:52:35] ERROR: Backup service critical failure | Exception: Cannot run program "D:\projects\sahkarROSCA\mysql\bin\mysqldump.exe": CreateProcess error=2, The system cannot find the file specified
[2026-01-10 10:52:35] DEBUG: Stacktrace: java.base/java.lang.ProcessBuilder.start(ProcessBuilder.java:1143)
[2026-01-10 10:52:41] INFO: Manual/IDE Mode detected: Skipping automated password synchronization.
[2026-01-10 10:53:08] INFO: Collection Module: Received SAVE Event
[2026-01-10 10:53:33] ERROR: Could not load application.properties. Using hardcoded defaults. | Exception: D:\projects\sahkarROSCA\application.properties (The system cannot find the file specified)
[2026-01-10 10:53:33] DEBUG: Stacktrace: java.base/java.io.FileInputStream.open0(Native Method)
[2026-01-10 10:53:33] INFO: Starting backup for database: society_db
[2026-01-10 10:53:33] ERROR: Backup service critical failure | Exception: Cannot run program "D:\projects\sahkarROSCA\mysql\bin\mysqldump.exe": CreateProcess error=2, The system cannot find the file specified
[2026-01-10 10:53:33] DEBUG: Stacktrace: java.base/java.lang.ProcessBuilder.start(ProcessBuilder.java:1143)
[2026-01-10 10:53:33] INFO: Manual/IDE Mode detected: Skipping automated password synchronization.
[2026-01-10 10:54:07] INFO: Collection Module: Received SAVE Event
[2026-01-10 10:54:39] ERROR: Could not load application.properties. Using hardcoded defaults. | Exception: D:\projects\sahkarROSCA\application.properties (The system cannot find the file specified)
[2026-01-10 10:54:39] DEBUG: Stacktrace: java.base/java.io.FileInputStream.open0(Native Method)
[2026-01-10 10:54:39] INFO: Starting backup for database: society_db
[2026-01-10 10:54:39] ERROR: Backup service critical failure | Exception: Cannot run program "D:\projects\sahkarROSCA\mysql\bin\mysqldump.exe": CreateProcess error=2, The system cannot find the file specified
[2026-01-10 10:54:39] DEBUG: Stacktrace: java.base/java.lang.ProcessBuilder.start(ProcessBuilder.java:1143)
[2026-01-10 10:54:41] INFO: Manual/IDE Mode detected: Skipping automated password synchronization.
[2026-01-10 10:55:07] INFO: Collection Module: Received SAVE Event
[2026-01-10 10:55:14] INFO: Collection Module: Received SAVE Event
[2026-01-10 10:55:20] INFO: Collection Module: Received SAVE Event
[2026-01-10 10:56:53] ERROR: Could not load application.properties. Using hardcoded defaults. | Exception: D:\projects\sahkarROSCA\application.properties (The system cannot find the file specified)
[2026-01-10 10:56:53] DEBUG: Stacktrace: java.base/java.io.FileInputStream.open0(Native Method)
[2026-01-10 10:56:53] INFO: Starting backup for database: society_db
[2026-01-10 10:56:53] ERROR: Backup service critical failure | Exception: Cannot run program "D:\projects\sahkarROSCA\mysql\bin\mysqldump.exe": CreateProcess error=2, The system cannot find the file specified
[2026-01-10 10:56:53] DEBUG: Stacktrace: java.base/java.lang.ProcessBuilder.start(ProcessBuilder.java:1143)
[2026-01-10 10:56:53] INFO: Manual/IDE Mode detected: Skipping automated password synchronization.
[2026-01-10 10:57:49] INFO: Collection Module: Received SAVE Event
[2026-01-10 10:57:52] INFO: Collection Module: Received SAVE Event
[2026-01-10 10:57:56] INFO: Collection Module: Received SAVE Event
[2026-01-10 10:58:00] INFO: Collection Module: Received SAVE Event
[2026-01-10 10:58:03] INFO: Collection Module: Received SAVE Event
[2026-01-10 10:58:07] INFO: Collection Module: Received SAVE Event
[2026-01-10 10:58:27] ERROR: Could not load application.properties. Using hardcoded defaults. | Exception: D:\projects\sahkarROSCA\application.properties (The system cannot find the file specified)
[2026-01-10 10:58:27] DEBUG: Stacktrace: java.base/java.io.FileInputStream.open0(Native Method)
[2026-01-10 10:58:27] INFO: Starting backup for database: society_db
[2026-01-10 10:58:27] ERROR: Backup service critical failure | Exception: Cannot run program "D:\projects\sahkarROSCA\mysql\bin\mysqldump.exe": CreateProcess error=2, The system cannot find the file specified
[2026-01-10 10:58:27] DEBUG: Stacktrace: java.base/java.lang.ProcessBuilder.start(ProcessBuilder.java:1143)
[2026-01-10 10:58:29] INFO: Manual/IDE Mode detected: Skipping automated password synchronization.
[2026-01-10 10:58:54] INFO: Collection Module: Received SAVE Event
[2026-01-10 10:59:07] ERROR: Could not load application.properties. Using hardcoded defaults. | Exception: D:\projects\sahkarROSCA\application.properties (The system cannot find the file specified)
[2026-01-10 10:59:07] DEBUG: Stacktrace: java.base/java.io.FileInputStream.open0(Native Method)
[2026-01-10 10:59:07] INFO: Starting backup for database: society_db
[2026-01-10 10:59:07] ERROR: Backup service critical failure | Exception: Cannot run program "D:\projects\sahkarROSCA\mysql\bin\mysqldump.exe": CreateProcess error=2, The system cannot find the file specified
[2026-01-10 10:59:07] DEBUG: Stacktrace: java.base/java.lang.ProcessBuilder.start(ProcessBuilder.java:1143)
[2026-01-10 10:59:07] INFO: Manual/IDE Mode detected: Skipping automated password synchronization.
[2026-01-10 11:00:46] INFO: Collection Module: Received SAVE Event
[2026-01-10 11:00:51] INFO: Collection Module: Received SAVE Event
[2026-01-10 11:00:54] INFO: Collection Module: Received SAVE Event
[2026-01-10 11:01:00] INFO: Collection Module: Received SAVE Event
[2026-01-10 11:01:05] INFO: Collection Module: Received SAVE Event
[2026-01-10 11:01:39] ERROR: Could not load application.properties. Using hardcoded defaults. | Exception: D:\projects\sahkarROSCA\application.properties (The system cannot find the file specified)
[2026-01-10 11:01:39] DEBUG: Stacktrace: java.base/java.io.FileInputStream.open0(Native Method)
[2026-01-10 11:01:39] INFO: Starting backup for database: society_db
[2026-01-10 11:01:39] ERROR: Backup service critical failure | Exception: Cannot run program "D:\projects\sahkarROSCA\mysql\bin\mysqldump.exe": CreateProcess error=2, The system cannot find the file specified
[2026-01-10 11:01:39] DEBUG: Stacktrace: java.base/java.lang.ProcessBuilder.start(ProcessBuilder.java:1143)
[2026-01-10 11:01:39] INFO: Manual/IDE Mode detected: Skipping automated password synchronization.
[2026-01-10 11:02:03] INFO: Collection Module: Received SAVE Event
[2026-01-10 11:02:07] INFO: Collection Module: Received SAVE Event
[2026-01-10 11:02:12] INFO: Collection Module: Received SAVE Event
[2026-01-10 11:03:47] ERROR: Could not load application.properties. Using hardcoded defaults. | Exception: D:\projects\sahkarROSCA\application.properties (The system cannot find the file specified)
[2026-01-10 11:03:47] DEBUG: Stacktrace: java.base/java.io.FileInputStream.open0(Native Method)
[2026-01-10 11:03:47] INFO: Starting backup for database: society_db
[2026-01-10 11:03:47] ERROR: Backup service critical failure | Exception: Cannot run program "D:\projects\sahkarROSCA\mysql\bin\mysqldump.exe": CreateProcess error=2, The system cannot find the file specified
[2026-01-10 11:03:47] DEBUG: Stacktrace: java.base/java.lang.ProcessBuilder.start(ProcessBuilder.java:1143)
[2026-01-10 11:03:47] INFO: Manual/IDE Mode detected: Skipping automated password synchronization.
[2026-01-10 11:04:16] INFO: Collection Module: Received SAVE Event
[2026-01-10 11:04:19] INFO: Collection Module: Received SAVE Event
[2026-01-10 11:04:21] INFO: Collection Module: Received SAVE Event
[2026-01-10 11:04:23] INFO: Collection Module: Received SAVE Event
[2026-01-10 11:04:25] INFO: Collection Module: Received SAVE Event
[2026-01-10 11:04:28] INFO: Collection Module: Received SAVE Event
[2026-01-10 11:04:45] ERROR: Could not load application.properties. Using hardcoded defaults. | Exception: D:\projects\sahkarROSCA\application.properties (The system cannot find the file specified)
[2026-01-10 11:04:45] DEBUG: Stacktrace: java.base/java.io.FileInputStream.open0(Native Method)
[2026-01-10 11:04:45] INFO: Starting backup for database: society_db
[2026-01-10 11:04:45] ERROR: Backup service critical failure | Exception: Cannot run program "D:\projects\sahkarROSCA\mysql\bin\mysqldump.exe": CreateProcess error=2, The system cannot find the file specified
[2026-01-10 11:04:45] DEBUG: Stacktrace: java.base/java.lang.ProcessBuilder.start(ProcessBuilder.java:1143)
[2026-01-10 11:04:46] INFO: Manual/IDE Mode detected: Skipping automated password synchronization.
[2026-01-10 11:05:39] INFO: Collection Module: Received SAVE Event
[2026-01-10 11:05:46] INFO: Collection Module: Received SAVE Event
[2026-01-10 11:05:48] INFO: Collection Module: Received SAVE Event
[2026-01-10 11:05:54] INFO: Collection Module: Received SAVE Event
[2026-01-10 11:06:00] INFO: Collection Module: Received SAVE Event
[2026-01-10 11:06:35] ERROR: Could not load application.properties. Using hardcoded defaults. | Exception: D:\projects\sahkarROSCA\application.properties (The system cannot find the file specified)
[2026-01-10 11:06:35] DEBUG: Stacktrace: java.base/java.io.FileInputStream.open0(Native Method)
[2026-01-10 11:06:35] INFO: Starting backup for database: society_db
[2026-01-10 11:06:35] ERROR: Backup service critical failure | Exception: Cannot run program "D:\projects\sahkarROSCA\mysql\bin\mysqldump.exe": CreateProcess error=2, The system cannot find the file specified
[2026-01-10 11:06:35] DEBUG: Stacktrace: java.base/java.lang.ProcessBuilder.start(ProcessBuilder.java:1143)
[2026-01-10 11:06:38] INFO: Manual/IDE Mode detected: Skipping automated password synchronization.
[2026-01-10 11:07:43] INFO: Collection Module: Received SAVE Event
[2026-01-10 11:07:47] INFO: Collection Module: Received SAVE Event
[2026-01-10 11:07:50] INFO: Collection Module: Received SAVE Event
[2026-01-10 11:07:55] INFO: Collection Module: Received SAVE Event
[2026-01-10 11:08:19] ERROR: Could not load application.properties. Using hardcoded defaults. | Exception: D:\projects\sahkarROSCA\application.properties (The system cannot find the file specified)
[2026-01-10 11:08:19] DEBUG: Stacktrace: java.base/java.io.FileInputStream.open0(Native Method)
[2026-01-10 11:08:19] INFO: Starting backup for database: society_db
[2026-01-10 11:08:19] ERROR: Backup service critical failure | Exception: Cannot run program "D:\projects\sahkarROSCA\mysql\bin\mysqldump.exe": CreateProcess error=2, The system cannot find the file specified
[2026-01-10 11:08:19] DEBUG: Stacktrace: java.base/java.lang.ProcessBuilder.start(ProcessBuilder.java:1143)
[2026-01-10 11:08:20] INFO: Manual/IDE Mode detected: Skipping automated password synchronization.
[2026-01-10 11:12:19] INFO: Collection Module: Received SAVE Event
[2026-01-10 11:12:23] INFO: Collection Module: Received SAVE Event
[2026-01-10 11:12:28] INFO: Collection Module: Received SAVE Event
[2026-01-10 11:12:34] INFO: Collection Module: Received SAVE Event
[2026-01-10 11:12:37] INFO: Collection Module: Received SAVE Event
[2026-01-10 11:12:42] INFO: Collection Module: Received SAVE Event
[2026-01-10 11:14:06] ERROR: Could not load application.properties. Using hardcoded defaults. | Exception: D:\projects\sahkarROSCA\application.properties (The system cannot find the file specified)
[2026-01-10 11:14:06] DEBUG: Stacktrace: java.base/java.io.FileInputStream.open0(Native Method)
[2026-01-10 11:14:06] INFO: Starting backup for database: society_db
[2026-01-10 11:14:06] ERROR: Backup service critical failure | Exception: Cannot run program "D:\projects\sahkarROSCA\mysql\bin\mysqldump.exe": CreateProcess error=2, The system cannot find the file specified
[2026-01-10 11:14:06] DEBUG: Stacktrace: java.base/java.lang.ProcessBuilder.start(ProcessBuilder.java:1143)
[2026-01-10 11:14:10] INFO: Manual/IDE Mode detected: Skipping automated password synchronization.
[2026-01-10 11:16:01] ERROR: Could not load application.properties. Using hardcoded defaults. | Exception: D:\projects\sahkarROSCA\application.properties (The system cannot find the file specified)
[2026-01-10 11:16:01] DEBUG: Stacktrace: java.base/java.io.FileInputStream.open0(Native Method)
[2026-01-10 11:16:01] INFO: Starting backup for database: society_db
[2026-01-10 11:16:01] ERROR: Backup service critical failure | Exception: Cannot run program "D:\projects\sahkarROSCA\mysql\bin\mysqldump.exe": CreateProcess error=2, The system cannot find the file specified
[2026-01-10 11:16:01] DEBUG: Stacktrace: java.base/java.lang.ProcessBuilder.start(ProcessBuilder.java:1143)
[2026-01-10 11:16:05] INFO: Manual/IDE Mode detected: Skipping automated password synchronization.
[2026-01-10 11:16:30] INFO: Collection Module: Received SAVE Event
[2026-01-10 11:16:33] INFO: Collection Module: Received SAVE Event
[2026-01-10 11:17:01] INFO: Manual/IDE Mode detected: Skipping automated password synchronization.
[2026-01-10 11:17:01] ERROR: Could not load application.properties. Using hardcoded defaults. | Exception: D:\projects\sahkarROSCA\application.properties (The system cannot find the file specified)
[2026-01-10 11:17:01] DEBUG: Stacktrace: java.base/java.io.FileInputStream.open0(Native Method)
[2026-01-10 11:17:01] INFO: Starting backup for database: society_db
[2026-01-10 11:17:01] ERROR: Backup service critical failure | Exception: Cannot run program "D:\projects\sahkarROSCA\mysql\bin\mysqldump.exe": CreateProcess error=2, The system cannot find the file specified
[2026-01-10 11:17:01] DEBUG: Stacktrace: java.base/java.lang.ProcessBuilder.start(ProcessBuilder.java:1143)
[2026-01-10 11:17:24] INFO: Collection Module: Received SAVE Event
[2026-01-10 11:17:38] INFO: Manual/IDE Mode detected: Skipping automated password synchronization.
[2026-01-10 11:17:38] ERROR: Could not load application.properties. Using hardcoded defaults. | Exception: D:\projects\sahkarROSCA\application.properties (The system cannot find the file specified)
[2026-01-10 11:17:38] DEBUG: Stacktrace: java.base/java.io.FileInputStream.open0(Native Method)
[2026-01-10 11:17:38] INFO: Starting backup for database: society_db
[2026-01-10 11:17:38] ERROR: Backup service critical failure | Exception: Cannot run program "D:\projects\sahkarROSCA\mysql\bin\mysqldump.exe": CreateProcess error=2, The system cannot find the file specified
[2026-01-10 11:17:38] DEBUG: Stacktrace: java.base/java.lang.ProcessBuilder.start(ProcessBuilder.java:1143)
[2026-01-10 11:18:01] INFO: Collection Module: Received SAVE Event
[2026-01-10 11:18:05] INFO: Collection Module: Received SAVE Event
[2026-01-10 11:18:17] INFO: Manual/IDE Mode detected: Skipping automated password synchronization.
[2026-01-10 11:18:18] ERROR: Could not load application.properties. Using hardcoded defaults. | Exception: D:\projects\sahkarROSCA\application.properties (The system cannot find the file specified)
[2026-01-10 11:18:18] DEBUG: Stacktrace: java.base/java.io.FileInputStream.open0(Native Method)
[2026-01-10 11:18:18] INFO: Starting backup for database: society_db
[2026-01-10 11:18:18] ERROR: Backup service critical failure | Exception: Cannot run program "D:\projects\sahkarROSCA\mysql\bin\mysqldump.exe": CreateProcess error=2, The system cannot find the file specified
[2026-01-10 11:18:18] DEBUG: Stacktrace: java.base/java.lang.ProcessBuilder.start(ProcessBuilder.java:1143)
[2026-01-10 11:18:32] ERROR: Login Failed! | Exception: Invalid Username or Password!
[2026-01-10 11:18:32] DEBUG: Stacktrace: com.badargadh.sahkar.service.UserService.authenticate(UserService.java:69)
[2026-01-10 11:18:45] INFO: Collection Module: Received SAVE Event
[2026-01-10 11:18:48] INFO: Collection Module: Received SAVE Event
[2026-01-10 11:19:09] ERROR: Could not load application.properties. Using hardcoded defaults. | Exception: D:\projects\sahkarROSCA\application.properties (The system cannot find the file specified)
[2026-01-10 11:19:09] DEBUG: Stacktrace: java.base/java.io.FileInputStream.open0(Native Method)
[2026-01-10 11:19:09] INFO: Starting backup for database: society_db
[2026-01-10 11:19:09] ERROR: Backup service critical failure | Exception: Cannot run program "D:\projects\sahkarROSCA\mysql\bin\mysqldump.exe": CreateProcess error=2, The system cannot find the file specified
[2026-01-10 11:19:09] DEBUG: Stacktrace: java.base/java.lang.ProcessBuilder.start(ProcessBuilder.java:1143)
[2026-01-10 11:19:09] INFO: Manual/IDE Mode detected: Skipping automated password synchronization.
[2026-01-10 11:19:57] INFO: Collection Module: Received SAVE Event
[2026-01-10 11:20:00] INFO: Collection Module: Received SAVE Event
[2026-01-10 11:20:04] INFO: Collection Module: Received SAVE Event
[2026-01-10 11:20:25] ERROR: Could not load application.properties. Using hardcoded defaults. | Exception: D:\projects\sahkarROSCA\application.properties (The system cannot find the file specified)
[2026-01-10 11:20:25] DEBUG: Stacktrace: java.base/java.io.FileInputStream.open0(Native Method)
[2026-01-10 11:20:25] INFO: Starting backup for database: society_db
[2026-01-10 11:20:25] ERROR: Backup service critical failure | Exception: Cannot run program "D:\projects\sahkarROSCA\mysql\bin\mysqldump.exe": CreateProcess error=2, The system cannot find the file specified
[2026-01-10 11:20:25] DEBUG: Stacktrace: java.base/java.lang.ProcessBuilder.start(ProcessBuilder.java:1143)
[2026-01-10 11:20:26] INFO: Manual/IDE Mode detected: Skipping automated password synchronization.
[2026-01-10 11:20:59] INFO: Collection Module: Received SAVE Event
[2026-01-10 11:21:20] ERROR: Could not load application.properties. Using hardcoded defaults. | Exception: D:\projects\sahkarROSCA\application.properties (The system cannot find the file specified)
[2026-01-10 11:21:20] DEBUG: Stacktrace: java.base/java.io.FileInputStream.open0(Native Method)
[2026-01-10 11:21:20] INFO: Starting backup for database: society_db
[2026-01-10 11:21:20] ERROR: Backup service critical failure | Exception: Cannot run program "D:\projects\sahkarROSCA\mysql\bin\mysqldump.exe": CreateProcess error=2, The system cannot find the file specified
[2026-01-10 11:21:20] DEBUG: Stacktrace: java.base/java.lang.ProcessBuilder.start(ProcessBuilder.java:1143)
[2026-01-10 11:21:20] INFO: Manual/IDE Mode detected: Skipping automated password synchronization.
[2026-01-10 11:22:17] INFO: Manual/IDE Mode detected: Skipping automated password synchronization.
[2026-01-10 11:22:18] ERROR: Could not load application.properties. Using hardcoded defaults. | Exception: D:\projects\sahkarROSCA\application.properties (The system cannot find the file specified)
[2026-01-10 11:22:18] DEBUG: Stacktrace: java.base/java.io.FileInputStream.open0(Native Method)
[2026-01-10 11:22:18] INFO: Starting backup for database: society_db
[2026-01-10 11:22:18] ERROR: Backup service critical failure | Exception: Cannot run program "D:\projects\sahkarROSCA\mysql\bin\mysqldump.exe": CreateProcess error=2, The system cannot find the file specified
[2026-01-10 11:22:18] DEBUG: Stacktrace: java.base/java.lang.ProcessBuilder.start(ProcessBuilder.java:1143)
[2026-01-10 11:24:45] INFO: Collection Module: Received SAVE Event
[2026-01-10 11:24:48] INFO: Collection Module: Received SAVE Event
[2026-01-10 11:24:53] INFO: Collection Module: Received SAVE Event
[2026-01-10 11:25:24] ERROR: Could not load application.properties. Using hardcoded defaults. | Exception: D:\projects\sahkarROSCA\application.properties (The system cannot find the file specified)
[2026-01-10 11:25:24] DEBUG: Stacktrace: java.base/java.io.FileInputStream.open0(Native Method)
[2026-01-10 11:25:24] INFO: Starting backup for database: society_db
[2026-01-10 11:25:24] ERROR: Backup service critical failure | Exception: Cannot run program "D:\projects\sahkarROSCA\mysql\bin\mysqldump.exe": CreateProcess error=2, The system cannot find the file specified
[2026-01-10 11:25:24] DEBUG: Stacktrace: java.base/java.lang.ProcessBuilder.start(ProcessBuilder.java:1143)
[2026-01-10 11:25:24] INFO: Manual/IDE Mode detected: Skipping automated password synchronization.
[2026-01-10 11:26:08] INFO: Collection Module: Received SAVE Event
[2026-01-10 11:26:12] INFO: Collection Module: Received SAVE Event
[2026-01-10 11:26:15] INFO: Collection Module: Received SAVE Event
[2026-01-10 11:26:18] INFO: Collection Module: Received SAVE Event
[2026-01-10 11:26:22] INFO: Collection Module: Received SAVE Event
[2026-01-10 11:26:27] INFO: Collection Module: Received SAVE Event
[2026-01-10 11:26:30] INFO: Collection Module: Received SAVE Event
[2026-01-10 11:26:33] INFO: Collection Module: Received SAVE Event
[2026-01-10 11:26:36] INFO: Collection Module: Received SAVE Event
[2026-01-10 11:26:38] INFO: Collection Module: Received SAVE Event
[2026-01-10 11:26:46] INFO: Collection Module: Received SAVE Event
[2026-01-10 11:26:54] INFO: Collection Module: Received SAVE Event
[2026-01-10 11:26:56] INFO: Collection Module: Received SAVE Event
[2026-01-10 11:27:00] INFO: Collection Module: Received SAVE Event
[2026-01-10 11:27:03] INFO: Collection Module: Received SAVE Event
[2026-01-10 11:27:05] INFO: Collection Module: Received SAVE Event
[2026-01-10 11:27:09] INFO: Collection Module: Received SAVE Event
[2026-01-10 11:27:13] INFO: Collection Module: Received SAVE Event
[2026-01-10 11:27:16] INFO: Collection Module: Received SAVE Event
[2026-01-10 11:27:19] INFO: Collection Module: Received SAVE Event
[2026-01-10 11:27:22] INFO: Collection Module: Received SAVE Event
[2026-01-10 11:27:26] INFO: Collection Module: Received SAVE Event
[2026-01-10 11:27:30] INFO: Collection Module: Received SAVE Event
[2026-01-10 11:27:33] INFO: Collection Module: Received SAVE Event
[2026-01-10 11:27:37] INFO: Collection Module: Received SAVE Event
[2026-01-10 11:27:42] INFO: Collection Module: Received SAVE Event
[2026-01-10 11:27:45] INFO: Collection Module: Received SAVE Event
[2026-01-10 11:27:47] INFO: Collection Module: Received SAVE Event
[2026-01-10 11:28:31] ERROR: Could not load application.properties. Using hardcoded defaults. | Exception: D:\projects\sahkarROSCA\application.properties (The system cannot find the file specified)
[2026-01-10 11:28:31] DEBUG: Stacktrace: java.base/java.io.FileInputStream.open0(Native Method)
[2026-01-10 11:28:31] INFO: Starting backup for database: society_db
[2026-01-10 11:28:31] ERROR: Backup service critical failure | Exception: Cannot run program "D:\projects\sahkarROSCA\mysql\bin\mysqldump.exe": CreateProcess error=2, The system cannot find the file specified
[2026-01-10 11:28:31] DEBUG: Stacktrace: java.base/java.lang.ProcessBuilder.start(ProcessBuilder.java:1143)
[2026-01-10 11:29:46] INFO: Manual/IDE Mode detected: Skipping automated password synchronization.
[2026-01-10 11:30:02] ERROR: Login Failed! | Exception: Invalid Username or Password!
[2026-01-10 11:30:02] DEBUG: Stacktrace: com.badargadh.sahkar.service.UserService.authenticate(UserService.java:69)
[2026-01-10 11:30:20] INFO: Collection Module: Received SAVE Event
[2026-01-10 11:30:21] INFO: Collection Module: Received SAVE Event
[2026-01-10 11:30:42] ERROR: Could not load application.properties. Using hardcoded defaults. | Exception: D:\projects\sahkarROSCA\application.properties (The system cannot find the file specified)
[2026-01-10 11:30:42] DEBUG: Stacktrace: java.base/java.io.FileInputStream.open0(Native Method)
[2026-01-10 11:30:42] INFO: Starting backup for database: society_db
[2026-01-10 11:30:42] ERROR: Backup service critical failure | Exception: Cannot run program "D:\projects\sahkarROSCA\mysql\bin\mysqldump.exe": CreateProcess error=2, The system cannot find the file specified
[2026-01-10 11:30:42] DEBUG: Stacktrace: java.base/java.lang.ProcessBuilder.start(ProcessBuilder.java:1143)
[2026-01-10 11:30:43] INFO: Manual/IDE Mode detected: Skipping automated password synchronization.
[2026-01-10 11:31:18] INFO: Collection Module: Received SAVE Event
[2026-01-10 11:31:23] INFO: Collection Module: Received SAVE Event
[2026-01-10 11:31:27] INFO: Collection Module: Received SAVE Event
[2026-01-10 11:31:32] INFO: Collection Module: Received SAVE Event
[2026-01-10 11:31:35] INFO: Collection Module: Received SAVE Event
[2026-01-10 11:32:04] ERROR: Could not load application.properties. Using hardcoded defaults. | Exception: D:\projects\sahkarROSCA\application.properties (The system cannot find the file specified)
[2026-01-10 11:32:04] DEBUG: Stacktrace: java.base/java.io.FileInputStream.open0(Native Method)
[2026-01-10 11:32:04] INFO: Starting backup for database: society_db
[2026-01-10 11:32:04] ERROR: Backup service critical failure | Exception: Cannot run program "D:\projects\sahkarROSCA\mysql\bin\mysqldump.exe": CreateProcess error=2, The system cannot find the file specified
[2026-01-10 11:32:04] DEBUG: Stacktrace: java.base/java.lang.ProcessBuilder.start(ProcessBuilder.java:1143)
[2026-01-10 11:32:07] INFO: Manual/IDE Mode detected: Skipping automated password synchronization.
[2026-01-10 11:33:02] INFO: Collection Module: Received SAVE Event
[2026-01-10 11:33:05] INFO: Collection Module: Received SAVE Event
[2026-01-10 11:33:07] INFO: Collection Module: Received SAVE Event
[2026-01-10 11:33:10] INFO: Collection Module: Received SAVE Event
[2026-01-10 11:33:12] INFO: Collection Module: Received SAVE Event
[2026-01-10 11:33:20] INFO: Collection Module: Received SAVE Event
[2026-01-10 11:33:24] INFO: Collection Module: Received SAVE Event
[2026-01-10 11:33:29] INFO: Collection Module: Received SAVE Event
[2026-01-10 11:33:33] INFO: Collection Module: Received SAVE Event
[2026-01-10 11:33:38] INFO: Collection Module: Received SAVE Event
[2026-01-10 11:33:42] INFO: Collection Module: Received SAVE Event
[2026-01-10 11:33:53] INFO: Collection Module: Received SAVE Event
[2026-01-10 11:34:19] INFO: Collection Module: Received SAVE Event
[2026-01-10 11:34:22] INFO: Collection Module: Received SAVE Event
[2026-01-10 11:34:25] INFO: Collection Module: Received SAVE Event
[2026-01-10 11:36:17] ERROR: Could not load application.properties. Using hardcoded defaults. | Exception: D:\projects\sahkarROSCA\application.properties (The system cannot find the file specified)
[2026-01-10 11:36:17] DEBUG: Stacktrace: java.base/java.io.FileInputStream.open0(Native Method)
[2026-01-10 11:36:17] INFO: Starting backup for database: society_db
[2026-01-10 11:36:17] ERROR: Backup service critical failure | Exception: Cannot run program "D:\projects\sahkarROSCA\mysql\bin\mysqldump.exe": CreateProcess error=2, The system cannot find the file specified
[2026-01-10 11:36:17] DEBUG: Stacktrace: java.base/java.lang.ProcessBuilder.start(ProcessBuilder.java:1143)
[2026-01-10 11:36:19] INFO: Manual/IDE Mode detected: Skipping automated password synchronization.
[2026-01-10 11:36:34] ERROR: Login Failed! | Exception: Invalid Username or Password!
[2026-01-10 11:36:34] DEBUG: Stacktrace: com.badargadh.sahkar.service.UserService.authenticate(UserService.java:69)
[2026-01-10 11:36:45] INFO: Collection Module: Received SAVE Event
[2026-01-10 11:37:51] INFO: Collection Module: Received SAVE Event
[2026-01-10 11:39:05] INFO: Collection Module: Received SAVE Event
[2026-01-10 11:39:07] INFO: Collection Module: Received SAVE Event
[2026-01-10 11:39:10] INFO: Collection Module: Received SAVE Event
[2026-01-10 11:39:14] INFO: Collection Module: Received SAVE Event
[2026-01-10 11:39:37] ERROR: Could not load application.properties. Using hardcoded defaults. | Exception: D:\projects\sahkarROSCA\application.properties (The system cannot find the file specified)
[2026-01-10 11:39:37] DEBUG: Stacktrace: java.base/java.io.FileInputStream.open0(Native Method)
[2026-01-10 11:39:37] INFO: Starting backup for database: society_db
[2026-01-10 11:39:37] ERROR: Backup service critical failure | Exception: Cannot run program "D:\projects\sahkarROSCA\mysql\bin\mysqldump.exe": CreateProcess error=2, The system cannot find the file specified
[2026-01-10 11:39:37] DEBUG: Stacktrace: java.base/java.lang.ProcessBuilder.start(ProcessBuilder.java:1143)
[2026-01-10 11:39:39] INFO: Manual/IDE Mode detected: Skipping automated password synchronization.
[2026-01-10 11:40:27] INFO: Collection Module: Received SAVE Event
[2026-01-10 11:40:32] INFO: Collection Module: Received SAVE Event
[2026-01-10 11:40:45] INFO: Collection Module: Received SAVE Event
[2026-01-10 11:41:11] ERROR: Could not load application.properties. Using hardcoded defaults. | Exception: D:\projects\sahkarROSCA\application.properties (The system cannot find the file specified)
[2026-01-10 11:41:11] DEBUG: Stacktrace: java.base/java.io.FileInputStream.open0(Native Method)
[2026-01-10 11:41:11] INFO: Starting backup for database: society_db
[2026-01-10 11:41:11] ERROR: Backup service critical failure | Exception: Cannot run program "D:\projects\sahkarROSCA\mysql\bin\mysqldump.exe": CreateProcess error=2, The system cannot find the file specified
[2026-01-10 11:41:11] DEBUG: Stacktrace: java.base/java.lang.ProcessBuilder.start(ProcessBuilder.java:1143)
[2026-01-10 11:41:13] INFO: Manual/IDE Mode detected: Skipping automated password synchronization.
[2026-01-10 11:41:37] INFO: Collection Module: Received SAVE Event
[2026-01-10 11:41:40] INFO: Collection Module: Received SAVE Event
[2026-01-10 11:41:43] INFO: Collection Module: Received SAVE Event
[2026-01-10 11:41:46] INFO: Collection Module: Received SAVE Event
[2026-01-10 11:41:50] INFO: Collection Module: Received SAVE Event
[2026-01-10 11:41:52] INFO: Collection Module: Received SAVE Event
[2026-01-10 11:41:55] INFO: Collection Module: Received SAVE Event
[2026-01-10 11:42:16] ERROR: Could not load application.properties. Using hardcoded defaults. | Exception: D:\projects\sahkarROSCA\application.properties (The system cannot find the file specified)
[2026-01-10 11:42:16] DEBUG: Stacktrace: java.base/java.io.FileInputStream.open0(Native Method)
[2026-01-10 11:42:16] INFO: Starting backup for database: society_db
[2026-01-10 11:42:16] ERROR: Backup service critical failure | Exception: Cannot run program "D:\projects\sahkarROSCA\mysql\bin\mysqldump.exe": CreateProcess error=2, The system cannot find the file specified
[2026-01-10 11:42:16] DEBUG: Stacktrace: java.base/java.lang.ProcessBuilder.start(ProcessBuilder.java:1143)
[2026-01-10 11:42:17] INFO: Manual/IDE Mode detected: Skipping automated password synchronization.
[2026-01-10 11:42:44] INFO: Collection Module: Received SAVE Event
[2026-01-10 11:42:48] INFO: Collection Module: Received SAVE Event
[2026-01-10 11:42:55] INFO: Collection Module: Received SAVE Event
[2026-01-10 11:42:59] INFO: Collection Module: Received SAVE Event
[2026-01-10 11:43:04] INFO: Collection Module: Received SAVE Event
[2026-01-10 11:43:08] INFO: Collection Module: Received SAVE Event
[2026-01-10 11:43:11] INFO: Collection Module: Received SAVE Event
[2026-01-10 11:43:14] INFO: Collection Module: Received SAVE Event
[2026-01-10 11:44:14] ERROR: Could not load application.properties. Using hardcoded defaults. | Exception: D:\projects\sahkarROSCA\application.properties (The system cannot find the file specified)
[2026-01-10 11:44:14] DEBUG: Stacktrace: java.base/java.io.FileInputStream.open0(Native Method)
[2026-01-10 11:44:14] INFO: Starting backup for database: society_db
[2026-01-10 11:44:14] ERROR: Backup service critical failure | Exception: Cannot run program "D:\projects\sahkarROSCA\mysql\bin\mysqldump.exe": CreateProcess error=2, The system cannot find the file specified
[2026-01-10 11:44:14] DEBUG: Stacktrace: java.base/java.lang.ProcessBuilder.start(ProcessBuilder.java:1143)
[2026-01-10 11:44:16] INFO: Manual/IDE Mode detected: Skipping automated password synchronization.
[2026-01-10 11:44:43] INFO: Collection Module: Received SAVE Event
[2026-01-10 11:44:47] INFO: Collection Module: Received SAVE Event
[2026-01-10 11:45:06] ERROR: Could not load application.properties. Using hardcoded defaults. | Exception: D:\projects\sahkarROSCA\application.properties (The system cannot find the file specified)
[2026-01-10 11:45:06] DEBUG: Stacktrace: java.base/java.io.FileInputStream.open0(Native Method)
[2026-01-10 11:45:06] INFO: Starting backup for database: society_db
[2026-01-10 11:45:06] ERROR: Backup service critical failure | Exception: Cannot run program "D:\projects\sahkarROSCA\mysql\bin\mysqldump.exe": CreateProcess error=2, The system cannot find the file specified
[2026-01-10 11:45:06] DEBUG: Stacktrace: java.base/java.lang.ProcessBuilder.start(ProcessBuilder.java:1143)
[2026-01-10 11:45:08] INFO: Manual/IDE Mode detected: Skipping automated password synchronization.
[2026-01-10 11:46:36] INFO: Collection Module: Received SAVE Event
[2026-01-10 11:46:39] INFO: Collection Module: Received SAVE Event
[2026-01-10 11:46:42] INFO: Collection Module: Received SAVE Event
[2026-01-10 11:48:03] ERROR: Could not load application.properties. Using hardcoded defaults. | Exception: D:\projects\sahkarROSCA\application.properties (The system cannot find the file specified)
[2026-01-10 11:48:03] DEBUG: Stacktrace: java.base/java.io.FileInputStream.open0(Native Method)
[2026-01-10 11:48:03] INFO: Starting backup for database: society_db
[2026-01-10 11:48:03] ERROR: Backup service critical failure | Exception: Cannot run program "D:\projects\sahkarROSCA\mysql\bin\mysqldump.exe": CreateProcess error=2, The system cannot find the file specified
[2026-01-10 11:48:03] DEBUG: Stacktrace: java.base/java.lang.ProcessBuilder.start(ProcessBuilder.java:1143)
[2026-01-10 11:48:03] INFO: Manual/IDE Mode detected: Skipping automated password synchronization.
[2026-01-10 11:48:30] INFO: Collection Module: Received SAVE Event
[2026-01-10 11:48:33] INFO: Collection Module: Received SAVE Event
[2026-01-10 11:48:37] INFO: Collection Module: Received SAVE Event
[2026-01-10 11:48:56] ERROR: Could not load application.properties. Using hardcoded defaults. | Exception: D:\projects\sahkarROSCA\application.properties (The system cannot find the file specified)
[2026-01-10 11:48:56] DEBUG: Stacktrace: java.base/java.io.FileInputStream.open0(Native Method)
[2026-01-10 11:48:56] INFO: Starting backup for database: society_db
[2026-01-10 11:48:56] ERROR: Backup service critical failure | Exception: Cannot run program "D:\projects\sahkarROSCA\mysql\bin\mysqldump.exe": CreateProcess error=2, The system cannot find the file specified
[2026-01-10 11:48:56] DEBUG: Stacktrace: java.base/java.lang.ProcessBuilder.start(ProcessBuilder.java:1143)
[2026-01-10 11:48:58] INFO: Manual/IDE Mode detected: Skipping automated password synchronization.
[2026-01-10 11:50:52] ERROR: Could not load application.properties. Using hardcoded defaults. | Exception: D:\projects\sahkarROSCA\application.properties (The system cannot find the file specified)
[2026-01-10 11:50:52] DEBUG: Stacktrace: java.base/java.io.FileInputStream.open0(Native Method)
[2026-01-10 11:50:52] INFO: Starting backup for database: society_db
[2026-01-10 11:50:52] ERROR: Backup service critical failure | Exception: Cannot run program "D:\projects\sahkarROSCA\mysql\bin\mysqldump.exe": CreateProcess error=2, The system cannot find the file specified
[2026-01-10 11:50:52] DEBUG: Stacktrace: java.base/java.lang.ProcessBuilder.start(ProcessBuilder.java:1143)
[2026-01-10 11:50:53] INFO: Manual/IDE Mode detected: Skipping automated password synchronization.
[2026-01-10 11:51:29] INFO: Collection Module: Received SAVE Event
[2026-01-10 11:51:34] INFO: Collection Module: Received SAVE Event
[2026-01-10 11:51:41] INFO: Collection Module: Received SAVE Event
[2026-01-10 11:51:44] INFO: Collection Module: Received SAVE Event
[2026-01-10 11:51:46] INFO: Collection Module: Received SAVE Event
[2026-01-10 11:51:50] INFO: Collection Module: Received SAVE Event
[2026-01-10 11:51:54] INFO: Collection Module: Received SAVE Event
[2026-01-10 11:52:24] INFO: Manual/IDE Mode detected: Skipping automated password synchronization.
[2026-01-10 11:52:24] ERROR: Could not load application.properties. Using hardcoded defaults. | Exception: D:\projects\sahkarROSCA\application.properties (The system cannot find the file specified)
[2026-01-10 11:52:24] DEBUG: Stacktrace: java.base/java.io.FileInputStream.open0(Native Method)
[2026-01-10 11:52:24] INFO: Starting backup for database: society_db
[2026-01-10 11:52:24] ERROR: Backup service critical failure | Exception: Cannot run program "D:\projects\sahkarROSCA\mysql\bin\mysqldump.exe": CreateProcess error=2, The system cannot find the file specified
[2026-01-10 11:52:24] DEBUG: Stacktrace: java.base/java.lang.ProcessBuilder.start(ProcessBuilder.java:1143)
[2026-01-10 11:54:05] INFO: Collection Module: Received SAVE Event
[2026-01-10 11:54:09] INFO: Collection Module: Received SAVE Event
[2026-01-10 11:54:12] INFO: Collection Module: Received SAVE Event
[2026-01-10 11:54:15] INFO: Collection Module: Received SAVE Event
[2026-01-10 11:54:18] INFO: Collection Module: Received SAVE Event
[2026-01-10 11:54:22] INFO: Collection Module: Received SAVE Event
[2026-01-10 11:54:26] INFO: Collection Module: Received SAVE Event
[2026-01-10 11:54:29] INFO: Collection Module: Received SAVE Event
[2026-01-10 11:54:33] INFO: Collection Module: Received SAVE Event
[2026-01-10 11:55:13] ERROR: Could not load application.properties. Using hardcoded defaults. | Exception: D:\projects\sahkarROSCA\application.properties (The system cannot find the file specified)
[2026-01-10 11:55:13] DEBUG: Stacktrace: java.base/java.io.FileInputStream.open0(Native Method)
[2026-01-10 11:55:13] INFO: Starting backup for database: society_db
[2026-01-10 11:55:13] ERROR: Backup service critical failure | Exception: Cannot run program "D:\projects\sahkarROSCA\mysql\bin\mysqldump.exe": CreateProcess error=2, The system cannot find the file specified
[2026-01-10 11:55:13] DEBUG: Stacktrace: java.base/java.lang.ProcessBuilder.start(ProcessBuilder.java:1143)
[2026-01-10 11:55:15] INFO: Manual/IDE Mode detected: Skipping automated password synchronization.
[2026-01-10 11:56:36] ERROR: Could not load application.properties. Using hardcoded defaults. | Exception: D:\projects\sahkarROSCA\application.properties (The system cannot find the file specified)
[2026-01-10 11:56:36] DEBUG: Stacktrace: java.base/java.io.FileInputStream.open0(Native Method)
[2026-01-10 11:56:36] INFO: Starting backup for database: society_db
[2026-01-10 11:56:36] ERROR: Backup service critical failure | Exception: Cannot run program "D:\projects\sahkarROSCA\mysql\bin\mysqldump.exe": CreateProcess error=2, The system cannot find the file specified
[2026-01-10 11:56:36] DEBUG: Stacktrace: java.base/java.lang.ProcessBuilder.start(ProcessBuilder.java:1143)
[2026-01-10 11:56:37] INFO: Manual/IDE Mode detected: Skipping automated password synchronization.
[2026-01-10 11:57:11] INFO: Collection Module: Received SAVE Event
[2026-01-10 11:57:17] INFO: Collection Module: Received SAVE Event
[2026-01-10 11:57:23] INFO: Collection Module: Received SAVE Event
[2026-01-10 11:57:28] INFO: Collection Module: Received SAVE Event
[2026-01-10 11:57:53] ERROR: Could not load application.properties. Using hardcoded defaults. | Exception: D:\projects\sahkarROSCA\application.properties (The system cannot find the file specified)
[2026-01-10 11:57:53] DEBUG: Stacktrace: java.base/java.io.FileInputStream.open0(Native Method)
[2026-01-10 11:57:53] INFO: Starting backup for database: society_db
[2026-01-10 11:57:53] ERROR: Backup service critical failure | Exception: Cannot run program "D:\projects\sahkarROSCA\mysql\bin\mysqldump.exe": CreateProcess error=2, The system cannot find the file specified
[2026-01-10 11:57:53] DEBUG: Stacktrace: java.base/java.lang.ProcessBuilder.start(ProcessBuilder.java:1143)
[2026-01-10 11:57:54] INFO: Manual/IDE Mode detected: Skipping automated password synchronization.
[2026-01-10 11:59:06] INFO: Collection Module: Received SAVE Event
[2026-01-10 11:59:13] INFO: Collection Module: Received SAVE Event
[2026-01-10 11:59:35] ERROR: Could not load application.properties. Using hardcoded defaults. | Exception: D:\projects\sahkarROSCA\application.properties (The system cannot find the file specified)
[2026-01-10 11:59:35] DEBUG: Stacktrace: java.base/java.io.FileInputStream.open0(Native Method)
[2026-01-10 11:59:35] INFO: Starting backup for database: society_db
[2026-01-10 11:59:35] ERROR: Backup service critical failure | Exception: Cannot run program "D:\projects\sahkarROSCA\mysql\bin\mysqldump.exe": CreateProcess error=2, The system cannot find the file specified
[2026-01-10 11:59:35] DEBUG: Stacktrace: java.base/java.lang.ProcessBuilder.start(ProcessBuilder.java:1143)
[2026-01-10 11:59:35] INFO: Manual/IDE Mode detected: Skipping automated password synchronization.
[2026-01-10 11:59:59] INFO: Collection Module: Received SAVE Event
[2026-01-10 12:00:02] INFO: Collection Module: Received SAVE Event
[2026-01-10 12:00:06] INFO: Collection Module: Received SAVE Event
[2026-01-10 12:00:27] INFO: Manual/IDE Mode detected: Skipping automated password synchronization.
[2026-01-10 12:00:28] ERROR: Could not load application.properties. Using hardcoded defaults. | Exception: D:\projects\sahkarROSCA\application.properties (The system cannot find the file specified)
[2026-01-10 12:00:28] DEBUG: Stacktrace: java.base/java.io.FileInputStream.open0(Native Method)
[2026-01-10 12:00:28] INFO: Starting backup for database: society_db
[2026-01-10 12:00:28] ERROR: Backup service critical failure | Exception: Cannot run program "D:\projects\sahkarROSCA\mysql\bin\mysqldump.exe": CreateProcess error=2, The system cannot find the file specified
[2026-01-10 12:00:28] DEBUG: Stacktrace: java.base/java.lang.ProcessBuilder.start(ProcessBuilder.java:1143)
[2026-01-10 12:00:53] INFO: Collection Module: Received SAVE Event
[2026-01-10 12:00:56] INFO: Collection Module: Received SAVE Event
[2026-01-10 12:01:00] INFO: Collection Module: Received SAVE Event
[2026-01-10 12:01:17] INFO: Manual/IDE Mode detected: Skipping automated password synchronization.
[2026-01-10 12:01:17] ERROR: Could not load application.properties. Using hardcoded defaults. | Exception: D:\projects\sahkarROSCA\application.properties (The system cannot find the file specified)
[2026-01-10 12:01:17] DEBUG: Stacktrace: java.base/java.io.FileInputStream.open0(Native Method)
[2026-01-10 12:01:17] INFO: Starting backup for database: society_db
[2026-01-10 12:01:17] ERROR: Backup service critical failure | Exception: Cannot run program "D:\projects\sahkarROSCA\mysql\bin\mysqldump.exe": CreateProcess error=2, The system cannot find the file specified
[2026-01-10 12:01:17] DEBUG: Stacktrace: java.base/java.lang.ProcessBuilder.start(ProcessBuilder.java:1143)
[2026-01-10 12:03:58] INFO: Collection Module: Received SAVE Event
[2026-01-10 12:04:02] INFO: Collection Module: Received SAVE Event
[2026-01-10 12:04:05] INFO: Collection Module: Received SAVE Event
[2026-01-10 12:04:09] INFO: Collection Module: Received SAVE Event
[2026-01-10 12:04:13] INFO: Collection Module: Received SAVE Event
[2026-01-10 12:04:15] INFO: Collection Module: Received SAVE Event
[2026-01-10 12:04:37] ERROR: Could not load application.properties. Using hardcoded defaults. | Exception: D:\projects\sahkarROSCA\application.properties (The system cannot find the file specified)
[2026-01-10 12:04:37] DEBUG: Stacktrace: java.base/java.io.FileInputStream.open0(Native Method)
[2026-01-10 12:04:37] INFO: Starting backup for database: society_db
[2026-01-10 12:04:37] ERROR: Backup service critical failure | Exception: Cannot run program "D:\projects\sahkarROSCA\mysql\bin\mysqldump.exe": CreateProcess error=2, The system cannot find the file specified
[2026-01-10 12:04:37] DEBUG: Stacktrace: java.base/java.lang.ProcessBuilder.start(ProcessBuilder.java:1143)
[2026-01-10 12:04:40] INFO: Manual/IDE Mode detected: Skipping automated password synchronization.
[2026-01-10 12:05:35] INFO: Collection Module: Received SAVE Event
[2026-01-10 12:05:41] INFO: Collection Module: Received SAVE Event
[2026-01-10 12:05:49] INFO: Collection Module: Received SAVE Event
[2026-01-10 12:08:14] ERROR: Could not load application.properties. Using hardcoded defaults. | Exception: D:\projects\sahkarROSCA\application.properties (The system cannot find the file specified)
[2026-01-10 12:08:14] DEBUG: Stacktrace: java.base/java.io.FileInputStream.open0(Native Method)
[2026-01-10 12:08:14] INFO: Starting backup for database: society_db
[2026-01-10 12:08:14] ERROR: Backup service critical failure | Exception: Cannot run program "D:\projects\sahkarROSCA\mysql\bin\mysqldump.exe": CreateProcess error=2, The system cannot find the file specified
[2026-01-10 12:08:14] DEBUG: Stacktrace: java.base/java.lang.ProcessBuilder.start(ProcessBuilder.java:1143)
[2026-01-10 12:08:16] INFO: Manual/IDE Mode detected: Skipping automated password synchronization.
[2026-01-10 12:08:41] INFO: Collection Module: Received SAVE Event
[2026-01-10 12:08:46] INFO: Collection Module: Received SAVE Event
[2026-01-10 12:08:51] INFO: Collection Module: Received SAVE Event
[2026-01-10 12:09:24] INFO: Manual/IDE Mode detected: Skipping automated password synchronization.
[2026-01-10 12:09:24] ERROR: Could not load application.properties. Using hardcoded defaults. | Exception: D:\projects\sahkarROSCA\application.properties (The system cannot find the file specified)
[2026-01-10 12:09:24] DEBUG: Stacktrace: java.base/java.io.FileInputStream.open0(Native Method)
[2026-01-10 12:09:24] INFO: Starting backup for database: society_db
[2026-01-10 12:09:24] ERROR: Backup service critical failure | Exception: Cannot run program "D:\projects\sahkarROSCA\mysql\bin\mysqldump.exe": CreateProcess error=2, The system cannot find the file specified
[2026-01-10 12:09:24] DEBUG: Stacktrace: java.base/java.lang.ProcessBuilder.start(ProcessBuilder.java:1143)
[2026-01-10 12:09:51] INFO: Collection Module: Received SAVE Event
[2026-01-10 12:09:54] INFO: Collection Module: Received SAVE Event
[2026-01-10 12:09:58] INFO: Collection Module: Received SAVE Event
[2026-01-10 12:10:02] INFO: Collection Module: Received SAVE Event
[2026-01-10 12:10:23] INFO: Collection Module: Received SAVE Event
[2026-01-10 12:10:26] INFO: Collection Module: Received SAVE Event
[2026-01-10 12:10:29] INFO: Collection Module: Received SAVE Event
[2026-01-10 12:11:20] INFO: Collection Module: Received SAVE Event
[2026-01-10 12:11:51] INFO: Collection Module: Received SAVE Event
[2026-01-10 12:13:11] INFO: Collection Module: Received SAVE Event
[2026-01-10 12:18:47] INFO: Collection Module: Received SAVE Event
[2026-01-10 12:18:50] INFO: Collection Module: Received SAVE Event
[2026-01-10 12:18:53] INFO: Collection Module: Received SAVE Event
[2026-01-10 12:22:11] INFO: Collection Module: Received SAVE Event
[2026-01-10 12:22:18] INFO: Collection Module: Received SAVE Event
[2026-01-10 12:22:21] INFO: Collection Module: Received SAVE Event
[2026-01-10 12:26:15] INFO: Collection Module: Received SAVE Event
[2026-01-10 12:26:19] INFO: Collection Module: Received SAVE Event
[2026-01-10 12:26:23] INFO: Collection Module: Received SAVE Event
[2026-01-10 12:31:29] INFO: Collection Module: Received SAVE Event
[2026-01-10 12:31:49] INFO: Collection Module: Received SAVE Event
[2026-01-10 12:32:40] INFO: Collection Module: Received SAVE Event
[2026-01-10 12:32:44] INFO: Collection Module: Received SAVE Event
[2026-01-10 12:32:49] INFO: Collection Module: Received SAVE Event
[2026-01-10 12:32:54] INFO: Collection Module: Received SAVE Event
[2026-01-10 12:33:02] INFO: Collection Module: Received SAVE Event
[2026-01-10 12:37:41] INFO: Collection Module: Received SAVE Event
[2026-01-10 12:42:16] INFO: Collection Module: Received SAVE Event
[2026-01-10 12:42:22] INFO: Collection Module: Received SAVE Event
[2026-01-10 12:42:26] INFO: Collection Module: Received SAVE Event
[2026-01-10 12:50:47] INFO: Collection Module: Received SAVE Event
[2026-01-10 12:50:50] INFO: Collection Module: Received SAVE Event
[2026-01-10 12:50:53] INFO: Collection Module: Received SAVE Event
[2026-01-10 12:51:02] INFO: Collection Module: Received SAVE Event
[2026-01-10 12:51:08] INFO: Collection Module: Received SAVE Event
[2026-01-10 12:51:13] INFO: Collection Module: Received SAVE Event
[2026-01-10 12:51:16] INFO: Collection Module: Received SAVE Event
[2026-01-10 12:51:26] INFO: Collection Module: Received SAVE Event
[2026-01-10 12:54:07] INFO: Collection Module: Received SAVE Event
[2026-01-10 12:54:10] INFO: Collection Module: Received SAVE Event
[2026-01-10 12:54:13] INFO: Collection Module: Received SAVE Event
[2026-01-10 12:54:15] INFO: Collection Module: Received SAVE Event
[2026-01-10 12:54:18] INFO: Collection Module: Received SAVE Event
[2026-01-10 12:54:20] INFO: Collection Module: Received SAVE Event
[2026-01-10 12:54:23] INFO: Collection Module: Received SAVE Event
[2026-01-10 12:54:26] INFO: Collection Module: Received SAVE Event
[2026-01-10 12:54:30] INFO: Collection Module: Received SAVE Event
[2026-01-10 12:55:52] INFO: Collection Module: Received SAVE Event
[2026-01-10 12:55:55] INFO: Collection Module: Received SAVE Event
[2026-01-10 12:56:14] ERROR: Could not load application.properties. Using hardcoded defaults. | Exception: D:\projects\sahkarROSCA\application.properties (The system cannot find the file specified)
[2026-01-10 12:56:14] DEBUG: Stacktrace: java.base/java.io.FileInputStream.open0(Native Method)
[2026-01-10 12:56:14] INFO: Starting backup for database: society_db
[2026-01-10 12:56:14] ERROR: Backup service critical failure | Exception: Cannot run program "D:\projects\sahkarROSCA\mysql\bin\mysqldump.exe": CreateProcess error=2, The system cannot find the file specified
[2026-01-10 12:56:14] DEBUG: Stacktrace: java.base/java.lang.ProcessBuilder.start(ProcessBuilder.java:1143)
[2026-01-10 12:56:18] INFO: Manual/IDE Mode detected: Skipping automated password synchronization.
[2026-01-10 12:57:05] INFO: Collection Module: Received SAVE Event
[2026-01-10 12:57:08] INFO: Collection Module: Received SAVE Event
[2026-01-10 12:57:10] INFO: Collection Module: Received SAVE Event
[2026-01-10 12:57:38] ERROR: Could not load application.properties. Using hardcoded defaults. | Exception: D:\projects\sahkarROSCA\application.properties (The system cannot find the file specified)
[2026-01-10 12:57:38] DEBUG: Stacktrace: java.base/java.io.FileInputStream.open0(Native Method)
[2026-01-10 12:57:38] INFO: Starting backup for database: society_db
[2026-01-10 12:57:38] ERROR: Backup service critical failure | Exception: Cannot run program "D:\projects\sahkarROSCA\mysql\bin\mysqldump.exe": CreateProcess error=2, The system cannot find the file specified
[2026-01-10 12:57:38] DEBUG: Stacktrace: java.base/java.lang.ProcessBuilder.start(ProcessBuilder.java:1143)
[2026-01-10 12:57:40] INFO: Manual/IDE Mode detected: Skipping automated password synchronization.
[2026-01-10 12:58:02] INFO: Collection Module: Received SAVE Event
[2026-01-10 12:58:07] INFO: Collection Module: Received SAVE Event
[2026-01-10 12:58:40] INFO: Collection Module: Received SAVE Event
[2026-01-10 12:58:43] ERROR: Could not load application.properties. Using hardcoded defaults. | Exception: D:\projects\sahkarROSCA\application.properties (The system cannot find the file specified)
[2026-01-10 12:58:43] DEBUG: Stacktrace: java.base/java.io.FileInputStream.open0(Native Method)
[2026-01-10 12:58:43] INFO: Starting backup for database: society_db
[2026-01-10 12:58:43] ERROR: Backup service critical failure | Exception: Cannot run program "D:\projects\sahkarROSCA\mysql\bin\mysqldump.exe": CreateProcess error=2, The system cannot find the file specified
[2026-01-10 12:58:43] DEBUG: Stacktrace: java.base/java.lang.ProcessBuilder.start(ProcessBuilder.java:1143)
[2026-01-10 12:58:46] INFO: Manual/IDE Mode detected: Skipping automated password synchronization.
[2026-01-10 12:59:00] ERROR: Login Failed! | Exception: Invalid Username or Password!
[2026-01-10 12:59:00] DEBUG: Stacktrace: com.badargadh.sahkar.service.UserService.authenticate(UserService.java:69)
[2026-01-10 12:59:14] INFO: Collection Module: Received SAVE Event
[2026-01-10 12:59:18] INFO: Collection Module: Received SAVE Event
[2026-01-10 12:59:21] INFO: Collection Module: Received SAVE Event
[2026-01-10 12:59:49] INFO: Collection Module: Received SAVE Event
[2026-01-10 12:59:52] INFO: Collection Module: Received SAVE Event
[2026-01-10 13:00:35] INFO: Collection Module: Received SAVE Event
[2026-01-10 13:01:26] INFO: Collection Module: Received SAVE Event
[2026-01-10 13:03:35] INFO: Collection Module: Received SAVE Event
[2026-01-10 13:05:03] INFO: Collection Module: Received SAVE Event
[2026-01-10 13:05:13] INFO: Collection Module: Received SAVE Event
[2026-01-10 13:05:22] INFO: Collection Module: Received SAVE Event
[2026-01-10 13:06:49] INFO: Collection Module: Received SAVE Event
[2026-01-10 13:06:55] INFO: Collection Module: Received SAVE Event
[2026-01-10 13:06:58] INFO: Collection Module: Received SAVE Event
[2026-01-10 13:07:02] INFO: Collection Module: Received SAVE Event
[2026-01-10 13:07:07] INFO: Collection Module: Received SAVE Event
[2026-01-10 13:07:16] INFO: Collection Module: Received SAVE Event
[2026-01-10 13:07:20] INFO: Collection Module: Received SAVE Event
[2026-01-10 13:07:24] INFO: Collection Module: Received SAVE Event
[2026-01-10 13:19:02] ERROR: Could not load application.properties. Using hardcoded defaults. | Exception: D:\projects\sahkarROSCA\application.properties (The system cannot find the file specified)
[2026-01-10 13:19:02] DEBUG: Stacktrace: java.base/java.io.FileInputStream.open0(Native Method)
[2026-01-10 13:19:02] INFO: Starting backup for database: society_db
[2026-01-10 13:19:02] ERROR: Backup service critical failure | Exception: Cannot run program "D:\projects\sahkarROSCA\mysql\bin\mysqldump.exe": CreateProcess error=2, The system cannot find the file specified
[2026-01-10 13:19:02] DEBUG: Stacktrace: java.base/java.lang.ProcessBuilder.start(ProcessBuilder.java:1143)
[2026-01-10 13:20:47] INFO: Manual/IDE Mode detected: Skipping automated password synchronization.
[2026-01-10 13:22:32] INFO: Collection Module: Received SAVE Event
[2026-01-10 13:23:09] ERROR: Could not load application.properties. Using hardcoded defaults. | Exception: D:\projects\sahkarROSCA\application.properties (The system cannot find the file specified)
[2026-01-10 13:23:09] DEBUG: Stacktrace: java.base/java.io.FileInputStream.open0(Native Method)
[2026-01-10 13:23:09] INFO: Starting backup for database: society_db
[2026-01-10 13:23:09] ERROR: Backup service critical failure | Exception: Cannot run program "D:\projects\sahkarROSCA\mysql\bin\mysqldump.exe": CreateProcess error=2, The system cannot find the file specified
[2026-01-10 13:23:09] DEBUG: Stacktrace: java.base/java.lang.ProcessBuilder.start(ProcessBuilder.java:1143)
[2026-01-10 13:44:29] INFO: Manual/IDE Mode detected: Skipping automated password synchronization.
[2026-01-10 13:45:11] INFO: Collection Module: Received SAVE Event
[2026-01-10 13:45:15] INFO: Collection Module: Received SAVE Event
[2026-01-10 13:45:20] INFO: Collection Module: Received SAVE Event
[2026-01-10 13:45:24] INFO: Collection Module: Received SAVE Event
[2026-01-10 13:45:27] INFO: Collection Module: Received SAVE Event
[2026-01-10 13:45:31] INFO: Collection Module: Received SAVE Event
[2026-01-10 13:45:35] INFO: Collection Module: Received SAVE Event
[2026-01-10 13:45:40] INFO: Collection Module: Received SAVE Event
[2026-01-10 13:45:45] INFO: Collection Module: Received SAVE Event
[2026-01-10 13:45:50] INFO: Collection Module: Received SAVE Event
[2026-01-10 13:45:54] INFO: Collection Module: Received SAVE Event
[2026-01-10 13:45:58] INFO: Collection Module: Received SAVE Event
[2026-01-10 13:46:02] INFO: Collection Module: Received SAVE Event
[2026-01-10 13:50:46] INFO: Collection Module: Received SAVE Event
[2026-01-10 13:50:58] INFO: Collection Module: Received SAVE Event
[2026-01-10 13:52:33] ERROR: Could not load application.properties. Using hardcoded defaults. | Exception: D:\projects\sahkarROSCA\application.properties (The system cannot find the file specified)
[2026-01-10 13:52:33] DEBUG: Stacktrace: java.base/java.io.FileInputStream.open0(Native Method)
[2026-01-10 13:52:33] INFO: Starting backup for database: society_db
[2026-01-10 13:52:33] ERROR: Backup service critical failure | Exception: Cannot run program "D:\projects\sahkarROSCA\mysql\bin\mysqldump.exe": CreateProcess error=2, The system cannot find the file specified
[2026-01-10 13:52:33] DEBUG: Stacktrace: java.base/java.lang.ProcessBuilder.start(ProcessBuilder.java:1143)
[2026-01-10 14:19:28] INFO: Manual/IDE Mode detected: Skipping automated password synchronization.
[2026-01-10 15:15:16] INFO: Collection Module: Received SAVE Event
[2026-01-10 15:16:18] INFO: Collection Module: Received SAVE Event
[2026-01-10 15:16:22] INFO: Collection Module: Received SAVE Event
[2026-01-10 15:16:24] INFO: Collection Module: Received SAVE Event
[2026-01-10 15:17:12] INFO: Collection Module: Received SAVE Event
[2026-01-10 15:17:47] INFO: Collection Module: Received SAVE Event
[2026-01-10 15:17:56] INFO: Collection Module: Received SAVE Event
[2026-01-10 15:17:59] INFO: Collection Module: Received SAVE Event
[2026-01-10 15:20:19] INFO: Collection Module: Received SAVE Event
[2026-01-10 15:20:23] INFO: Collection Module: Received SAVE Event
[2026-01-10 15:20:26] INFO: Collection Module: Received SAVE Event
[2026-01-10 15:22:58] INFO: Collection Module: Received SAVE Event
[2026-01-10 15:24:05] INFO: Collection Module: Received SAVE Event
[2026-01-10 15:24:08] INFO: Collection Module: Received SAVE Event
[2026-01-10 15:24:11] INFO: Collection Module: Received SAVE Event
[2026-01-10 15:24:50] INFO: Collection Module: Received SAVE Event
[2026-01-10 15:25:25] INFO: Collection Module: Received SAVE Event
[2026-01-10 15:25:37] INFO: Collection Module: Received SAVE Event
[2026-01-10 15:25:42] INFO: Collection Module: Received SAVE Event
[2026-01-10 15:25:46] INFO: Collection Module: Received SAVE Event
[2026-01-10 15:25:51] INFO: Collection Module: Received SAVE Event
[2026-01-10 15:25:56] INFO: Collection Module: Received SAVE Event
[2026-01-10 15:26:00] INFO: Collection Module: Received SAVE Event
[2026-01-10 15:26:05] INFO: Collection Module: Received SAVE Event
[2026-01-10 15:26:10] INFO: Collection Module: Received SAVE Event
[2026-01-10 15:26:16] INFO: Collection Module: Received SAVE Event
[2026-01-10 15:26:29] INFO: Collection Module: Received SAVE Event
[2026-01-10 15:26:36] INFO: Collection Module: Received SAVE Event
[2026-01-10 15:26:50] INFO: Collection Module: Received SAVE Event
[2026-01-10 15:26:59] INFO: Collection Module: Received SAVE Event
[2026-01-10 15:27:03] INFO: Collection Module: Received SAVE Event
[2026-01-10 15:27:18] INFO: Collection Module: Received SAVE Event
[2026-01-10 15:28:17] ERROR: Could not load application.properties. Using hardcoded defaults. | Exception: D:\projects\sahkarROSCA\application.properties (The system cannot find the file specified)
[2026-01-10 15:28:17] DEBUG: Stacktrace: java.base/java.io.FileInputStream.open0(Native Method)
[2026-01-10 15:28:17] INFO: Starting backup for database: society_db
[2026-01-10 15:28:17] ERROR: Backup service critical failure | Exception: Cannot run program "D:\projects\sahkarROSCA\mysql\bin\mysqldump.exe": CreateProcess error=2, The system cannot find the file specified
[2026-01-10 15:28:17] DEBUG: Stacktrace: java.base/java.lang.ProcessBuilder.start(ProcessBuilder.java:1143)
[2026-01-10 15:28:21] INFO: Manual/IDE Mode detected: Skipping automated password synchronization.
[2026-01-10 15:28:36] ERROR: Login Failed! | Exception: Invalid Username or Password!
[2026-01-10 15:28:36] DEBUG: Stacktrace: com.badargadh.sahkar.service.UserService.authenticate(UserService.java:69)
[2026-01-10 15:28:48] INFO: Collection Module: Received SAVE Event
[2026-01-10 15:28:54] INFO: Collection Module: Received SAVE Event
[2026-01-10 15:28:58] INFO: Collection Module: Received SAVE Event
[2026-01-10 15:29:03] INFO: Collection Module: Received SAVE Event
[2026-01-10 15:35:11] INFO: Collection Module: Received SAVE Event
[2026-01-10 15:35:14] INFO: Collection Module: Received SAVE Event
[2026-01-10 15:35:30] INFO: Collection Module: Received SAVE Event
[2026-01-10 15:35:38] INFO: Collection Module: Received SAVE Event
[2026-01-10 15:38:22] INFO: Collection Module: Received SAVE Event
[2026-01-10 15:50:05] INFO: Collection Module: Received SAVE Event
[2026-01-10 15:50:21] INFO: Collection Module: Received SAVE Event
[2026-01-10 15:50:29] INFO: Collection Module: Received SAVE Event
[2026-01-10 15:50:32] INFO: Collection Module: Received SAVE Event
[2026-01-10 15:50:48] INFO: Collection Module: Received SAVE Event
[2026-01-10 15:51:01] INFO: Collection Module: Received SAVE Event
[2026-01-10 15:51:06] INFO: Collection Module: Received SAVE Event
[2026-01-10 15:51:08] INFO: Collection Module: Received SAVE Event
[2026-01-10 15:51:11] INFO: Collection Module: Received SAVE Event
[2026-01-10 15:51:15] INFO: Collection Module: Received SAVE Event
[2026-01-10 15:51:22] INFO: Collection Module: Received SAVE Event
[2026-01-10 15:53:52] INFO: Collection Module: Received SAVE Event
[2026-01-10 15:56:55] INFO: Collection Module: Received SAVE Event
[2026-01-10 16:10:13] INFO: Manual/IDE Mode detected: Skipping automated password synchronization.
[2026-01-10 16:11:57] INFO: Validating loan date. Current Max: 2025-12-11T13:30 | New App: 2026-01-10T16:11:01.511217700
[2026-01-10 16:12:03] INFO: Validating loan date. Current Max: 2025-12-11T13:30 | New App: 2026-01-10T16:11:01.511217700
[2026-01-10 16:12:11] INFO: Validating loan date. Current Max: 2026-01-10T16:11:01.511218 | New App: 2026-01-10T16:11:01.511217700
[2026-01-10 16:12:19] INFO: Validating loan date. Current Max: 2026-01-10T16:11:01.511218 | New App: 2026-01-10T16:12
[2026-01-10 16:12:28] INFO: Validating loan date. Current Max: 2026-01-10T16:11:01.511218 | New App: 2026-01-10T16:12
[2026-01-10 16:13:02] INFO: Validating loan date. Current Max: 2026-01-10T16:12 | New App: 2026-01-10T16:13
[2026-01-10 16:13:10] INFO: Validating loan date. Current Max: 2026-01-10T16:12 | New App: 2026-01-10T16:13
[2026-01-10 16:13:16] INFO: Validating loan date. Current Max: 2026-01-10T16:13 | New App: 2026-01-10T16:13
[2026-01-10 16:13:20] INFO: Validating loan date. Current Max: 2026-01-10T16:13 | New App: 2026-01-10T16:13
[2026-01-10 16:13:25] INFO: Validating loan date. Current Max: 2026-01-10T16:13 | New App: 2026-01-10T16:13
[2026-01-10 16:13:28] INFO: Validating loan date. Current Max: 2026-01-10T16:13 | New App: 2026-01-10T16:13
[2026-01-10 16:15:38] INFO: Collection Module: Received SAVE Event
[2026-01-10 16:16:32] INFO: Validating loan date. Current Max: 2026-01-10T16:13 | New App: 2026-01-10T16:16:24.204469500
[2026-01-10 16:16:35] INFO: Validating loan date. Current Max: 2026-01-10T16:13 | New App: 2026-01-10T16:16:24.204469500
[2026-01-10 16:16:57] INFO: Collection Module: Received SAVE Event
[2026-01-10 16:17:07] INFO: Collection Module: Received SAVE Event
[2026-01-10 16:17:15] INFO: Collection Module: Received SAVE Event
[2026-01-10 16:17:21] INFO: Collection Module: Received SAVE Event
[2026-01-10 16:17:28] INFO: Collection Module: Received SAVE Event
[2026-01-10 16:17:31] INFO: Collection Module: Received SAVE Event
[2026-01-10 16:17:35] INFO: Collection Module: Received SAVE Event
[2026-01-10 16:17:42] INFO: Collection Module: Received SAVE Event
[2026-01-10 16:18:37] INFO: Validating loan date. Current Max: 2026-01-10T16:16:24.204470 | New App: 2026-01-10T16:18:28.564451200
[2026-01-10 16:18:40] INFO: Validating loan date. Current Max: 2026-01-10T16:16:24.204470 | New App: 2026-01-10T16:18:28.564451200
[2026-01-10 16:18:46] INFO: Validating loan date. Current Max: 2026-01-10T16:18:28.564451 | New App: 2026-01-10T16:18:28.564451200
[2026-01-10 16:18:49] INFO: Validating loan date. Current Max: 2026-01-10T16:18:28.564451 | New App: 2026-01-10T16:18:28.564451200
[2026-01-10 16:19:10] INFO: Validating loan date. Current Max: 2026-01-10T16:18:28.564451 | New App: 2026-01-10T16:18:28.564451200
[2026-01-10 16:19:13] INFO: Validating loan date. Current Max: 2026-01-10T16:18:28.564451 | New App: 2026-01-10T16:18:28.564451200
[2026-01-10 16:19:30] INFO: Validating loan date. Current Max: 2026-01-10T16:18:28.564451 | New App: 2026-01-10T16:18:28.564451200
[2026-01-10 16:19:33] INFO: Validating loan date. Current Max: 2026-01-10T16:18:28.564451 | New App: 2026-01-10T16:18:28.564451200
[2026-01-10 16:19:40] INFO: Validating loan date. Current Max: 2026-01-10T16:18:28.564451 | New App: 2026-01-10T16:18:28.564451200
[2026-01-10 16:19:42] INFO: Validating loan date. Current Max: 2026-01-10T16:18:28.564451 | New App: 2026-01-10T16:18:28.564451200
[2026-01-10 16:19:53] INFO: Validating loan date. Current Max: 2026-01-10T16:18:28.564451 | New App: 2026-01-10T16:18:28.564451200
[2026-01-10 16:19:56] INFO: Validating loan date. Current Max: 2026-01-10T16:18:28.564451 | New App: 2026-01-10T16:18:28.564451200
[2026-01-10 16:21:22] INFO: Validating loan date. Current Max: 2026-01-10T16:18:28.564451 | New App: 2026-01-10T16:18:28.564451200
[2026-01-10 16:21:27] INFO: Validating loan date. Current Max: 2026-01-10T16:18:28.564451 | New App: 2026-01-10T16:18:28.564451200
[2026-01-10 16:22:24] INFO: Collection Module: Received SAVE Event
[2026-01-10 16:22:28] INFO: Collection Module: Received SAVE Event
[2026-01-10 16:22:31] INFO: Collection Module: Received SAVE Event
[2026-01-10 16:23:08] INFO: Validating loan date. Current Max: 2026-01-10T16:18:28.564451 | New App: 2026-01-10T16:22:59.841903700
[2026-01-10 16:23:11] INFO: Validating loan date. Current Max: 2026-01-10T16:18:28.564451 | New App: 2026-01-10T16:22:59.841903700
[2026-01-10 16:23:59] INFO: Collection Module: Received SAVE Event
[2026-01-10 16:24:17] INFO: Validating loan date. Current Max: 2026-01-10T16:22:59.841904 | New App: 2026-01-10T16:24:12.066983800
[2026-01-10 16:24:22] INFO: Validating loan date. Current Max: 2026-01-10T16:22:59.841904 | New App: 2026-01-10T16:24:12.066983800
[2026-01-10 16:24:49] INFO: Validating loan date. Current Max: 2026-01-10T16:24:12.066984 | New App: 2026-01-10T16:24:12.066983800
[2026-01-10 16:24:52] INFO: Validating loan date. Current Max: 2026-01-10T16:24:12.066984 | New App: 2026-01-10T16:24:12.066983800
[2026-01-10 16:25:00] INFO: Validating loan date. Current Max: 2026-01-10T16:24:12.066984 | New App: 2026-01-10T16:25
[2026-01-10 16:25:04] INFO: Validating loan date. Current Max: 2026-01-10T16:24:12.066984 | New App: 2026-01-10T16:25
[2026-01-10 16:25:10] INFO: Validating loan date. Current Max: 2026-01-10T16:25 | New App: 2026-01-10T16:25
[2026-01-10 16:25:13] INFO: Validating loan date. Current Max: 2026-01-10T16:25 | New App: 2026-01-10T16:25
[2026-01-10 16:25:24] INFO: Validating loan date. Current Max: 2026-01-10T16:25 | New App: 2026-01-10T16:25
[2026-01-10 16:25:27] INFO: Validating loan date. Current Max: 2026-01-10T16:25 | New App: 2026-01-10T16:25
[2026-01-10 16:25:35] INFO: Validating loan date. Current Max: 2026-01-10T16:25 | New App: 2026-01-10T16:25
[2026-01-10 16:25:38] INFO: Validating loan date. Current Max: 2026-01-10T16:25 | New App: 2026-01-10T16:25
[2026-01-10 16:25:53] INFO: Validating loan date. Current Max: 2026-01-10T16:25 | New App: 2026-01-10T16:25
[2026-01-10 16:25:56] INFO: Validating loan date. Current Max: 2026-01-10T16:25 | New App: 2026-01-10T16:25
[2026-01-10 16:26:12] INFO: Validating loan date. Current Max: 2026-01-10T16:25 | New App: 2026-01-10T16:25
[2026-01-10 16:26:14] INFO: Validating loan date. Current Max: 2026-01-10T16:25 | New App: 2026-01-10T16:25
[2026-01-10 16:26:53] INFO: Validating loan date. Current Max: 2026-01-10T16:25 | New App: 2026-01-10T16:25
[2026-01-10 16:26:56] INFO: Validating loan date. Current Max: 2026-01-10T16:25 | New App: 2026-01-10T16:25
[2026-01-10 16:27:07] INFO: Validating loan date. Current Max: 2026-01-10T16:25 | New App: 2026-01-10T16:25
[2026-01-10 16:27:09] INFO: Validating loan date. Current Max: 2026-01-10T16:25 | New App: 2026-01-10T16:25
[2026-01-10 16:27:41] INFO: Validating loan date. Current Max: 2026-01-10T16:25 | New App: 2026-01-10T16:25
[2026-01-10 16:27:45] INFO: Validating loan date. Current Max: 2026-01-10T16:25 | New App: 2026-01-10T16:25
[2026-01-10 16:30:28] INFO: Validating loan date. Current Max: 2026-01-10T16:25 | New App: 2026-01-10T16:25
[2026-01-10 16:30:31] INFO: Validating loan date. Current Max: 2026-01-10T16:25 | New App: 2026-01-10T16:25
[2026-01-10 16:30:56] INFO: Validating loan date. Current Max: 2026-01-10T16:25 | New App: 2026-01-10T16:25
[2026-01-10 16:31:17] INFO: Validating loan date. Current Max: 2026-01-10T16:25 | New App: 2026-01-10T16:25
[2026-01-10 16:31:25] INFO: Validating loan date. Current Max: 2026-01-10T16:25 | New App: 2026-01-10T16:25
[2026-01-10 16:32:35] INFO: Validating loan date. Current Max: 2026-01-10T16:25 | New App: 2026-01-10T16:25
[2026-01-10 16:32:46] INFO: Validating loan date. Current Max: 2026-01-10T16:25 | New App: 2026-01-10T16:25
[2026-01-10 16:33:13] INFO: Validating loan date. Current Max: 2026-01-10T16:25 | New App: 2026-01-10T16:25
[2026-01-10 16:33:16] INFO: Validating loan date. Current Max: 2026-01-10T16:25 | New App: 2026-01-10T16:25
[2026-01-10 16:33:24] INFO: Validating loan date. Current Max: 2026-01-10T16:25 | New App: 2026-01-10T16:25
[2026-01-10 16:33:27] INFO: Validating loan date. Current Max: 2026-01-10T16:25 | New App: 2026-01-10T16:25
[2026-01-10 16:37:32] INFO: Collection Module: Received SAVE Event
[2026-01-10 16:38:30] INFO: Validating loan date. Current Max: 2026-01-10T16:25 | New App: 2026-01-10T16:38:19.693001500
[2026-01-10 16:38:33] INFO: Validating loan date. Current Max: 2026-01-10T16:25 | New App: 2026-01-10T16:38:19.693001500
[2026-01-10 16:40:48] INFO: Collection Module: Received SAVE Event
[2026-01-10 16:41:18] INFO: Validating loan date. Current Max: 2026-01-10T16:38:19.693002 | New App: 2026-01-10T16:41:10.143558300
[2026-01-10 16:41:25] INFO: Validating loan date. Current Max: 2026-01-10T16:38:19.693002 | New App: 2026-01-10T16:41:10.143558300
[2026-01-10 16:48:20] INFO: Collection Module: Received SAVE Event
[2026-01-10 16:48:24] INFO: Collection Module: Received SAVE Event
[2026-01-10 16:48:27] INFO: Collection Module: Received SAVE Event
[2026-01-10 16:48:30] INFO: Collection Module: Received SAVE Event
[2026-01-10 16:48:34] INFO: Collection Module: Received SAVE Event
[2026-01-10 16:48:40] INFO: Collection Module: Received SAVE Event
[2026-01-10 16:48:44] INFO: Collection Module: Received SAVE Event
[2026-01-10 16:48:57] INFO: Collection Module: Received SAVE Event
[2026-01-10 16:49:00] INFO: Collection Module: Received SAVE Event
[2026-01-10 16:49:04] INFO: Collection Module: Received SAVE Event
[2026-01-10 16:49:07] INFO: Collection Module: Received SAVE Event
[2026-01-10 16:49:12] INFO: Collection Module: Received SAVE Event
[2026-01-10 16:49:17] INFO: Collection Module: Received SAVE Event
[2026-01-10 16:49:21] INFO: Collection Module: Received SAVE Event
[2026-01-10 16:49:38] INFO: Collection Module: Received SAVE Event
[2026-01-10 16:49:41] INFO: Collection Module: Received SAVE Event
[2026-01-10 16:49:45] INFO: Collection Module: Received SAVE Event
[2026-01-10 16:50:22] INFO: Collection Module: Received SAVE Event
[2026-01-10 16:50:34] INFO: Collection Module: Received SAVE Event
[2026-01-10 18:11:42] INFO: Manual/IDE Mode detected: Skipping automated password synchronization.
[2026-01-10 18:24:26] ERROR: Could not load application.properties. Using hardcoded defaults. | Exception: D:\projects\sahkarROSCA\application.properties (The system cannot find the file specified)
[2026-01-10 18:24:26] DEBUG: Stacktrace: java.base/java.io.FileInputStream.open0(Native Method)
[2026-01-10 18:24:26] INFO: Starting backup for database: society_db
[2026-01-10 18:24:26] ERROR: Backup service critical failure | Exception: Cannot run program "D:\projects\sahkarROSCA\mysql\bin\mysqldump.exe": CreateProcess error=2, The system cannot find the file specified
[2026-01-10 18:24:26] DEBUG: Stacktrace: java.base/java.lang.ProcessBuilder.start(ProcessBuilder.java:1143)
[2026-01-10 18:29:15] INFO: Manual/IDE Mode detected: Skipping automated password synchronization.
[2026-01-10 18:32:50] INFO: Manual/IDE Mode detected: Skipping automated password synchronization.
[2026-01-10 18:39:40] INFO: Manual/IDE Mode detected: Skipping automated password synchronization.
[2026-01-10 18:40:49] INFO: Manual/IDE Mode detected: Skipping automated password synchronization.
[2026-01-10 18:52:46] INFO: Collection Module: Received SAVE Event
[2026-01-10 18:52:49] INFO: Collection Module: Received SAVE Event
[2026-01-10 18:52:52] INFO: Collection Module: Received SAVE Event
[2026-01-10 18:54:02] INFO: Validating loan date. Current Max: 2026-01-10T16:41:10.143558 | New App: 2026-01-10T18:53:28.728739200
[2026-01-10 18:59:06] INFO: Manual/IDE Mode detected: Skipping automated password synchronization.
[2026-01-10 19:00:05] INFO: Manual/IDE Mode detected: Skipping automated password synchronization.
[2026-01-10 19:01:03] INFO: Validating loan date. Current Max: 2026-01-10T16:41:10.143558 | New App: 2026-01-10T19:00:35.230049100
[2026-01-10 19:01:13] INFO: Validating loan date. Current Max: 2026-01-10T16:41:10.143558 | New App: 2026-01-10T19:00:35.230049100
[2026-01-10 19:01:13] INFO: Application marked as Surplus Notice (Draw 1 already completed).
[2026-01-10 19:03:13] INFO: Collection Module: Received SAVE Event
[2026-01-10 19:04:45] INFO: Manual/IDE Mode detected: Skipping automated password synchronization.
[2026-01-10 19:12:15] INFO: Collection Module: Received SAVE Event
[2026-01-10 19:12:26] INFO: Collection Module: Received SAVE Event
[2026-01-10 19:12:31] INFO: Collection Module: Received SAVE Event
[2026-01-10 19:12:35] INFO: Collection Module: Received SAVE Event
[2026-01-10 19:12:38] INFO: Collection Module: Received SAVE Event
[2026-01-10 19:12:42] INFO: Collection Module: Received SAVE Event
[2026-01-10 19:12:45] INFO: Collection Module: Received SAVE Event
[2026-01-10 19:12:50] INFO: Collection Module: Received SAVE Event
[2026-01-10 19:12:55] INFO: Collection Module: Received SAVE Event
[2026-01-10 19:12:58] INFO: Collection Module: Received SAVE Event
[2026-01-10 19:13:01] INFO: Collection Module: Received SAVE Event
[2026-01-10 19:13:06] INFO: Collection Module: Received SAVE Event
[2026-01-10 19:13:10] INFO: Collection Module: Received SAVE Event
[2026-01-10 19:13:14] INFO: Collection Module: Received SAVE Event
[2026-01-10 19:13:19] INFO: Collection Module: Received SAVE Event
[2026-01-10 19:13:22] INFO: Collection Module: Received SAVE Event
[2026-01-10 19:13:26] INFO: Collection Module: Received SAVE Event
[2026-01-10 19:13:29] INFO: Collection Module: Received SAVE Event
[2026-01-10 19:13:32] INFO: Collection Module: Received SAVE Event
[2026-01-10 19:13:36] INFO: Collection Module: Received SAVE Event
[2026-01-10 19:13:41] INFO: Collection Module: Received SAVE Event
[2026-01-10 19:13:45] INFO: Collection Module: Received SAVE Event
[2026-01-10 19:13:48] INFO: Collection Module: Received SAVE Event
[2026-01-10 19:13:52] INFO: Collection Module: Received SAVE Event
[2026-01-10 19:13:56] INFO: Collection Module: Received SAVE Event
[2026-01-10 19:13:59] INFO: Collection Module: Received SAVE Event
[2026-01-10 19:14:03] INFO: Collection Module: Received SAVE Event
[2026-01-10 19:14:06] INFO: Collection Module: Received SAVE Event
[2026-01-10 19:14:13] INFO: Collection Module: Received SAVE Event
[2026-01-10 19:14:19] INFO: Collection Module: Received SAVE Event
[2026-01-10 19:16:46] ERROR: Could not load application.properties. Using hardcoded defaults. | Exception: D:\projects\sahkarROSCA\application.properties (The system cannot find the file specified)
[2026-01-10 19:16:46] DEBUG: Stacktrace: java.base/java.io.FileInputStream.open0(Native Method)
[2026-01-10 19:16:46] INFO: Starting backup for database: society_db
[2026-01-10 19:16:46] ERROR: Backup service critical failure | Exception: Cannot run program "D:\projects\sahkarROSCA\mysql\bin\mysqldump.exe": CreateProcess error=2, The system cannot find the file specified
[2026-01-10 19:16:46] DEBUG: Stacktrace: java.base/java.lang.ProcessBuilder.start(ProcessBuilder.java:1143)
[2026-01-10 19:16:51] INFO: Manual/IDE Mode detected: Skipping automated password synchronization.
[2026-01-10 19:17:59] INFO: Collection Module: Received SAVE Event
[2026-01-10 19:18:04] INFO: Collection Module: Received SAVE Event
[2026-01-10 19:18:09] INFO: Collection Module: Received SAVE Event
[2026-01-10 19:18:13] INFO: Collection Module: Received SAVE Event
[2026-01-10 19:18:17] INFO: Collection Module: Received SAVE Event
[2026-01-10 19:18:45] INFO: Collection Module: Received SAVE Event
[2026-01-10 19:18:52] INFO: Collection Module: Received SAVE Event
[2026-01-10 19:18:57] INFO: Collection Module: Received SAVE Event
[2026-01-10 19:23:22] INFO: Collection Module: Received SAVE Event
[2026-01-10 19:23:29] INFO: Collection Module: Received SAVE Event
[2026-01-10 19:23:34] INFO: Collection Module: Received SAVE Event
[2026-01-10 19:23:38] INFO: Collection Module: Received SAVE Event
[2026-01-10 19:23:42] INFO: Collection Module: Received SAVE Event
[2026-01-10 19:23:45] INFO: Collection Module: Received SAVE Event
[2026-01-10 19:23:49] INFO: Collection Module: Received SAVE Event
[2026-01-10 19:23:54] INFO: Collection Module: Received SAVE Event
[2026-01-10 19:24:00] INFO: Collection Module: Received SAVE Event
[2026-01-10 19:24:06] INFO: Collection Module: Received SAVE Event
[2026-01-10 19:24:11] INFO: Collection Module: Received SAVE Event
[2026-01-10 19:24:16] INFO: Collection Module: Received SAVE Event
[2026-01-10 19:24:23] INFO: Collection Module: Received SAVE Event
[2026-01-10 19:24:28] INFO: Collection Module: Received SAVE Event
[2026-01-10 19:24:33] INFO: Collection Module: Received SAVE Event
[2026-01-10 19:24:39] INFO: Collection Module: Received SAVE Event
[2026-01-10 19:24:43] INFO: Collection Module: Received SAVE Event
[2026-01-10 19:24:48] INFO: Collection Module: Received SAVE Event
[2026-01-10 19:24:51] INFO: Collection Module: Received SAVE Event
[2026-01-10 19:24:55] INFO: Collection Module: Received SAVE Event
[2026-01-10 19:24:59] INFO: Collection Module: Received SAVE Event
[2026-01-10 19:25:02] INFO: Collection Module: Received SAVE Event
[2026-01-10 19:25:07] INFO: Collection Module: Received SAVE Event
[2026-01-10 19:25:11] INFO: Collection Module: Received SAVE Event
[2026-01-10 19:25:15] INFO: Collection Module: Received SAVE Event
[2026-01-10 19:25:19] INFO: Collection Module: Received SAVE Event
[2026-01-10 19:25:33] INFO: Collection Module: Received SAVE Event
[2026-01-10 19:25:39] INFO: Collection Module: Received SAVE Event
[2026-01-10 19:25:45] INFO: Collection Module: Received SAVE Event
[2026-01-10 19:25:50] INFO: Collection Module: Received SAVE Event
[2026-01-10 19:28:13] INFO: Collection Module: Received SAVE Event
[2026-01-10 19:28:20] INFO: Collection Module: Received SAVE Event
[2026-01-10 19:28:28] INFO: Collection Module: Received SAVE Event
[2026-01-10 19:28:36] INFO: Collection Module: Received SAVE Event
[2026-01-10 19:28:43] INFO: Collection Module: Received SAVE Event
[2026-01-10 19:28:51] INFO: Collection Module: Received SAVE Event
[2026-01-10 19:28:56] INFO: Collection Module: Received SAVE Event
[2026-01-10 19:28:59] INFO: Collection Module: Received SAVE Event
[2026-01-10 19:29:05] INFO: Collection Module: Received SAVE Event
[2026-01-10 19:29:09] INFO: Collection Module: Received SAVE Event
[2026-01-10 19:29:14] INFO: Collection Module: Received SAVE Event
[2026-01-10 19:37:51] ERROR: Could not load application.properties. Using hardcoded defaults. | Exception: D:\projects\sahkarROSCA\application.properties (The system cannot find the file specified)
[2026-01-10 19:37:51] DEBUG: Stacktrace: java.base/java.io.FileInputStream.open0(Native Method)
[2026-01-10 19:37:51] INFO: Starting backup for database: society_db
[2026-01-10 19:37:51] ERROR: Backup service critical failure | Exception: Cannot run program "D:\projects\sahkarROSCA\mysql\bin\mysqldump.exe": CreateProcess error=2, The system cannot find the file specified
[2026-01-10 19:37:51] DEBUG: Stacktrace: java.base/java.lang.ProcessBuilder.start(ProcessBuilder.java:1143)
[2026-01-10 19:38:22] INFO: Manual/IDE Mode detected: Skipping automated password synchronization.
[2026-01-10 19:39:22] INFO: Collection Module: Received SAVE Event
[2026-01-10 19:39:27] INFO: Collection Module: Received SAVE Event
[2026-01-10 19:42:03] INFO: Collection Module: Received SAVE Event
[2026-01-10 19:42:07] INFO: Collection Module: Received SAVE Event
[2026-01-10 19:42:11] INFO: Collection Module: Received SAVE Event
[2026-01-10 19:42:17] INFO: Collection Module: Received SAVE Event
[2026-01-10 19:42:22] INFO: Collection Module: Received SAVE Event
[2026-01-10 19:42:30] INFO: Collection Module: Received SAVE Event
[2026-01-10 19:42:36] INFO: Collection Module: Received SAVE Event
[2026-01-10 19:42:42] INFO: Collection Module: Received SAVE Event
[2026-01-10 19:42:58] INFO: Collection Module: Received SAVE Event
[2026-01-10 19:43:06] INFO: Collection Module: Received SAVE Event
[2026-01-10 19:43:11] INFO: Collection Module: Received SAVE Event
[2026-01-10 19:43:18] INFO: Collection Module: Received SAVE Event
[2026-01-10 19:43:25] INFO: Collection Module: Received SAVE Event
[2026-01-10 19:43:31] INFO: Collection Module: Received SAVE Event
[2026-01-10 19:43:39] INFO: Collection Module: Received SAVE Event
[2026-01-10 19:43:50] INFO: Collection Module: Received SAVE Event
[2026-01-10 19:43:59] INFO: Collection Module: Received SAVE Event
[2026-01-10 19:44:16] INFO: Collection Module: Received SAVE Event
[2026-01-10 19:45:11] INFO: Collection Module: Received SAVE Event
[2026-01-10 19:45:53] ERROR: Could not load application.properties. Using hardcoded defaults. | Exception: D:\projects\sahkarROSCA\application.properties (The system cannot find the file specified)
[2026-01-10 19:45:53] DEBUG: Stacktrace: java.base/java.io.FileInputStream.open0(Native Method)
[2026-01-10 19:45:53] INFO: Starting backup for database: society_db
[2026-01-10 19:45:53] ERROR: Backup service critical failure | Exception: Cannot run program "D:\projects\sahkarROSCA\mysql\bin\mysqldump.exe": CreateProcess error=2, The system cannot find the file specified
[2026-01-10 19:45:53] DEBUG: Stacktrace: java.base/java.lang.ProcessBuilder.start(ProcessBuilder.java:1143)
[2026-01-10 19:45:56] INFO: Manual/IDE Mode detected: Skipping automated password synchronization.
[2026-01-10 19:46:16] INFO: Collection Module: Received SAVE Event
[2026-01-10 19:46:24] INFO: Collection Module: Received SAVE Event
[2026-01-10 19:46:29] INFO: Collection Module: Received SAVE Event
[2026-01-10 19:46:32] INFO: Collection Module: Received SAVE Event
[2026-01-10 19:46:36] INFO: Collection Module: Received SAVE Event
[2026-01-10 19:46:40] INFO: Collection Module: Received SAVE Event
[2026-01-10 19:46:47] INFO: Collection Module: Received SAVE Event
[2026-01-10 19:46:52] INFO: Collection Module: Received SAVE Event
[2026-01-10 19:47:01] INFO: Collection Module: Received SAVE Event
[2026-01-10 19:47:05] INFO: Collection Module: Received SAVE Event
[2026-01-10 19:47:10] INFO: Collection Module: Received SAVE Event
[2026-01-10 19:47:16] INFO: Collection Module: Received SAVE Event
[2026-01-10 19:47:20] INFO: Collection Module: Received SAVE Event
[2026-01-10 19:47:24] INFO: Collection Module: Received SAVE Event
[2026-01-10 19:47:36] INFO: Collection Module: Received SAVE Event
[2026-01-10 19:47:40] INFO: Collection Module: Received SAVE Event
[2026-01-10 19:47:47] INFO: Collection Module: Received SAVE Event
[2026-01-10 19:47:52] INFO: Collection Module: Received SAVE Event
[2026-01-10 19:47:56] INFO: Collection Module: Received SAVE Event
[2026-01-10 19:48:00] INFO: Collection Module: Received SAVE Event
[2026-01-10 19:48:51] INFO: Collection Module: Received SAVE Event
[2026-01-10 19:48:55] INFO: Collection Module: Received SAVE Event
[2026-01-10 19:49:14] INFO: Collection Module: Received SAVE Event
[2026-01-10 19:49:22] INFO: Collection Module: Received SAVE Event
[2026-01-10 19:49:27] INFO: Collection Module: Received SAVE Event
[2026-01-10 19:49:31] INFO: Collection Module: Received SAVE Event
[2026-01-10 19:49:34] INFO: Collection Module: Received SAVE Event
[2026-01-10 19:49:38] INFO: Collection Module: Received SAVE Event
[2026-01-10 19:49:43] INFO: Collection Module: Received SAVE Event
[2026-01-10 19:49:48] INFO: Collection Module: Received SAVE Event
[2026-01-10 19:49:59] INFO: Collection Module: Received SAVE Event
[2026-01-10 19:50:24] INFO: Collection Module: Received SAVE Event
[2026-01-10 19:50:33] INFO: Collection Module: Received SAVE Event
[2026-01-10 19:50:38] INFO: Collection Module: Received SAVE Event
[2026-01-10 19:50:43] INFO: Collection Module: Received SAVE Event
[2026-01-10 19:50:47] INFO: Collection Module: Received SAVE Event
[2026-01-10 19:50:55] INFO: Collection Module: Received SAVE Event
[2026-01-10 19:51:01] INFO: Collection Module: Received SAVE Event
[2026-01-10 19:51:07] INFO: Collection Module: Received SAVE Event
[2026-01-10 19:51:16] INFO: Collection Module: Received SAVE Event
[2026-01-10 19:52:33] INFO: Collection Module: Received SAVE Event
[2026-01-10 19:52:37] INFO: Collection Module: Received SAVE Event
[2026-01-10 19:52:42] INFO: Collection Module: Received SAVE Event
[2026-01-10 19:52:50] INFO: Collection Module: Received SAVE Event
[2026-01-10 19:52:53] INFO: Collection Module: Received SAVE Event
[2026-01-10 19:52:57] INFO: Collection Module: Received SAVE Event
[2026-01-10 19:53:01] INFO: Collection Module: Received SAVE Event
[2026-01-10 19:53:06] INFO: Collection Module: Received SAVE Event
[2026-01-10 19:53:10] INFO: Collection Module: Received SAVE Event
[2026-01-10 19:53:15] INFO: Collection Module: Received SAVE Event
[2026-01-10 19:53:19] INFO: Collection Module: Received SAVE Event
[2026-01-10 19:53:23] INFO: Collection Module: Received SAVE Event
[2026-01-10 19:53:29] INFO: Collection Module: Received SAVE Event
[2026-01-10 19:53:40] INFO: Collection Module: Received SAVE Event
[2026-01-10 19:53:45] INFO: Collection Module: Received SAVE Event
[2026-01-10 19:53:58] INFO: Collection Module: Received SAVE Event
[2026-01-10 19:54:07] INFO: Collection Module: Received SAVE Event
[2026-01-10 19:54:18] INFO: Collection Module: Received SAVE Event
[2026-01-10 19:54:23] INFO: Collection Module: Received SAVE Event
[2026-01-10 19:55:22] INFO: Collection Module: Received SAVE Event
[2026-01-10 19:55:25] INFO: Collection Module: Received SAVE Event
[2026-01-10 19:55:41] INFO: Collection Module: Received SAVE Event
[2026-01-10 19:55:46] INFO: Collection Module: Received SAVE Event
[2026-01-10 19:55:58] INFO: Collection Module: Received SAVE Event
[2026-01-10 19:56:45] INFO: Collection Module: Received SAVE Event
[2026-01-10 19:56:48] INFO: Collection Module: Received SAVE Event
[2026-01-10 19:57:08] INFO: Collection Module: Received SAVE Event
[2026-01-10 19:57:19] INFO: Collection Module: Received SAVE Event
[2026-01-10 19:57:23] INFO: Collection Module: Received SAVE Event
[2026-01-10 19:57:26] INFO: Collection Module: Received SAVE Event
[2026-01-10 19:58:17] INFO: Collection Module: Received SAVE Event
[2026-01-10 19:58:20] INFO: Collection Module: Received SAVE Event
[2026-01-10 19:58:28] INFO: Collection Module: Received SAVE Event
[2026-01-10 19:58:33] INFO: Collection Module: Received SAVE Event
[2026-01-10 19:58:36] INFO: Collection Module: Received SAVE Event
[2026-01-10 19:58:39] INFO: Collection Module: Received SAVE Event
[2026-01-10 19:58:43] INFO: Collection Module: Received SAVE Event
[2026-01-10 19:58:52] INFO: Collection Module: Received SAVE Event
[2026-01-10 19:59:50] INFO: Collection Module: Received SAVE Event
[2026-01-10 19:59:53] INFO: Collection Module: Received SAVE Event
[2026-01-10 19:59:57] INFO: Collection Module: Received SAVE Event
[2026-01-10 20:00:00] INFO: Collection Module: Received SAVE Event
[2026-01-10 20:00:03] INFO: Collection Module: Received SAVE Event
[2026-01-10 20:00:06] INFO: Collection Module: Received SAVE Event
[2026-01-10 20:00:13] INFO: Collection Module: Received SAVE Event
[2026-01-10 20:00:17] INFO: Collection Module: Received SAVE Event
[2026-01-10 20:00:23] INFO: Collection Module: Received SAVE Event
[2026-01-10 20:03:08] INFO: Collection Module: Received SAVE Event
[2026-01-10 20:03:11] INFO: Collection Module: Received SAVE Event
[2026-01-10 20:03:50] INFO: Collection Module: Received SAVE Event
[2026-01-10 20:03:55] INFO: Collection Module: Received SAVE Event
[2026-01-10 20:04:04] INFO: Collection Module: Received SAVE Event
[2026-01-10 20:04:09] INFO: Collection Module: Received SAVE Event
[2026-01-10 20:04:12] INFO: Collection Module: Received SAVE Event
[2026-01-10 20:04:22] INFO: Collection Module: Received SAVE Event
[2026-01-10 20:04:29] INFO: Collection Module: Received SAVE Event
[2026-01-10 20:04:32] INFO: Collection Module: Received SAVE Event
[2026-01-10 20:09:04] ERROR: Could not load application.properties. Using hardcoded defaults. | Exception: D:\projects\sahkarROSCA\application.properties (The system cannot find the file specified)
[2026-01-10 20:09:04] DEBUG: Stacktrace: java.base/java.io.FileInputStream.open0(Native Method)
[2026-01-10 20:09:04] INFO: Starting backup for database: society_db
[2026-01-10 20:09:04] ERROR: Backup service critical failure | Exception: Cannot run program "D:\projects\sahkarROSCA\mysql\bin\mysqldump.exe": CreateProcess error=2, The system cannot find the file specified
[2026-01-10 20:09:04] DEBUG: Stacktrace: java.base/java.lang.ProcessBuilder.start(ProcessBuilder.java:1143)
[2026-01-10 20:09:08] INFO: Manual/IDE Mode detected: Skipping automated password synchronization.
[2026-01-10 20:09:30] INFO: Collection Module: Received SAVE Event
[2026-01-10 20:09:33] INFO: Collection Module: Received SAVE Event
[2026-01-10 20:09:35] INFO: Collection Module: Received SAVE Event
[2026-01-10 20:09:38] INFO: Collection Module: Received SAVE Event
[2026-01-10 20:09:42] INFO: Collection Module: Received SAVE Event
[2026-01-10 20:09:46] INFO: Collection Module: Received SAVE Event
[2026-01-10 20:09:49] INFO: Collection Module: Received SAVE Event
[2026-01-10 20:09:52] INFO: Collection Module: Received SAVE Event
[2026-01-10 20:09:56] INFO: Collection Module: Received SAVE Event
[2026-01-10 20:09:59] INFO: Collection Module: Received SAVE Event
[2026-01-10 20:10:04] INFO: Collection Module: Received SAVE Event
[2026-01-10 20:10:09] INFO: Collection Module: Received SAVE Event
[2026-01-10 20:11:05] INFO: Collection Module: Received SAVE Event
[2026-01-10 20:11:09] INFO: Collection Module: Received SAVE Event
[2026-01-10 20:11:14] INFO: Collection Module: Received SAVE Event
[2026-01-10 20:11:18] INFO: Collection Module: Received SAVE Event
[2026-01-10 20:11:27] INFO: Collection Module: Received SAVE Event
[2026-01-10 20:11:35] INFO: Collection Module: Received SAVE Event
[2026-01-10 20:11:40] INFO: Collection Module: Received SAVE Event
[2026-01-10 20:11:43] INFO: Collection Module: Received SAVE Event
[2026-01-10 20:12:18] ERROR: Could not load application.properties. Using hardcoded defaults. | Exception: D:\projects\sahkarROSCA\application.properties (The system cannot find the file specified)
[2026-01-10 20:12:18] DEBUG: Stacktrace: java.base/java.io.FileInputStream.open0(Native Method)
[2026-01-10 20:12:18] INFO: Starting backup for database: society_db
[2026-01-10 20:12:18] ERROR: Backup service critical failure | Exception: Cannot run program "D:\projects\sahkarROSCA\mysql\bin\mysqldump.exe": CreateProcess error=2, The system cannot find the file specified
[2026-01-10 20:12:18] DEBUG: Stacktrace: java.base/java.lang.ProcessBuilder.start(ProcessBuilder.java:1143)
[2026-01-10 20:12:21] INFO: Manual/IDE Mode detected: Skipping automated password synchronization.
[2026-01-10 20:12:55] INFO: Collection Module: Received SAVE Event
[2026-01-10 20:12:59] INFO: Collection Module: Received SAVE Event
[2026-01-10 20:13:02] INFO: Collection Module: Received SAVE Event
[2026-01-10 20:13:05] INFO: Collection Module: Received SAVE Event
[2026-01-10 20:13:13] INFO: Collection Module: Received SAVE Event
[2026-01-10 20:13:18] INFO: Collection Module: Received SAVE Event
[2026-01-10 20:13:21] INFO: Collection Module: Received SAVE Event
[2026-01-10 20:14:03] INFO: Collection Module: Received SAVE Event
[2026-01-10 20:14:15] INFO: Collection Module: Received SAVE Event
[2026-01-10 20:14:21] INFO: Collection Module: Received SAVE Event
[2026-01-10 20:14:25] INFO: Collection Module: Received SAVE Event
[2026-01-10 20:14:29] INFO: Collection Module: Received SAVE Event
[2026-01-10 20:14:33] INFO: Collection Module: Received SAVE Event
[2026-01-10 20:14:37] INFO: Collection Module: Received SAVE Event
[2026-01-10 20:14:41] INFO: Collection Module: Received SAVE Event
[2026-01-10 20:14:45] INFO: Collection Module: Received SAVE Event
[2026-01-10 20:15:28] INFO: Collection Module: Received SAVE Event
[2026-01-10 20:15:34] INFO: Collection Module: Received SAVE Event
[2026-01-10 20:15:43] INFO: Collection Module: Received SAVE Event
[2026-01-10 20:16:26] INFO: Collection Module: Received SAVE Event
[2026-01-10 20:16:39] ERROR: Could not load application.properties. Using hardcoded defaults. | Exception: D:\projects\sahkarROSCA\application.properties (The system cannot find the file specified)
[2026-01-10 20:16:39] DEBUG: Stacktrace: java.base/java.io.FileInputStream.open0(Native Method)
[2026-01-10 20:16:39] INFO: Starting backup for database: society_db
[2026-01-10 20:16:39] ERROR: Backup service critical failure | Exception: Cannot run program "D:\projects\sahkarROSCA\mysql\bin\mysqldump.exe": CreateProcess error=2, The system cannot find the file specified
[2026-01-10 20:16:39] DEBUG: Stacktrace: java.base/java.lang.ProcessBuilder.start(ProcessBuilder.java:1143)
[2026-01-10 20:16:42] INFO: Manual/IDE Mode detected: Skipping automated password synchronization.
[2026-01-10 20:17:10] INFO: Collection Module: Received SAVE Event
[2026-01-10 20:17:28] INFO: Collection Module: Received SAVE Event
[2026-01-10 20:17:32] INFO: Collection Module: Received SAVE Event
[2026-01-10 20:17:38] INFO: Collection Module: Received SAVE Event
[2026-01-10 20:17:41] INFO: Collection Module: Received SAVE Event
[2026-01-10 20:18:23] INFO: Collection Module: Received SAVE Event
[2026-01-10 20:18:28] INFO: Collection Module: Received SAVE Event
[2026-01-10 20:18:31] INFO: Collection Module: Received SAVE Event
[2026-01-10 20:19:26] INFO: Collection Module: Received SAVE Event
[2026-01-10 20:19:39] INFO: Collection Module: Received SAVE Event
[2026-01-10 20:21:02] INFO: Collection Module: Received SAVE Event
[2026-01-10 20:21:04] INFO: Collection Module: Received SAVE Event
[2026-01-10 20:21:06] INFO: Collection Module: Received SAVE Event
[2026-01-10 20:21:08] INFO: Collection Module: Received SAVE Event
[2026-01-10 20:21:11] INFO: Collection Module: Received SAVE Event
[2026-01-10 20:21:17] INFO: Collection Module: Received SAVE Event
[2026-01-10 20:22:32] INFO: Collection Module: Received SAVE Event
[2026-01-10 20:22:36] INFO: Collection Module: Received SAVE Event
[2026-01-10 20:22:39] INFO: Collection Module: Received SAVE Event
[2026-01-10 20:22:47] INFO: Collection Module: Received SAVE Event
[2026-01-10 20:24:25] INFO: Collection Module: Received SAVE Event
[2026-01-10 20:24:29] INFO: Collection Module: Received SAVE Event
[2026-01-10 20:24:49] INFO: Collection Module: Received SAVE Event
[2026-01-10 20:25:07] INFO: Collection Module: Received SAVE Event
[2026-01-10 20:25:11] INFO: Collection Module: Received SAVE Event
[2026-01-10 20:25:58] ERROR: Could not load application.properties. Using hardcoded defaults. | Exception: D:\projects\sahkarROSCA\application.properties (The system cannot find the file specified)
[2026-01-10 20:25:58] DEBUG: Stacktrace: java.base/java.io.FileInputStream.open0(Native Method)
[2026-01-10 20:25:58] INFO: Starting backup for database: society_db
[2026-01-10 20:25:58] ERROR: Backup service critical failure | Exception: Cannot run program "D:\projects\sahkarROSCA\mysql\bin\mysqldump.exe": CreateProcess error=2, The system cannot find the file specified
[2026-01-10 20:25:58] DEBUG: Stacktrace: java.base/java.lang.ProcessBuilder.start(ProcessBuilder.java:1143)
[2026-01-10 20:26:00] INFO: Manual/IDE Mode detected: Skipping automated password synchronization.
[2026-01-10 20:26:40] INFO: Collection Module: Received SAVE Event
[2026-01-10 20:26:52] INFO: Collection Module: Received SAVE Event
[2026-01-10 20:26:58] INFO: Collection Module: Received SAVE Event
[2026-01-10 20:27:01] INFO: Collection Module: Received SAVE Event
[2026-01-10 20:27:11] INFO: Collection Module: Received SAVE Event
[2026-01-10 20:28:17] INFO: Collection Module: Received SAVE Event
[2026-01-10 20:28:21] INFO: Collection Module: Received SAVE Event
[2026-01-10 20:28:35] INFO: Collection Module: Received SAVE Event
[2026-01-10 20:28:41] INFO: Collection Module: Received SAVE Event
[2026-01-10 20:28:54] INFO: Collection Module: Received SAVE Event
[2026-01-10 20:29:01] INFO: Collection Module: Received SAVE Event
[2026-01-10 20:29:06] INFO: Collection Module: Received SAVE Event
[2026-01-10 20:29:21] INFO: Collection Module: Received SAVE Event
[2026-01-10 20:29:26] INFO: Collection Module: Received SAVE Event
[2026-01-10 20:29:34] INFO: Collection Module: Received SAVE Event
[2026-01-10 20:29:38] INFO: Collection Module: Received SAVE Event
[2026-01-10 20:29:42] INFO: Collection Module: Received SAVE Event
[2026-01-10 20:29:46] INFO: Collection Module: Received SAVE Event
[2026-01-10 20:31:11] INFO: Collection Module: Received SAVE Event
[2026-01-10 20:31:17] INFO: Collection Module: Received SAVE Event
[2026-01-10 20:31:28] INFO: Collection Module: Received SAVE Event
[2026-01-10 20:31:48] INFO: Collection Module: Received SAVE Event
[2026-01-10 20:32:07] ERROR: Could not load application.properties. Using hardcoded defaults. | Exception: D:\projects\sahkarROSCA\application.properties (The system cannot find the file specified)
[2026-01-10 20:32:07] DEBUG: Stacktrace: java.base/java.io.FileInputStream.open0(Native Method)
[2026-01-10 20:32:07] INFO: Starting backup for database: society_db
[2026-01-10 20:32:07] ERROR: Backup service critical failure | Exception: Cannot run program "D:\projects\sahkarROSCA\mysql\bin\mysqldump.exe": CreateProcess error=2, The system cannot find the file specified
[2026-01-10 20:32:07] DEBUG: Stacktrace: java.base/java.lang.ProcessBuilder.start(ProcessBuilder.java:1143)
[2026-01-10 20:32:13] INFO: Manual/IDE Mode detected: Skipping automated password synchronization.
[2026-01-10 20:34:53] INFO: Collection Module: Received SAVE Event
[2026-01-10 20:37:04] INFO: Collection Module: Received SAVE Event
[2026-01-10 20:38:58] INFO: Collection Module: Received SAVE Event
[2026-01-10 20:39:04] INFO: Collection Module: Received SAVE Event
[2026-01-10 20:39:08] INFO: Collection Module: Received SAVE Event
[2026-01-10 20:39:12] INFO: Collection Module: Received SAVE Event
[2026-01-10 20:39:17] INFO: Collection Module: Received SAVE Event
[2026-01-10 20:39:21] INFO: Collection Module: Received SAVE Event
[2026-01-10 20:39:26] INFO: Collection Module: Received SAVE Event
[2026-01-10 20:39:30] INFO: Collection Module: Received SAVE Event
[2026-01-10 20:39:39] INFO: Collection Module: Received SAVE Event
[2026-01-10 20:39:43] INFO: Collection Module: Received SAVE Event
[2026-01-10 20:39:48] INFO: Collection Module: Received SAVE Event
[2026-01-10 20:39:54] INFO: Collection Module: Received SAVE Event
[2026-01-10 20:39:57] INFO: Collection Module: Received SAVE Event
[2026-01-10 20:40:01] INFO: Collection Module: Received SAVE Event
[2026-01-10 20:40:05] INFO: Collection Module: Received SAVE Event
[2026-01-10 20:40:10] INFO: Collection Module: Received SAVE Event
[2026-01-10 20:40:25] INFO: Collection Module: Received SAVE Event
[2026-01-10 20:40:30] INFO: Collection Module: Received SAVE Event
[2026-01-10 20:40:33] INFO: Collection Module: Received SAVE Event
[2026-01-10 20:40:39] INFO: Collection Module: Received SAVE Event
[2026-01-10 20:40:42] INFO: Collection Module: Received SAVE Event
[2026-01-10 20:40:46] INFO: Collection Module: Received SAVE Event
[2026-01-10 20:40:49] INFO: Collection Module: Received SAVE Event
[2026-01-10 20:41:10] INFO: Collection Module: Received SAVE Event
[2026-01-10 20:41:15] INFO: Collection Module: Received SAVE Event
[2026-01-10 20:41:18] INFO: Collection Module: Received SAVE Event
[2026-01-10 20:41:27] INFO: Collection Module: Received SAVE Event
[2026-01-10 20:41:55] ERROR: Could not load application.properties. Using hardcoded defaults. | Exception: D:\projects\sahkarROSCA\application.properties (The system cannot find the file specified)
[2026-01-10 20:41:55] DEBUG: Stacktrace: java.base/java.io.FileInputStream.open0(Native Method)
[2026-01-10 20:41:55] INFO: Starting backup for database: society_db
[2026-01-10 20:41:55] ERROR: Backup service critical failure | Exception: Cannot run program "D:\projects\sahkarROSCA\mysql\bin\mysqldump.exe": CreateProcess error=2, The system cannot find the file specified
[2026-01-10 20:41:55] DEBUG: Stacktrace: java.base/java.lang.ProcessBuilder.start(ProcessBuilder.java:1143)
[2026-01-10 20:41:56] INFO: Manual/IDE Mode detected: Skipping automated password synchronization.
[2026-01-10 20:42:46] INFO: Collection Module: Received SAVE Event
[2026-01-10 20:43:36] INFO: Collection Module: Received SAVE Event
[2026-01-10 20:43:40] INFO: Collection Module: Received SAVE Event
[2026-01-10 20:43:44] INFO: Collection Module: Received SAVE Event
[2026-01-10 20:43:47] INFO: Collection Module: Received SAVE Event
[2026-01-10 20:43:55] INFO: Collection Module: Received SAVE Event
[2026-01-10 20:44:00] INFO: Collection Module: Received SAVE Event
[2026-01-10 20:44:20] INFO: Collection Module: Received SAVE Event
[2026-01-10 20:44:25] INFO: Collection Module: Received SAVE Event
[2026-01-10 20:44:29] INFO: Collection Module: Received SAVE Event
[2026-01-10 20:44:34] INFO: Collection Module: Received SAVE Event
[2026-01-10 20:44:39] INFO: Collection Module: Received SAVE Event
[2026-01-10 20:44:44] INFO: Collection Module: Received SAVE Event
[2026-01-10 20:44:49] INFO: Collection Module: Received SAVE Event
[2026-01-10 20:44:54] INFO: Collection Module: Received SAVE Event
[2026-01-10 20:44:59] INFO: Collection Module: Received SAVE Event
[2026-01-10 20:45:28] INFO: Collection Module: Received SAVE Event
[2026-01-10 20:45:32] INFO: Collection Module: Received SAVE Event
[2026-01-10 20:45:36] INFO: Collection Module: Received SAVE Event
[2026-01-10 20:45:41] INFO: Collection Module: Received SAVE Event
[2026-01-10 20:45:50] INFO: Collection Module: Received SAVE Event
[2026-01-10 20:45:57] INFO: Collection Module: Received SAVE Event
[2026-01-10 20:46:15] INFO: Collection Module: Received SAVE Event
[2026-01-10 20:46:20] INFO: Collection Module: Received SAVE Event
[2026-01-10 20:46:24] INFO: Collection Module: Received SAVE Event
[2026-01-10 20:46:28] INFO: Collection Module: Received SAVE Event
[2026-01-10 20:46:47] INFO: Collection Module: Received SAVE Event
[2026-01-10 20:46:51] INFO: Collection Module: Received SAVE Event
[2026-01-10 20:47:01] INFO: Collection Module: Received SAVE Event
[2026-01-10 20:47:20] INFO: Collection Module: Received SAVE Event
[2026-01-10 20:47:24] INFO: Collection Module: Received SAVE Event
[2026-01-10 20:47:28] INFO: Collection Module: Received SAVE Event
[2026-01-11 01:21:32] ERROR: Could not load application.properties. Using hardcoded defaults. | Exception: D:\projects\sahkarROSCA\application.properties (The system cannot find the file specified)
[2026-01-11 01:21:32] DEBUG: Stacktrace: java.base/java.io.FileInputStream.open0(Native Method)
[2026-01-11 01:21:32] INFO: Starting backup for database: society_db
[2026-01-11 01:21:32] ERROR: Backup service critical failure | Exception: Cannot run program "D:\projects\sahkarROSCA\mysql\bin\mysqldump.exe": CreateProcess error=2, The system cannot find the file specified
[2026-01-11 01:21:32] DEBUG: Stacktrace: java.base/java.lang.ProcessBuilder.start(ProcessBuilder.java:1143)
[2026-01-11 01:43:27] INFO: Manual/IDE Mode detected: Skipping automated password synchronization.
[2026-01-11 01:48:16] INFO: Manual/IDE Mode detected: Skipping automated password synchronization.
[2026-01-11 01:49:07] INFO: Manual/IDE Mode detected: Skipping automated password synchronization.
[2026-01-11 01:54:20] INFO: Manual/IDE Mode detected: Skipping automated password synchronization.
[2026-01-11 01:56:03] INFO: Manual/IDE Mode detected: Skipping automated password synchronization.
[2026-01-11 02:02:02] INFO: Manual/IDE Mode detected: Skipping automated password synchronization.
[2026-01-11 02:02:39] INFO: Manual/IDE Mode detected: Skipping automated password synchronization.
[2026-01-11 02:02:52] INFO: Manual/IDE Mode detected: Skipping automated password synchronization.
[2026-01-11 02:03:07] ERROR: Login Failed! | Exception: Invalid Username or Password!
[2026-01-11 02:03:07] DEBUG: Stacktrace: com.badargadh.sahkar.service.UserService.authenticate(UserService.java:69)
[2026-01-11 02:04:07] INFO: Manual/IDE Mode detected: Skipping automated password synchronization.
[2026-01-11 02:33:43] ERROR: Could not load application.properties. Using hardcoded defaults. | Exception: D:\projects\sahkarROSCA\application.properties (The system cannot find the file specified)
[2026-01-11 02:33:43] DEBUG: Stacktrace: java.base/java.io.FileInputStream.open0(Native Method)
[2026-01-11 02:33:43] INFO: Starting backup for database: society_db
[2026-01-11 02:33:43] ERROR: Backup service critical failure | Exception: Cannot run program "D:\projects\sahkarROSCA\mysql\bin\mysqldump.exe": CreateProcess error=2, The system cannot find the file specified
[2026-01-11 02:33:43] DEBUG: Stacktrace: java.base/java.lang.ProcessBuilder.start(ProcessBuilder.java:1143)
[2026-01-11 11:31:34] INFO: Manual/IDE Mode detected: Skipping automated password synchronization.
[2026-01-11 11:32:41] INFO: Manual/IDE Mode detected: Skipping automated password synchronization.
[2026-01-11 11:32:55] ERROR: Login Failed! | Exception: Invalid Username or Password!
[2026-01-11 11:32:55] DEBUG: Stacktrace: com.badargadh.sahkar.service.UserService.authenticate(UserService.java:69)
[2026-01-11 11:33:22] INFO: Collection Module: Received SAVE Event
[2026-01-11 11:33:27] INFO: Collection Module: Received SAVE Event
[2026-01-11 11:33:31] INFO: Collection Module: Received SAVE Event
[2026-01-11 11:33:35] INFO: Collection Module: Received SAVE Event
[2026-01-11 11:33:39] INFO: Collection Module: Received SAVE Event
[2026-01-11 11:36:16] INFO: Collection Module: Received SAVE Event
[2026-01-11 11:36:28] INFO: Collection Module: Received SAVE Event
[2026-01-11 11:36:33] INFO: Collection Module: Received SAVE Event
[2026-01-11 11:36:38] INFO: Collection Module: Received SAVE Event
[2026-01-11 11:36:42] INFO: Collection Module: Received SAVE Event
[2026-01-11 11:36:46] INFO: Collection Module: Received SAVE Event
[2026-01-11 11:36:50] INFO: Collection Module: Received SAVE Event
[2026-01-11 11:36:54] INFO: Collection Module: Received SAVE Event
[2026-01-11 11:36:58] INFO: Collection Module: Received SAVE Event
[2026-01-11 11:39:36] ERROR: Could not load application.properties. Using hardcoded defaults. | Exception: D:\projects\sahkarROSCA\application.properties (The system cannot find the file specified)
[2026-01-11 11:39:36] DEBUG: Stacktrace: java.base/java.io.FileInputStream.open0(Native Method)
[2026-01-11 11:39:36] INFO: Starting backup for database: society_db
[2026-01-11 11:39:36] ERROR: Backup service critical failure | Exception: Cannot run program "D:\projects\sahkarROSCA\mysql\bin\mysqldump.exe": CreateProcess error=2, The system cannot find the file specified
[2026-01-11 11:39:36] DEBUG: Stacktrace: java.base/java.lang.ProcessBuilder.start(ProcessBuilder.java:1143)
[2026-01-11 11:39:38] INFO: Manual/IDE Mode detected: Skipping automated password synchronization.
[2026-01-11 11:39:58] INFO: Collection Module: Received SAVE Event
[2026-01-11 11:40:05] INFO: Collection Module: Received SAVE Event
[2026-01-11 11:40:10] INFO: Collection Module: Received SAVE Event
[2026-01-11 11:41:08] INFO: Collection Module: Received SAVE Event
[2026-01-11 11:41:13] INFO: Collection Module: Received SAVE Event
[2026-01-11 11:41:28] INFO: Collection Module: Received SAVE Event
[2026-01-11 11:41:34] INFO: Collection Module: Received SAVE Event
[2026-01-11 11:42:32] INFO: Manual/IDE Mode detected: Skipping automated password synchronization.
[2026-01-11 11:42:32] ERROR: Could not load application.properties. Using hardcoded defaults. | Exception: D:\projects\sahkarROSCA\application.properties (The system cannot find the file specified)
[2026-01-11 11:42:32] DEBUG: Stacktrace: java.base/java.io.FileInputStream.open0(Native Method)
[2026-01-11 11:42:32] INFO: Starting backup for database: society_db
[2026-01-11 11:42:32] ERROR: Backup service critical failure | Exception: Cannot run program "D:\projects\sahkarROSCA\mysql\bin\mysqldump.exe": CreateProcess error=2, The system cannot find the file specified
[2026-01-11 11:42:32] DEBUG: Stacktrace: java.base/java.lang.ProcessBuilder.start(ProcessBuilder.java:1143)
[2026-01-11 11:42:53] INFO: Collection Module: Received SAVE Event
[2026-01-11 11:43:50] INFO: Collection Module: Received SAVE Event
[2026-01-11 11:44:33] INFO: Collection Module: Received SAVE Event
[2026-01-11 11:44:44] INFO: Collection Module: Received SAVE Event
[2026-01-11 11:45:40] ERROR: Could not load application.properties. Using hardcoded defaults. | Exception: D:\projects\sahkarROSCA\application.properties (The system cannot find the file specified)
[2026-01-11 11:45:40] DEBUG: Stacktrace: java.base/java.io.FileInputStream.open0(Native Method)
[2026-01-11 11:45:40] INFO: Starting backup for database: society_db
[2026-01-11 11:45:40] ERROR: Backup service critical failure | Exception: Cannot run program "D:\projects\sahkarROSCA\mysql\bin\mysqldump.exe": CreateProcess error=2, The system cannot find the file specified
[2026-01-11 11:45:40] DEBUG: Stacktrace: java.base/java.lang.ProcessBuilder.start(ProcessBuilder.java:1143)
[2026-01-11 11:45:42] INFO: Manual/IDE Mode detected: Skipping automated password synchronization.
[2026-01-11 11:46:02] INFO: Collection Module: Received SAVE Event
[2026-01-11 11:46:07] INFO: Collection Module: Received SAVE Event
[2026-01-11 11:46:11] INFO: Collection Module: Received SAVE Event
[2026-01-11 11:46:15] INFO: Collection Module: Received SAVE Event
[2026-01-11 11:46:41] INFO: Collection Module: Received SAVE Event
[2026-01-11 11:46:46] INFO: Collection Module: Received SAVE Event
[2026-01-11 11:46:50] INFO: Collection Module: Received SAVE Event
[2026-01-11 11:46:53] INFO: Collection Module: Received SAVE Event
[2026-01-11 11:46:57] INFO: Collection Module: Received SAVE Event
[2026-01-11 11:47:01] INFO: Collection Module: Received SAVE Event
[2026-01-11 11:47:25] INFO: Manual/IDE Mode detected: Skipping automated password synchronization.
[2026-01-11 11:47:25] ERROR: Could not load application.properties. Using hardcoded defaults. | Exception: D:\projects\sahkarROSCA\application.properties (The system cannot find the file specified)
[2026-01-11 11:47:25] DEBUG: Stacktrace: java.base/java.io.FileInputStream.open0(Native Method)
[2026-01-11 11:47:25] INFO: Starting backup for database: society_db
[2026-01-11 11:47:25] ERROR: Backup service critical failure | Exception: Cannot run program "D:\projects\sahkarROSCA\mysql\bin\mysqldump.exe": CreateProcess error=2, The system cannot find the file specified
[2026-01-11 11:47:25] DEBUG: Stacktrace: java.base/java.lang.ProcessBuilder.start(ProcessBuilder.java:1143)
[2026-01-11 11:47:46] INFO: Collection Module: Received SAVE Event
[2026-01-11 11:47:50] INFO: Collection Module: Received SAVE Event
[2026-01-11 11:47:54] INFO: Collection Module: Received SAVE Event
[2026-01-11 11:47:57] INFO: Collection Module: Received SAVE Event
[2026-01-11 11:48:57] INFO: Collection Module: Received SAVE Event
[2026-01-11 11:49:00] INFO: Collection Module: Received SAVE Event
[2026-01-11 11:51:32] INFO: Manual/IDE Mode detected: Skipping automated password synchronization.
[2026-01-11 12:04:04] ERROR: Could not load application.properties. Using hardcoded defaults. | Exception: D:\projects\sahkarROSCA\application.properties (The system cannot find the file specified)
[2026-01-11 12:04:04] DEBUG: Stacktrace: java.base/java.io.FileInputStream.open0(Native Method)
[2026-01-11 12:04:04] INFO: Starting backup for database: society_db
[2026-01-11 12:04:04] ERROR: Backup service critical failure | Exception: Cannot run program "D:\projects\sahkarROSCA\mysql\bin\mysqldump.exe": CreateProcess error=2, The system cannot find the file specified
[2026-01-11 12:04:04] DEBUG: Stacktrace: java.base/java.lang.ProcessBuilder.start(ProcessBuilder.java:1143)
[2026-01-11 12:04:21] INFO: Manual/IDE Mode detected: Skipping automated password synchronization.
[2026-01-11 12:05:44] INFO: Collection Module: Received SAVE Event
[2026-01-11 12:05:57] INFO: Collection Module: Received SAVE Event
[2026-01-11 12:06:00] INFO: Collection Module: Received SAVE Event
[2026-01-11 12:06:04] INFO: Collection Module: Received SAVE Event
[2026-01-11 12:06:08] INFO: Collection Module: Received SAVE Event
[2026-01-11 12:06:11] INFO: Collection Module: Received SAVE Event
[2026-01-11 12:07:00] INFO: Collection Module: Received SAVE Event
[2026-01-11 12:07:17] INFO: Collection Module: Received SAVE Event
[2026-01-11 12:07:34] INFO: Collection Module: Received SAVE Event
[2026-01-11 12:07:40] INFO: Collection Module: Received SAVE Event
[2026-01-11 12:07:43] INFO: Collection Module: Received SAVE Event
[2026-01-11 12:08:23] INFO: Collection Module: Received SAVE Event
[2026-01-11 12:09:01] INFO: Collection Module: Received SAVE Event
[2026-01-11 12:09:12] INFO: Collection Module: Received SAVE Event
[2026-01-11 12:09:29] INFO: Collection Module: Received SAVE Event
[2026-01-11 12:09:33] INFO: Collection Module: Received SAVE Event
[2026-01-11 12:09:38] INFO: Collection Module: Received SAVE Event
[2026-01-11 12:09:42] INFO: Collection Module: Received SAVE Event
[2026-01-11 12:09:47] INFO: Collection Module: Received SAVE Event
[2026-01-11 12:09:51] INFO: Collection Module: Received SAVE Event
[2026-01-11 12:10:39] ERROR: Could not load application.properties. Using hardcoded defaults. | Exception: D:\projects\sahkarROSCA\application.properties (The system cannot find the file specified)
[2026-01-11 12:10:39] DEBUG: Stacktrace: java.base/java.io.FileInputStream.open0(Native Method)
[2026-01-11 12:10:39] INFO: Starting backup for database: society_db
[2026-01-11 12:10:39] ERROR: Backup service critical failure | Exception: Cannot run program "D:\projects\sahkarROSCA\mysql\bin\mysqldump.exe": CreateProcess error=2, The system cannot find the file specified
[2026-01-11 12:10:39] DEBUG: Stacktrace: java.base/java.lang.ProcessBuilder.start(ProcessBuilder.java:1143)
[2026-01-11 12:10:41] INFO: Manual/IDE Mode detected: Skipping automated password synchronization.
[2026-01-11 12:11:35] INFO: Collection Module: Received SAVE Event
[2026-01-11 12:13:31] INFO: Collection Module: Received SAVE Event
[2026-01-11 12:13:54] INFO: Collection Module: Received SAVE Event
[2026-01-11 12:13:58] INFO: Collection Module: Received SAVE Event
[2026-01-11 12:14:02] INFO: Collection Module: Received SAVE Event
[2026-01-11 12:14:05] INFO: Collection Module: Received SAVE Event
[2026-01-11 12:14:09] INFO: Collection Module: Received SAVE Event
[2026-01-11 12:14:12] INFO: Collection Module: Received SAVE Event
[2026-01-11 12:14:15] INFO: Collection Module: Received SAVE Event
[2026-01-11 12:14:32] INFO: Collection Module: Received SAVE Event
[2026-01-11 12:14:36] INFO: Collection Module: Received SAVE Event
[2026-01-11 12:14:41] INFO: Collection Module: Received SAVE Event
[2026-01-11 12:14:43] INFO: Collection Module: Received SAVE Event
[2026-01-11 12:15:08] INFO: Collection Module: Received SAVE Event
[2026-01-11 12:15:40] INFO: Collection Module: Received SAVE Event
[2026-01-11 12:15:44] INFO: Collection Module: Received SAVE Event
[2026-01-11 12:15:48] INFO: Collection Module: Received SAVE Event
[2026-01-11 12:16:58] INFO: Collection Module: Received SAVE Event
[2026-01-11 12:17:45] INFO: Manual/IDE Mode detected: Skipping automated password synchronization.
[2026-01-11 12:17:45] ERROR: Could not load application.properties. Using hardcoded defaults. | Exception: D:\projects\sahkarROSCA\application.properties (The system cannot find the file specified)
[2026-01-11 12:17:45] DEBUG: Stacktrace: java.base/java.io.FileInputStream.open0(Native Method)
[2026-01-11 12:17:45] INFO: Starting backup for database: society_db
[2026-01-11 12:17:45] ERROR: Backup service critical failure | Exception: Cannot run program "D:\projects\sahkarROSCA\mysql\bin\mysqldump.exe": CreateProcess error=2, The system cannot find the file specified
[2026-01-11 12:17:45] DEBUG: Stacktrace: java.base/java.lang.ProcessBuilder.start(ProcessBuilder.java:1143)
[2026-01-11 12:18:31] INFO: Collection Module: Received SAVE Event
[2026-01-11 12:18:34] INFO: Collection Module: Received SAVE Event
[2026-01-11 12:18:46] INFO: Collection Module: Received SAVE Event
[2026-01-11 12:18:51] INFO: Collection Module: Received SAVE Event
[2026-01-11 12:18:55] INFO: Collection Module: Received SAVE Event
[2026-01-11 12:19:40] INFO: Collection Module: Received SAVE Event
[2026-01-11 12:19:44] INFO: Collection Module: Received SAVE Event
[2026-01-11 12:19:48] INFO: Collection Module: Received SAVE Event
[2026-01-11 12:19:52] INFO: Collection Module: Received SAVE Event
[2026-01-11 12:19:56] INFO: Collection Module: Received SAVE Event
[2026-01-11 12:19:59] INFO: Collection Module: Received SAVE Event
[2026-01-11 12:20:02] INFO: Collection Module: Received SAVE Event
[2026-01-11 12:20:50] INFO: Collection Module: Received SAVE Event
[2026-01-11 12:20:58] INFO: Collection Module: Received SAVE Event
[2026-01-11 12:21:45] INFO: Collection Module: Received SAVE Event
[2026-01-11 12:21:48] INFO: Collection Module: Received SAVE Event
[2026-01-11 12:21:55] INFO: Collection Module: Received SAVE Event
[2026-01-11 12:24:59] ERROR: Could not load application.properties. Using hardcoded defaults. | Exception: D:\projects\sahkarROSCA\application.properties (The system cannot find the file specified)
[2026-01-11 12:24:59] DEBUG: Stacktrace: java.base/java.io.FileInputStream.open0(Native Method)
[2026-01-11 12:24:59] INFO: Starting backup for database: society_db
[2026-01-11 12:24:59] ERROR: Backup service critical failure | Exception: Cannot run program "D:\projects\sahkarROSCA\mysql\bin\mysqldump.exe": CreateProcess error=2, The system cannot find the file specified
[2026-01-11 12:24:59] DEBUG: Stacktrace: java.base/java.lang.ProcessBuilder.start(ProcessBuilder.java:1143)
[2026-01-11 12:24:59] INFO: Manual/IDE Mode detected: Skipping automated password synchronization.
[2026-01-11 12:26:23] INFO: Collection Module: Received SAVE Event
[2026-01-11 12:26:53] INFO: Collection Module: Received SAVE Event
[2026-01-11 12:27:05] INFO: Collection Module: Received SAVE Event
[2026-01-11 12:27:46] INFO: Collection Module: Received SAVE Event
[2026-01-11 12:28:25] INFO: Collection Module: Received SAVE Event
[2026-01-11 12:28:29] INFO: Collection Module: Received SAVE Event
[2026-01-11 12:28:38] INFO: Collection Module: Received SAVE Event
[2026-01-11 12:28:41] INFO: Collection Module: Received SAVE Event
[2026-01-11 12:28:45] INFO: Collection Module: Received SAVE Event
[2026-01-11 12:28:49] INFO: Collection Module: Received SAVE Event
[2026-01-11 12:28:56] INFO: Collection Module: Received SAVE Event
[2026-01-11 12:29:01] INFO: Collection Module: Received SAVE Event
[2026-01-11 12:29:07] INFO: Collection Module: Received SAVE Event
[2026-01-11 12:29:10] INFO: Collection Module: Received SAVE Event
[2026-01-11 12:29:14] INFO: Collection Module: Received SAVE Event
[2026-01-11 12:29:19] INFO: Collection Module: Received SAVE Event
[2026-01-11 12:29:22] INFO: Collection Module: Received SAVE Event
[2026-01-11 12:29:25] INFO: Collection Module: Received SAVE Event
[2026-01-11 12:29:28] INFO: Collection Module: Received SAVE Event
[2026-01-11 12:29:31] INFO: Collection Module: Received SAVE Event
[2026-01-11 12:31:20] ERROR: Could not load application.properties. Using hardcoded defaults. | Exception: D:\projects\sahkarROSCA\application.properties (The system cannot find the file specified)
[2026-01-11 12:31:20] DEBUG: Stacktrace: java.base/java.io.FileInputStream.open0(Native Method)
[2026-01-11 12:31:20] INFO: Starting backup for database: society_db
[2026-01-11 12:31:20] ERROR: Backup service critical failure | Exception: Cannot run program "D:\projects\sahkarROSCA\mysql\bin\mysqldump.exe": CreateProcess error=2, The system cannot find the file specified
[2026-01-11 12:31:20] DEBUG: Stacktrace: java.base/java.lang.ProcessBuilder.start(ProcessBuilder.java:1143)
[2026-01-11 12:31:22] INFO: Manual/IDE Mode detected: Skipping automated password synchronization.
[2026-01-11 12:32:24] INFO: Collection Module: Received SAVE Event
[2026-01-11 12:32:30] INFO: Collection Module: Received SAVE Event
[2026-01-11 12:32:38] INFO: Collection Module: Received SAVE Event
[2026-01-11 12:32:46] INFO: Collection Module: Received SAVE Event
[2026-01-11 12:32:50] INFO: Collection Module: Received SAVE Event
[2026-01-11 12:32:54] INFO: Collection Module: Received SAVE Event
[2026-01-11 12:32:57] INFO: Collection Module: Received SAVE Event
[2026-01-11 12:33:11] INFO: Collection Module: Received SAVE Event
[2026-01-11 12:34:16] INFO: Collection Module: Received SAVE Event
[2026-01-11 12:34:18] INFO: Collection Module: Received SAVE Event
[2026-01-11 12:34:21] INFO: Collection Module: Received SAVE Event
[2026-01-11 12:34:24] INFO: Collection Module: Received SAVE Event
[2026-01-11 12:34:30] INFO: Collection Module: Received SAVE Event
[2026-01-11 12:34:35] INFO: Collection Module: Received SAVE Event
[2026-01-11 12:34:38] INFO: Collection Module: Received SAVE Event
[2026-01-11 12:34:41] INFO: Collection Module: Received SAVE Event
[2026-01-11 12:34:43] INFO: Collection Module: Received SAVE Event
[2026-01-11 12:34:46] INFO: Collection Module: Received SAVE Event
[2026-01-11 12:34:50] INFO: Collection Module: Received SAVE Event
[2026-01-11 12:35:01] INFO: Collection Module: Received SAVE Event
[2026-01-11 12:35:17] ERROR: Could not load application.properties. Using hardcoded defaults. | Exception: D:\projects\sahkarROSCA\application.properties (The system cannot find the file specified)
[2026-01-11 12:35:17] DEBUG: Stacktrace: java.base/java.io.FileInputStream.open0(Native Method)
[2026-01-11 12:35:17] INFO: Starting backup for database: society_db
[2026-01-11 12:35:17] ERROR: Backup service critical failure | Exception: Cannot run program "D:\projects\sahkarROSCA\mysql\bin\mysqldump.exe": CreateProcess error=2, The system cannot find the file specified
[2026-01-11 12:35:17] DEBUG: Stacktrace: java.base/java.lang.ProcessBuilder.start(ProcessBuilder.java:1143)
[2026-01-11 12:35:18] INFO: Manual/IDE Mode detected: Skipping automated password synchronization.
[2026-01-11 12:36:46] INFO: Collection Module: Received SAVE Event
[2026-01-11 12:36:55] INFO: Collection Module: Received SAVE Event
[2026-01-11 12:37:04] INFO: Collection Module: Received SAVE Event
[2026-01-11 12:37:10] INFO: Collection Module: Received SAVE Event
[2026-01-11 12:37:13] INFO: Collection Module: Received SAVE Event
[2026-01-11 12:37:34] INFO: Collection Module: Received SAVE Event
[2026-01-11 12:37:40] INFO: Collection Module: Received SAVE Event
[2026-01-11 12:38:04] INFO: Collection Module: Received SAVE Event
[2026-01-11 12:38:15] INFO: Collection Module: Received SAVE Event
[2026-01-11 12:39:00] INFO: Collection Module: Received SAVE Event
[2026-01-11 12:39:12] INFO: Collection Module: Received SAVE Event
[2026-01-11 12:39:17] INFO: Collection Module: Received SAVE Event
[2026-01-11 12:39:19] INFO: Collection Module: Received SAVE Event
[2026-01-11 12:39:22] INFO: Collection Module: Received SAVE Event
[2026-01-11 12:39:27] INFO: Collection Module: Received SAVE Event
[2026-01-11 12:39:30] INFO: Collection Module: Received SAVE Event
[2026-01-11 12:39:38] INFO: Collection Module: Received SAVE Event
[2026-01-11 12:39:42] INFO: Collection Module: Received SAVE Event
[2026-01-11 12:39:46] INFO: Collection Module: Received SAVE Event
[2026-01-11 12:39:49] INFO: Collection Module: Received SAVE Event
[2026-01-11 12:40:02] ERROR: Could not load application.properties. Using hardcoded defaults. | Exception: D:\projects\sahkarROSCA\application.properties (The system cannot find the file specified)
[2026-01-11 12:40:02] DEBUG: Stacktrace: java.base/java.io.FileInputStream.open0(Native Method)
[2026-01-11 12:40:02] INFO: Starting backup for database: society_db
[2026-01-11 12:40:02] ERROR: Backup service critical failure | Exception: Cannot run program "D:\projects\sahkarROSCA\mysql\bin\mysqldump.exe": CreateProcess error=2, The system cannot find the file specified
[2026-01-11 12:40:02] DEBUG: Stacktrace: java.base/java.lang.ProcessBuilder.start(ProcessBuilder.java:1143)
[2026-01-11 12:40:04] INFO: Manual/IDE Mode detected: Skipping automated password synchronization.
[2026-01-11 12:46:11] INFO: Collection Module: Received SAVE Event
[2026-01-11 12:46:16] INFO: Collection Module: Received SAVE Event
[2026-01-11 12:46:18] INFO: Collection Module: Received SAVE Event
[2026-01-11 12:46:20] INFO: Collection Module: Received SAVE Event
[2026-01-11 12:48:21] INFO: Collection Module: Received SAVE Event
[2026-01-11 12:48:43] INFO: Collection Module: Received SAVE Event
[2026-01-11 12:48:46] INFO: Collection Module: Received SAVE Event
[2026-01-11 12:48:52] INFO: Collection Module: Received SAVE Event
[2026-01-11 12:48:58] INFO: Collection Module: Received SAVE Event
[2026-01-11 12:49:03] INFO: Collection Module: Received SAVE Event
[2026-01-11 12:49:15] INFO: Collection Module: Received SAVE Event
[2026-01-11 12:49:17] INFO: Collection Module: Received SAVE Event
[2026-01-11 12:49:23] INFO: Collection Module: Received SAVE Event
[2026-01-11 12:49:35] INFO: Collection Module: Received SAVE Event
[2026-01-11 12:49:39] INFO: Collection Module: Received SAVE Event
[2026-01-11 12:50:41] INFO: Collection Module: Received SAVE Event
[2026-01-11 12:50:48] INFO: Collection Module: Received SAVE Event
[2026-01-11 12:50:50] INFO: Collection Module: Received SAVE Event
[2026-01-11 12:51:02] INFO: Collection Module: Received SAVE Event
[2026-01-11 12:51:06] INFO: Collection Module: Received SAVE Event
[2026-01-11 13:01:10] INFO: Collection Module: Received SAVE Event
[2026-01-11 13:01:15] INFO: Collection Module: Received SAVE Event
[2026-01-11 13:02:14] INFO: Collection Module: Received SAVE Event
[2026-01-11 13:02:20] INFO: Collection Module: Received SAVE Event
[2026-01-11 13:06:24] INFO: Manual/IDE Mode detected: Skipping automated password synchronization.
[2026-01-11 13:18:17] INFO: Manual/IDE Mode detected: Skipping automated password synchronization.
[2026-01-11 13:19:32] INFO: Manual/IDE Mode detected: Skipping automated password synchronization.
[2026-01-11 13:27:44] INFO: Manual/IDE Mode detected: Skipping automated password synchronization.
[2026-01-11 13:38:22] INFO: Manual/IDE Mode detected: Skipping automated password synchronization.
[2026-01-11 13:38:57] INFO: Manual/IDE Mode detected: Skipping automated password synchronization.
[2026-01-11 13:39:48] INFO: Manual/IDE Mode detected: Skipping automated password synchronization.
[2026-01-11 13:42:20] INFO: Manual/IDE Mode detected: Skipping automated password synchronization.
[2026-01-11 13:42:50] ERROR: Login Failed! | Exception: Invalid Username or Password!
[2026-01-11 13:42:50] DEBUG: Stacktrace: com.badargadh.sahkar.service.UserService.authenticate(UserService.java:69)
[2026-01-11 13:47:42] INFO: Collection Module: Received SAVE Event
[2026-01-11 13:47:46] INFO: Collection Module: Received SAVE Event
[2026-01-11 13:47:49] INFO: Collection Module: Received SAVE Event
[2026-01-11 13:47:52] INFO: Collection Module: Received SAVE Event
[2026-01-11 13:47:56] INFO: Collection Module: Received SAVE Event
[2026-01-11 13:48:01] INFO: Collection Module: Received SAVE Event
[2026-01-11 14:29:11] ERROR: Could not load application.properties. Using hardcoded defaults. | Exception: D:\projects\sahkarROSCA\application.properties (The system cannot find the file specified)
[2026-01-11 14:29:11] DEBUG: Stacktrace: java.base/java.io.FileInputStream.open0(Native Method)
[2026-01-11 14:29:11] INFO: Starting backup for database: society_db
[2026-01-11 14:29:11] ERROR: Backup service critical failure | Exception: Cannot run program "D:\projects\sahkarROSCA\mysql\bin\mysqldump.exe": CreateProcess error=2, The system cannot find the file specified
[2026-01-11 14:29:11] DEBUG: Stacktrace: java.base/java.lang.ProcessBuilder.start(ProcessBuilder.java:1143)
[2026-01-11 14:29:15] INFO: Manual/IDE Mode detected: Skipping automated password synchronization.
[2026-01-11 14:48:38] INFO: Manual/IDE Mode detected: Skipping automated password synchronization.
[2026-01-11 16:04:51] INFO: Manual/IDE Mode detected: Skipping automated password synchronization.
[2026-01-11 17:12:50] ERROR: Could not load application.properties. Using hardcoded defaults. | Exception: D:\projects\sahkarROSCA\application.properties (The system cannot find the file specified)
[2026-01-11 17:12:50] DEBUG: Stacktrace: java.base/java.io.FileInputStream.open0(Native Method)
[2026-01-11 17:12:50] INFO: Starting backup for database: society_db
[2026-01-11 17:12:50] ERROR: Backup service critical failure | Exception: Cannot run program "D:\projects\sahkarROSCA\mysql\bin\mysqldump.exe": CreateProcess error=2, The system cannot find the file specified
[2026-01-11 17:12:50] DEBUG: Stacktrace: java.base/java.lang.ProcessBuilder.start(ProcessBuilder.java:1143)
[2026-01-11 17:13:00] INFO: Manual/IDE Mode detected: Skipping automated password synchronization.
[2026-01-11 17:13:28] INFO: Collection Module: Received SAVE Event
[2026-01-11 17:13:33] INFO: Collection Module: Received SAVE Event
[2026-01-11 17:13:38] INFO: Collection Module: Received SAVE Event
[2026-01-11 17:13:42] INFO: Collection Module: Received SAVE Event
[2026-01-11 17:13:47] INFO: Collection Module: Received SAVE Event
[2026-01-11 17:13:50] INFO: Collection Module: Received SAVE Event
[2026-01-11 17:13:53] INFO: Collection Module: Received SAVE Event
[2026-01-11 17:13:58] INFO: Collection Module: Received SAVE Event
[2026-01-11 17:14:03] INFO: Collection Module: Received SAVE Event
[2026-01-11 17:14:06] INFO: Collection Module: Received SAVE Event
[2026-01-11 17:14:38] INFO: Collection Module: Received SAVE Event
[2026-01-11 17:14:41] INFO: Collection Module: Received SAVE Event
[2026-01-11 17:15:14] INFO: Collection Module: Received SAVE Event
[2026-01-11 17:18:02] INFO: Collection Module: Received SAVE Event
[2026-01-11 17:40:02] INFO: Manual/IDE Mode detected: Skipping automated password synchronization.
[2026-01-11 17:44:25] INFO: Manual/IDE Mode detected: Skipping automated password synchronization.
[2026-01-11 17:44:42] ERROR: Login Failed! | Exception: Invalid Username or Password!
[2026-01-11 17:44:42] DEBUG: Stacktrace: com.badargadh.sahkar.service.UserService.authenticate(UserService.java:69)
[2026-01-11 17:47:30] INFO: Manual/IDE Mode detected: Skipping automated password synchronization.
[2026-01-11 18:19:31] INFO: Collection Module: Received SAVE Event
[2026-01-11 18:20:15] INFO: Collection Module: Received SAVE Event
[2026-01-11 18:21:05] INFO: Collection Module: Received SAVE Event
[2026-01-11 18:33:36] INFO: Manual/IDE Mode detected: Skipping automated password synchronization.
[2026-01-11 18:46:16] INFO: Collection Module: Received SAVE Event
[2026-01-11 18:46:21] INFO: Collection Module: Received SAVE Event
[2026-01-11 19:42:26] ERROR: Could not load application.properties. Using hardcoded defaults. | Exception: D:\projects\sahkarROSCA\application.properties (The system cannot find the file specified)
[2026-01-11 19:42:26] DEBUG: Stacktrace: java.base/java.io.FileInputStream.open0(Native Method)
[2026-01-11 19:42:26] INFO: Starting backup for database: society_db
[2026-01-11 19:42:26] ERROR: Backup service critical failure | Exception: Cannot run program "D:\projects\sahkarROSCA\mysql\bin\mysqldump.exe": CreateProcess error=2, The system cannot find the file specified
[2026-01-11 19:42:26] DEBUG: Stacktrace: java.base/java.lang.ProcessBuilder.start(ProcessBuilder.java:1143)
[2026-01-11 19:42:33] INFO: Manual/IDE Mode detected: Skipping automated password synchronization.
[2026-01-11 19:43:13] INFO: Collection Module: Received SAVE Event
[2026-01-11 19:43:22] INFO: Collection Module: Received SAVE Event
[2026-01-11 19:43:27] INFO: Collection Module: Received SAVE Event
[2026-01-11 19:43:39] INFO: Collection Module: Received SAVE Event
[2026-01-11 19:43:45] INFO: Collection Module: Received SAVE Event
[2026-01-11 19:44:07] INFO: Collection Module: Received SAVE Event
[2026-01-11 19:44:15] INFO: Collection Module: Received SAVE Event
[2026-01-11 19:44:20] INFO: Collection Module: Received SAVE Event
[2026-01-11 19:44:29] INFO: Collection Module: Received SAVE Event
[2026-01-11 19:44:42] INFO: Collection Module: Received SAVE Event
[2026-01-11 19:44:49] INFO: Collection Module: Received SAVE Event
[2026-01-11 19:44:53] INFO: Collection Module: Received SAVE Event
[2026-01-11 19:44:59] INFO: Collection Module: Received SAVE Event
[2026-01-11 19:45:39] INFO: Collection Module: Received SAVE Event
[2026-01-11 19:45:43] INFO: Collection Module: Received SAVE Event
[2026-01-11 19:45:49] INFO: Collection Module: Received SAVE Event
[2026-01-11 19:45:55] INFO: Collection Module: Received SAVE Event
[2026-01-11 19:46:01] INFO: Collection Module: Received SAVE Event
[2026-01-11 19:46:06] INFO: Collection Module: Received SAVE Event
[2026-01-11 19:46:10] INFO: Collection Module: Received SAVE Event
[2026-01-11 19:46:17] INFO: Collection Module: Received SAVE Event
[2026-01-11 19:46:29] INFO: Collection Module: Received SAVE Event
[2026-01-11 19:53:10] INFO: Collection Module: Received SAVE Event
[2026-01-11 19:59:23] INFO: Collection Module: Received SAVE Event
[2026-01-11 20:58:33] INFO: Manual/IDE Mode detected: Skipping automated password synchronization.
[2026-01-11 21:10:23] ERROR: Could not load application.properties. Using hardcoded defaults. | Exception: D:\projects\sahkarROSCA\application.properties (The system cannot find the file specified)
[2026-01-11 21:10:23] DEBUG: Stacktrace: java.base/java.io.FileInputStream.open0(Native Method)
[2026-01-11 21:10:23] INFO: Starting backup for database: society_db
[2026-01-11 21:10:23] ERROR: Backup service critical failure | Exception: Cannot run program "D:\projects\sahkarROSCA\mysql\bin\mysqldump.exe": CreateProcess error=2, The system cannot find the file specified
[2026-01-11 21:10:23] DEBUG: Stacktrace: java.base/java.lang.ProcessBuilder.start(ProcessBuilder.java:1143)
[2026-01-12 12:19:24] INFO: Manual/IDE Mode detected: Skipping automated password synchronization.
[2026-01-12 12:56:47] INFO: Collection Module: Received SAVE Event
[2026-01-12 14:47:05] ERROR: Could not load application.properties. Using hardcoded defaults. | Exception: D:\projects\sahkarROSCA\application.properties (The system cannot find the file specified)
[2026-01-12 14:47:05] DEBUG: Stacktrace: java.base/java.io.FileInputStream.open0(Native Method)
[2026-01-12 14:47:05] INFO: Starting backup for database: society_db
[2026-01-12 14:47:05] ERROR: Backup service critical failure | Exception: Cannot run program "D:\projects\sahkarROSCA\mysql\bin\mysqldump.exe": CreateProcess error=2, The system cannot find the file specified
[2026-01-12 14:47:05] DEBUG: Stacktrace: java.base/java.lang.ProcessBuilder.start(ProcessBuilder.java:1143)
[2026-01-12 14:47:14] INFO: Manual/IDE Mode detected: Skipping automated password synchronization.
[2026-01-12 14:48:55] INFO: Collection Module: Received SAVE Event
[2026-01-12 14:49:01] INFO: Collection Module: Received SAVE Event
[2026-01-12 14:49:03] INFO: Collection Module: Received SAVE Event
[2026-01-12 14:49:07] INFO: Collection Module: Received SAVE Event
[2026-01-12 15:33:39] ERROR: Could not load application.properties. Using hardcoded defaults. | Exception: D:\projects\sahkarROSCA\application.properties (The system cannot find the file specified)
[2026-01-12 15:33:39] DEBUG: Stacktrace: java.base/java.io.FileInputStream.open0(Native Method)
[2026-01-12 15:33:39] INFO: Starting backup for database: society_db
[2026-01-12 15:33:39] ERROR: Backup service critical failure | Exception: Cannot run program "D:\projects\sahkarROSCA\mysql\bin\mysqldump.exe": CreateProcess error=2, The system cannot find the file specified
[2026-01-12 15:33:39] DEBUG: Stacktrace: java.base/java.lang.ProcessBuilder.start(ProcessBuilder.java:1143)
[2026-01-12 15:33:51] INFO: Manual/IDE Mode detected: Skipping automated password synchronization.
[2026-01-12 15:48:43] INFO: Manual/IDE Mode detected: Skipping automated password synchronization.
[2026-01-12 15:51:59] INFO: Manual/IDE Mode detected: Skipping automated password synchronization.
[2026-01-13 11:20:47] ERROR: Could not load application.properties. Using hardcoded defaults. | Exception: D:\projects\sahkarROSCA\application.properties (The system cannot find the file specified)
[2026-01-13 11:20:47] DEBUG: Stacktrace: java.base/java.io.FileInputStream.open0(Native Method)
[2026-01-13 11:20:47] INFO: Starting backup for database: society_db
[2026-01-13 11:20:47] ERROR: Backup service critical failure | Exception: Cannot run program "D:\projects\sahkarROSCA\mysql\bin\mysqldump.exe": CreateProcess error=2, The system cannot find the file specified
[2026-01-13 11:20:47] DEBUG: Stacktrace: java.base/java.lang.ProcessBuilder.start(ProcessBuilder.java:1143)
[2026-01-13 12:08:19] INFO: Manual/IDE Mode detected: Skipping automated password synchronization.
[2026-01-13 12:12:28] INFO: Manual/IDE Mode detected: Skipping automated password synchronization.
[2026-01-13 12:16:36] INFO: Manual/IDE Mode detected: Skipping automated password synchronization.
[2026-01-13 12:17:35] INFO: Manual/IDE Mode detected: Skipping automated password synchronization.
[2026-01-13 12:19:03] INFO: Manual/IDE Mode detected: Skipping automated password synchronization.
[2026-01-13 12:30:39] INFO: Manual/IDE Mode detected: Skipping automated password synchronization.
[2026-01-13 12:36:49] INFO: Manual/IDE Mode detected: Skipping automated password synchronization.
[2026-01-13 12:37:11] ERROR: Login Failed! | Exception: Invalid Username or Password!
[2026-01-13 12:37:11] DEBUG: Stacktrace: com.badargadh.sahkar.service.UserService.authenticate(UserService.java:69)
[2026-01-13 12:37:46] INFO: Manual/IDE Mode detected: Skipping automated password synchronization.
[2026-01-13 12:41:45] INFO: Manual/IDE Mode detected: Skipping automated password synchronization.
[2026-01-13 12:47:34] INFO: Manual/IDE Mode detected: Skipping automated password synchronization.
[2026-01-13 12:58:14] INFO: Manual/IDE Mode detected: Skipping automated password synchronization.
[2026-01-13 13:08:25] INFO: Manual/IDE Mode detected: Skipping automated password synchronization.
[2026-01-13 13:13:18] INFO: Manual/IDE Mode detected: Skipping automated password synchronization.
[2026-01-13 14:07:57] INFO: Manual/IDE Mode detected: Skipping automated password synchronization.
[2026-01-13 14:24:47] INFO: Manual/IDE Mode detected: Skipping automated password synchronization.
[2026-01-13 17:56:32] INFO: Manual/IDE Mode detected: Skipping automated password synchronization.
[2026-01-13 17:57:23] INFO: Manual/IDE Mode detected: Skipping automated password synchronization.
[2026-01-13 17:58:10] INFO: Manual/IDE Mode detected: Skipping automated password synchronization.
[2026-01-13 18:00:23] INFO: Manual/IDE Mode detected: Skipping automated password synchronization.
[2026-01-13 18:15:28] INFO: Manual/IDE Mode detected: Skipping automated password synchronization.
[2026-01-14 11:08:39] ERROR: Could not load application.properties. Using hardcoded defaults. | Exception: D:\projects\sahkarROSCA\application.properties (The system cannot find the file specified)
[2026-01-14 11:08:39] DEBUG: Stacktrace: java.base/java.io.FileInputStream.open0(Native Method)
[2026-01-14 11:08:39] INFO: Starting backup for database: society_db
[2026-01-14 11:08:39] ERROR: Backup service critical failure | Exception: Cannot run program "D:\projects\sahkarROSCA\mysql\bin\mysqldump.exe": CreateProcess error=2, The system cannot find the file specified
[2026-01-14 11:08:39] DEBUG: Stacktrace: java.base/java.lang.ProcessBuilder.start(ProcessBuilder.java:1143)
[2026-01-14 12:18:30] INFO: Manual/IDE Mode detected: Skipping automated password synchronization.
[2026-01-14 12:21:35] INFO: Manual/IDE Mode detected: Skipping automated password synchronization.
[2026-01-14 12:54:07] INFO: Manual/IDE Mode detected: Skipping automated password synchronization.
[2026-01-14 13:02:03] INFO: Manual/IDE Mode detected: Skipping automated password synchronization.
[2026-01-14 13:07:17] INFO: Manual/IDE Mode detected: Skipping automated password synchronization.
[2026-01-14 13:15:12] INFO: Manual/IDE Mode detected: Skipping automated password synchronization.
[2026-01-14 14:37:15] INFO: Manual/IDE Mode detected: Skipping automated password synchronization.
[2026-01-14 15:17:00] INFO: Manual/IDE Mode detected: Skipping automated password synchronization.
[2026-01-14 15:40:52] INFO: Manual/IDE Mode detected: Skipping automated password synchronization.
[2026-01-14 15:41:40] INFO: Manual/IDE Mode detected: Skipping automated password synchronization.
[2026-01-14 16:09:35] INFO: Manual/IDE Mode detected: Skipping automated password synchronization.
[2026-01-14 16:16:08] INFO: Manual/IDE Mode detected: Skipping automated password synchronization.
[2026-01-14 16:16:22] ERROR: Login Failed! | Exception: Invalid Username or Password!
[2026-01-14 16:16:22] DEBUG: Stacktrace: com.badargadh.sahkar.service.UserService.authenticate(UserService.java:69)
[2026-01-14 16:17:01] INFO: Manual/IDE Mode detected: Skipping automated password synchronization.
[2026-01-14 17:38:41] INFO: Manual/IDE Mode detected: Skipping automated password synchronization.
[2026-01-14 17:49:29] INFO: Manual/IDE Mode detected: Skipping automated password synchronization.
[2026-01-14 17:59:38] INFO: Manual/IDE Mode detected: Skipping automated password synchronization.
[2026-01-14 18:05:40] INFO: Manual/IDE Mode detected: Skipping automated password synchronization.
[2026-01-14 18:06:36] INFO: Manual/IDE Mode detected: Skipping automated password synchronization.
[2026-01-14 21:18:02] INFO: Manual/IDE Mode detected: Skipping automated password synchronization.
[2026-01-14 21:18:20] ERROR: Login Failed! | Exception: Invalid Username or Password!
[2026-01-14 21:18:20] DEBUG: Stacktrace: com.badargadh.sahkar.service.UserService.authenticate(UserService.java:69)
[2026-01-14 21:30:18] INFO: Manual/IDE Mode detected: Skipping automated password synchronization.
[2026-01-14 21:30:43] INFO: Validating loan date. Current Max: 2026-01-10T19:00:35.230049 | New App: 2026-01-14T21:30:38.887235100
[2026-01-14 21:36:43] INFO: Manual/IDE Mode detected: Skipping automated password synchronization.
[2026-01-14 21:38:39] INFO: Validating loan date. Current Max: 2026-01-10T19:00:35.230049 | New App: 2026-01-14T21:38:32.719484200
[2026-01-14 21:38:41] INFO: Loan Application Module: Received SAVE Event
[2026-01-14 21:43:06] INFO: Manual/IDE Mode detected: Skipping automated password synchronization.
[2026-01-14 21:43:43] INFO: Validating loan date. Current Max: 2026-01-10T19:00:35.230049 | New App: 2026-01-14T21:43:31.697932100
[2026-01-14 21:43:45] INFO: Loan Application Module: Received RESET Event
[2026-01-14 21:43:49] INFO: Loan Application Module: Received SAVE Event
[2026-01-14 21:43:52] INFO: Loan Application Module: Received SAVE Event
[2026-01-14 21:43:55] INFO: Validating loan date. Current Max: 2026-01-10T19:00:35.230049 | New App: 2026-01-14T21:43:31.697932100
[2026-01-14 21:53:33] INFO: Manual/IDE Mode detected: Skipping automated password synchronization.
[2026-01-14 21:54:14] INFO: Manual/IDE Mode detected: Skipping automated password synchronization.
[2026-01-14 21:54:46] INFO: Manual/IDE Mode detected: Skipping automated password synchronization.
[2026-01-14 21:55:23] INFO: Manual/IDE Mode detected: Skipping automated password synchronization.
[2026-01-14 21:57:14] INFO: Manual/IDE Mode detected: Skipping automated password synchronization.
[2026-01-14 21:58:54] INFO: Manual/IDE Mode detected: Skipping automated password synchronization.
[2026-01-14 22:30:58] INFO: Manual/IDE Mode detected: Skipping automated password synchronization.
[2026-01-14 22:33:28] INFO: Manual/IDE Mode detected: Skipping automated password synchronization.
[2026-01-14 22:40:40] INFO: Manual/IDE Mode detected: Skipping automated password synchronization.
[2026-01-14 22:43:45] INFO: Manual/IDE Mode detected: Skipping automated password synchronization.
[2026-01-14 22:51:17] INFO: Manual/IDE Mode detected: Skipping automated password synchronization.
[2026-01-14 22:51:20] ERROR: Could not load application.properties. Using hardcoded defaults. | Exception: D:\projects\sahkarROSCA\application.properties (The system cannot find the file specified)
[2026-01-14 22:51:20] DEBUG: Stacktrace: java.base/java.io.FileInputStream.open0(Native Method)
[2026-01-14 22:51:20] INFO: Starting backup for database: society_db
[2026-01-14 22:51:20] ERROR: Backup service critical failure | Exception: Cannot run program "D:\projects\sahkarROSCA\mysql\bin\mysqldump.exe": CreateProcess error=2, The system cannot find the file specified
[2026-01-14 22:51:20] DEBUG: Stacktrace: java.base/java.lang.ProcessBuilder.start(ProcessBuilder.java:1143)
[2026-01-14 22:53:00] ERROR: Could not load application.properties. Using hardcoded defaults. | Exception: D:\projects\sahkarROSCA\application.properties (The system cannot find the file specified)
[2026-01-14 22:53:00] DEBUG: Stacktrace: java.base/java.io.FileInputStream.open0(Native Method)
[2026-01-14 22:53:00] INFO: Starting backup for database: society_db
[2026-01-14 22:53:00] ERROR: Backup service critical failure | Exception: Cannot run program "D:\projects\sahkarROSCA\mysql\bin\mysqldump.exe": CreateProcess error=2, The system cannot find the file specified
[2026-01-14 22:53:00] DEBUG: Stacktrace: java.base/java.lang.ProcessBuilder.start(ProcessBuilder.java:1143)
[2026-01-14 22:53:24] INFO: Manual/IDE Mode detected: Skipping automated password synchronization.
[2026-01-14 22:55:13] INFO: Manual/IDE Mode detected: Skipping automated password synchronization.
[2026-01-14 23:00:31] INFO: Manual/IDE Mode detected: Skipping automated password synchronization.
[2026-01-14 23:02:30] INFO: Manual/IDE Mode detected: Skipping automated password synchronization.
[2026-01-14 23:03:22] INFO: Manual/IDE Mode detected: Skipping automated password synchronization.
[2026-01-14 23:06:03] ERROR: Could not load application.properties. Using hardcoded defaults. | Exception: D:\projects\sahkarROSCA\application.properties (The system cannot find the file specified)
[2026-01-14 23:06:03] DEBUG: Stacktrace: java.base/java.io.FileInputStream.open0(Native Method)
[2026-01-14 23:06:03] INFO: Starting backup for database: society_db
[2026-01-14 23:06:03] ERROR: Backup service critical failure | Exception: Cannot run program "D:\projects\sahkarROSCA\mysql\bin\mysqldump.exe": CreateProcess error=2, The system cannot find the file specified
[2026-01-14 23:06:03] DEBUG: Stacktrace: java.base/java.lang.ProcessBuilder.start(ProcessBuilder.java:1143)
[2026-01-14 23:06:28] INFO: Manual/IDE Mode detected: Skipping automated password synchronization.
[2026-01-14 23:07:37] INFO: Collection Module: Received SAVE Event
[2026-01-15 07:37:13] INFO: Manual/IDE Mode detected: Skipping automated password synchronization.
[2026-01-15 07:39:52] INFO: Manual/IDE Mode detected: Skipping automated password synchronization.
[2026-01-15 07:40:44] INFO: Manual/IDE Mode detected: Skipping automated password synchronization.
[2026-01-15 07:58:21] ERROR: Could not load application.properties. Using hardcoded defaults. | Exception: D:\projects\sahkarROSCA\application.properties (The system cannot find the file specified)
[2026-01-15 07:58:21] DEBUG: Stacktrace: java.base/java.io.FileInputStream.open0(Native Method)
[2026-01-15 07:58:21] INFO: Starting backup for database: society_db
[2026-01-15 07:58:21] ERROR: Backup service critical failure | Exception: Cannot run program "D:\projects\sahkarROSCA\mysql\bin\mysqldump.exe": CreateProcess error=2, The system cannot find the file specified
[2026-01-15 07:58:21] DEBUG: Stacktrace: java.base/java.lang.ProcessBuilder.start(ProcessBuilder.java:1143)
[2026-01-15 07:58:29] INFO: Manual/IDE Mode detected: Skipping automated password synchronization.
[2026-01-15 08:06:45] INFO: Manual/IDE Mode detected: Skipping automated password synchronization.
[2026-01-15 08:17:38] INFO: Manual/IDE Mode detected: Skipping automated password synchronization.
[2026-01-15 08:26:48] INFO: Manual/IDE Mode detected: Skipping automated password synchronization.
[2026-01-15 08:28:06] INFO: Manual/IDE Mode detected: Skipping automated password synchronization.
[2026-01-15 08:37:54] INFO: Manual/IDE Mode detected: Skipping automated password synchronization.
[2026-01-15 08:38:43] INFO: Manual/IDE Mode detected: Skipping automated password synchronization.
[2026-01-15 08:50:25] INFO: Manual/IDE Mode detected: Skipping automated password synchronization.
[2026-01-15 09:59:56] INFO: Manual/IDE Mode detected: Skipping automated password synchronization.
[2026-01-15 10:04:01] INFO: Manual/IDE Mode detected: Skipping automated password synchronization.
[2026-01-15 10:04:47] INFO: Manual/IDE Mode detected: Skipping automated password synchronization.
[2026-01-15 10:06:23] INFO: Manual/IDE Mode detected: Skipping automated password synchronization.
[2026-01-15 10:18:55] INFO: Manual/IDE Mode detected: Skipping automated password synchronization.
[2026-01-15 10:19:50] INFO: Manual/IDE Mode detected: Skipping automated password synchronization.
[2026-01-15 10:22:05] INFO: Manual/IDE Mode detected: Skipping automated password synchronization.
[2026-01-15 10:22:49] INFO: Manual/IDE Mode detected: Skipping automated password synchronization.
[2026-01-15 10:23:14] INFO: No Group ID found for this payment.
[2026-01-15 10:25:29] INFO: Manual/IDE Mode detected: Skipping automated password synchronization.
[2026-01-15 10:26:43] INFO: Collection Module: Received SAVE Event
[2026-01-15 10:26:45] INFO: Collection Module: Received SAVE Event
[2026-01-15 10:26:48] INFO: Collection Module: Received SAVE Event
[2026-01-15 10:26:51] INFO: Collection Module: Received SAVE Event
[2026-01-15 10:26:56] INFO: Collection Module: Received SAVE Event
[2026-01-15 10:26:59] INFO: Collection Module: Received SAVE Event
[2026-01-15 10:27:09] INFO: Collection Module: Received SAVE Event
[2026-01-15 10:27:25] ERROR: POS Printer not found. Please check connections.
[2026-01-15 10:49:07] INFO: Manual/IDE Mode detected: Skipping automated password synchronization.
[2026-01-15 10:56:02] INFO: Manual/IDE Mode detected: Skipping automated password synchronization.
[2026-01-15 11:06:09] INFO: Manual/IDE Mode detected: Skipping automated password synchronization.
[2026-01-15 11:07:02] ERROR: POS Printer not found. Please check connections.
[2026-01-15 11:12:11] ERROR: POS Printer not found. Please check connections.
[2026-01-15 11:14:11] INFO: Manual/IDE Mode detected: Skipping automated password synchronization.
[2026-01-15 11:14:42] ERROR: Thermal Printer Error | Exception: failed to lazily initialize a collection of role: com.badargadh.sahkar.data.EmiPaymentGroup.feePayments: could not initialize proxy - no Session
[2026-01-15 11:14:42] DEBUG: Stacktrace: org.hibernate.collection.spi.AbstractPersistentCollection.throwLazyInitializationException(AbstractPersistentCollection.java:634)
[2026-01-15 11:19:28] INFO: Manual/IDE Mode detected: Skipping automated password synchronization.
[2026-01-15 11:19:58] ERROR: Thermal Printer Error | Exception: f != java.lang.Integer
[2026-01-15 11:19:58] DEBUG: Stacktrace: java.base/java.util.Formatter$FormatSpecifier.failConversion(Formatter.java:4442)
[2026-01-15 11:20:31] ERROR: Thermal Printer Error | Exception: f != java.lang.Integer
[2026-01-15 11:20:31] DEBUG: Stacktrace: java.base/java.util.Formatter$FormatSpecifier.failConversion(Formatter.java:4442)
[2026-01-15 11:20:40] INFO: Manual/IDE Mode detected: Skipping automated password synchronization.
[2026-01-15 11:21:09] ERROR: Thermal Printer Error | Exception: f != java.lang.Integer
[2026-01-15 11:21:09] DEBUG: Stacktrace: java.base/java.util.Formatter$FormatSpecifier.failConversion(Formatter.java:4442)
[2026-01-15 11:22:43] INFO: Manual/IDE Mode detected: Skipping automated password synchronization.
[2026-01-15 11:25:00] INFO: Collection Module: Received SAVE Event
[2026-01-15 11:25:02] INFO: Collection Module: Received SAVE Event
[2026-01-15 11:25:04] INFO: Collection Module: Received SAVE Event
[2026-01-15 11:25:05] INFO: Collection Module: Received SAVE Event
[2026-01-15 11:25:07] INFO: Collection Module: Received SAVE Event
[2026-01-15 11:25:09] INFO: Collection Module: Received SAVE Event
[2026-01-15 11:25:10] INFO: Collection Module: Received SAVE Event
[2026-01-15 11:25:12] INFO: Collection Module: Received SAVE Event
[2026-01-15 11:25:17] INFO: Collection Module: Received SAVE Event
[2026-01-15 11:25:19] INFO: Collection Module: Received SAVE Event
[2026-01-15 11:25:21] INFO: Collection Module: Received SAVE Event
[2026-01-15 11:25:23] INFO: Collection Module: Received SAVE Event
[2026-01-15 11:25:25] INFO: Collection Module: Received SAVE Event
[2026-01-15 11:25:29] INFO: Collection Module: Received SAVE Event
[2026-01-15 11:25:31] INFO: Collection Module: Received SAVE Event
[2026-01-15 11:25:32] INFO: Collection Module: Received SAVE Event
[2026-01-15 11:25:34] INFO: Collection Module: Received SAVE Event
[2026-01-15 11:25:53] ERROR: Thermal Printer Error | Exception: Cannot invoke "java.util.List.iterator()" because the return value of "com.badargadh.sahkar.data.EmiPaymentGroup.getMonthlyPayments()" is null
[2026-01-15 11:25:53] DEBUG: Stacktrace: com.badargadh.sahkar.service.ReceiptPrintingService.printCollectionReceipt(ReceiptPrintingService.java:191)
[2026-01-15 11:27:16] INFO: Manual/IDE Mode detected: Skipping automated password synchronization.
[2026-01-15 11:27:57] INFO: Collection Module: Received SAVE Event
[2026-01-15 11:27:59] INFO: Collection Module: Received SAVE Event
[2026-01-15 11:28:01] INFO: Collection Module: Received SAVE Event
[2026-01-15 11:28:03] INFO: Collection Module: Received SAVE Event
[2026-01-15 11:28:05] INFO: Collection Module: Received SAVE Event
[2026-01-15 11:28:07] INFO: Collection Module: Received SAVE Event
[2026-01-15 11:28:12] INFO: Collection Module: Received SAVE Event
[2026-01-15 11:28:14] INFO: Collection Module: Received SAVE Event
[2026-01-15 11:28:19] INFO: Collection Module: Received SAVE Event
[2026-01-15 11:28:26] INFO: Collection Module: Received SAVE Event
[2026-01-15 11:28:40] INFO: Collection Module: Received SAVE Event
[2026-01-15 11:28:42] INFO: Collection Module: Received SAVE Event
[2026-01-15 11:28:45] INFO: Collection Module: Received SAVE Event
[2026-01-15 11:29:16] INFO: Collection Module: Received SAVE Event
[2026-01-15 11:29:18] INFO: Collection Module: Received SAVE Event
[2026-01-15 11:29:20] INFO: Collection Module: Received SAVE Event
[2026-01-15 11:29:26] INFO: Collection Module: Received SAVE Event
[2026-01-15 11:29:28] INFO: Collection Module: Received SAVE Event
[2026-01-15 11:29:30] INFO: Collection Module: Received SAVE Event
[2026-01-15 11:29:31] INFO: Collection Module: Received SAVE Event
[2026-01-15 11:29:39] INFO: Collection Module: Received SAVE Event
[2026-01-15 11:29:41] INFO: Collection Module: Received SAVE Event
[2026-01-15 11:29:43] INFO: Collection Module: Received SAVE Event
[2026-01-15 11:29:45] INFO: Collection Module: Received SAVE Event
[2026-01-15 11:29:47] INFO: Collection Module: Received SAVE Event
[2026-01-15 11:30:07] INFO: Collection Module: Received SAVE Event
[2026-01-15 11:30:11] INFO: Collection Module: Received SAVE Event
[2026-01-15 11:30:13] INFO: Collection Module: Received SAVE Event
[2026-01-15 11:30:16] INFO: Collection Module: Received SAVE Event
[2026-01-15 11:30:24] INFO: Collection Module: Received SAVE Event
[2026-01-15 11:30:26] INFO: Collection Module: Received SAVE Event
[2026-01-15 11:30:28] INFO: Collection Module: Received SAVE Event
[2026-01-15 11:30:42] INFO: Collection Module: Received SAVE Event
[2026-01-15 11:30:44] INFO: Collection Module: Received SAVE Event
[2026-01-15 11:30:47] INFO: Collection Module: Received SAVE Event
[2026-01-15 11:33:25] INFO: Manual/IDE Mode detected: Skipping automated password synchronization.
[2026-01-15 11:38:09] INFO: Manual/IDE Mode detected: Skipping automated password synchronization.
[2026-01-15 11:38:36] INFO: Collection Module: Received SAVE Event
[2026-01-15 11:38:40] INFO: Collection Module: Received SAVE Event
[2026-01-15 11:38:42] INFO: Collection Module: Received SAVE Event
[2026-01-15 11:38:44] INFO: Collection Module: Received SAVE Event
[2026-01-15 11:38:46] INFO: Collection Module: Received SAVE Event
[2026-01-15 11:38:50] INFO: Collection Module: Received SAVE Event
[2026-01-15 11:38:53] INFO: Collection Module: Received SAVE Event
[2026-01-15 11:38:54] INFO: Collection Module: Received SAVE Event
[2026-01-15 11:39:02] INFO: Collection Module: Received SAVE Event
[2026-01-15 11:39:04] INFO: Collection Module: Received SAVE Event
[2026-01-15 11:39:06] INFO: Collection Module: Received SAVE Event
[2026-01-15 11:39:07] INFO: Collection Module: Received SAVE Event
[2026-01-15 11:40:24] ERROR: Could not load application.properties. Using hardcoded defaults. | Exception: D:\projects\sahkarROSCA\application.properties (The system cannot find the file specified)
[2026-01-15 11:40:24] DEBUG: Stacktrace: java.base/java.io.FileInputStream.open0(Native Method)
[2026-01-15 11:40:24] INFO: Starting backup for database: society_db
[2026-01-15 11:40:24] ERROR: Backup service critical failure | Exception: Cannot run program "D:\projects\sahkarROSCA\mysql\bin\mysqldump.exe": CreateProcess error=2, The system cannot find the file specified
[2026-01-15 11:40:24] DEBUG: Stacktrace: java.base/java.lang.ProcessBuilder.start(ProcessBuilder.java:1143)
[2026-01-16 21:07:58] INFO: Manual/IDE Mode detected: Skipping automated password synchronization.
[2026-01-16 21:15:58] INFO: Manual/IDE Mode detected: Skipping automated password synchronization.
[2026-01-16 21:27:13] INFO: Manual/IDE Mode detected: Skipping automated password synchronization.
[2026-01-16 21:28:19] INFO: Manual/IDE Mode detected: Skipping automated password synchronization.
[2026-01-16 21:36:26] INFO: Manual/IDE Mode detected: Skipping automated password synchronization.
[2026-01-16 21:37:42] INFO: Manual/IDE Mode detected: Skipping automated password synchronization.
[2026-01-16 21:39:44] INFO: Manual/IDE Mode detected: Skipping automated password synchronization.
[2026-01-16 21:40:19] INFO: Manual/IDE Mode detected: Skipping automated password synchronization.
[2026-01-16 21:41:39] INFO: Manual/IDE Mode detected: Skipping automated password synchronization.
[2026-01-16 21:42:52] INFO: Manual/IDE Mode detected: Skipping automated password synchronization.
[2026-01-16 21:45:10] INFO: Manual/IDE Mode detected: Skipping automated password synchronization.
[2026-01-16 21:49:58] INFO: Manual/IDE Mode detected: Skipping automated password synchronization.
[2026-01-17 08:53:16] INFO: Manual/IDE Mode detected: Skipping automated password synchronization.
[2026-01-17 08:58:24] INFO: Manual/IDE Mode detected: Skipping automated password synchronization.
[2026-01-17 09:24:39] INFO: Manual/IDE Mode detected: Skipping automated password synchronization.
[2026-01-17 09:26:19] INFO: Manual/IDE Mode detected: Skipping automated password synchronization.
[2026-01-17 09:42:04] INFO: Manual/IDE Mode detected: Skipping automated password synchronization.
[2026-01-17 10:24:58] INFO: Manual/IDE Mode detected: Skipping automated password synchronization.
[2026-01-17 10:28:34] INFO: Manual/IDE Mode detected: Skipping automated password synchronization.
[2026-01-17 10:30:37] INFO: Manual/IDE Mode detected: Skipping automated password synchronization.
[2026-01-17 10:34:09] INFO: Manual/IDE Mode detected: Skipping automated password synchronization.
[2026-01-17 11:11:14] INFO: Manual/IDE Mode detected: Skipping automated password synchronization.
[2026-01-17 11:23:26] INFO: Manual/IDE Mode detected: Skipping automated password synchronization.
[2026-01-17 11:26:03] INFO: Manual/IDE Mode detected: Skipping automated password synchronization.
[2026-01-17 11:40:13] INFO: Manual/IDE Mode detected: Skipping automated password synchronization.
[2026-01-17 11:56:29] INFO: Manual/IDE Mode detected: Skipping automated password synchronization.
[2026-01-17 11:59:05] INFO: Manual/IDE Mode detected: Skipping automated password synchronization.
[2026-01-17 12:13:52] INFO: Manual/IDE Mode detected: Skipping automated password synchronization.
[2026-01-17 12:17:39] INFO: Manual/IDE Mode detected: Skipping automated password synchronization.
[2026-01-17 12:21:26] ERROR: Could not load application.properties. Using hardcoded defaults. | Exception: D:\projects\sahkarROSCA\application.properties (The system cannot find the file specified)
[2026-01-17 12:21:26] DEBUG: Stacktrace: java.base/java.io.FileInputStream.open0(Native Method)
[2026-01-17 12:21:26] INFO: Starting backup for database: society_db
[2026-01-17 12:21:26] ERROR: Backup service critical failure | Exception: Cannot run program "D:\projects\sahkarROSCA\mysql\bin\mysqldump.exe": CreateProcess error=2, The system cannot find the file specified
[2026-01-17 12:21:26] DEBUG: Stacktrace: java.base/java.lang.ProcessBuilder.start(ProcessBuilder.java:1143)
[2026-01-17 12:21:32] INFO: Manual/IDE Mode detected: Skipping automated password synchronization.
[2026-01-17 12:39:37] INFO: Manual/IDE Mode detected: Skipping automated password synchronization.
[2026-01-17 12:42:11] INFO: Manual/IDE Mode detected: Skipping automated password synchronization.
[2026-01-17 12:47:57] INFO: Manual/IDE Mode detected: Skipping automated password synchronization.
[2026-01-17 12:49:48] INFO: Manual/IDE Mode detected: Skipping automated password synchronization.
[2026-01-17 12:56:24] INFO: Manual/IDE Mode detected: Skipping automated password synchronization.
[2026-01-19 09:05:06] INFO: Manual/IDE Mode detected: Skipping automated password synchronization.
[2026-01-19 09:30:29] INFO: Manual/IDE Mode detected: Skipping automated password synchronization.
[2026-01-19 09:35:54] INFO: Manual/IDE Mode detected: Skipping automated password synchronization.
[2026-01-19 09:36:12] ERROR: Login Failed! | Exception: Invalid Username or Password!
[2026-01-19 09:36:12] DEBUG: Stacktrace: com.badargadh.sahkar.service.UserService.authenticate(UserService.java:69)
[2026-01-19 09:39:23] INFO: Manual/IDE Mode detected: Skipping automated password synchronization.
[2026-01-19 09:42:20] INFO: Manual/IDE Mode detected: Skipping automated password synchronization.
